ts_utc,gpu_util_pct,gpu_mem_used_mib,gpu_mem_total_mib,gpu_power_w,cpu_util_pct,mem_used_mib,mem_total_mib
2026-07-18T21:50:01Z,0,0,97887,87.99,4.7,2217,181114
2026-07-18T21:50:21Z,0,0,97887,47.65,1.3,2718,181114
2026-07-18T21:50:41Z,0,0,97887,47.49,2.6,3096,181114
2026-07-18T21:51:01Z,0,0,97887,47.40,5.1,2978,181114
2026-07-18T21:51:21Z,0,0,97887,47.37,2.7,3107,181114
2026-07-18T21:51:41Z,0,3,97887,47.29,4.3,5638,181114
2026-07-18T21:52:01Z,0,37117,97887,87.98,3.4,8400,181114
2026-07-18T21:52:21Z,0,37799,97887,101.75,3.4,9044,181114
2026-07-18T21:52:41Z,0,37801,97887,89.60,3.8,9229,181114
2026-07-18T21:53:01Z,9,41925,97887,116.09,2.1,9153,181114
2026-07-18T21:53:21Z,88,41931,97887,150.67,2.2,9020,181114
2026-07-18T21:53:41Z,0,41351,97887,89.95,21.1,41933,181114
2026-07-18T21:54:01Z,0,41351,97887,89.41,33.4,36659,181114
2026-07-18T21:54:21Z,0,41351,97887,89.12,14.3,17788,181114
2026-07-18T21:54:41Z,0,65693,97887,89.94,2.1,17703,181114
2026-07-18T21:55:01Z,0,65693,97887,89.27,2.1,16742,181114
2026-07-18T21:55:21Z,99,89857,97887,420.33,2.5,15781,181114
2026-07-18T21:55:42Z,0,89213,97887,91.04,2.0,13127,181114
2026-07-18T21:56:02Z,0,89213,97887,89.89,1.0,11854,181114
2026-07-18T21:56:22Z,0,89213,97887,89.43,2.1,10890,181114
2026-07-18T21:56:42Z,0,89219,97887,89.21,3.6,11100,181114
2026-07-18T21:57:02Z,99,89223,97887,598.88,2.3,11130,181114
2026-07-18T21:57:22Z,100,89225,97887,543.78,2.9,10971,181114
2026-07-18T21:57:42Z,99,89225,97887,513.11,2.7,10760,181114
2026-07-18T21:58:02Z,100,89225,97887,483.80,2.6,10646,181114
2026-07-18T21:58:22Z,100,89225,97887,411.14,2.7,10586,181114
2026-07-18T21:58:42Z,99,89233,97887,507.60,3.0,10553,181114
2026-07-18T21:59:02Z,100,89233,97887,412.56,2.6,10517,181114
2026-07-18T21:59:22Z,100,89239,97887,413.87,2.8,10532,181114
2026-07-18T21:59:42Z,100,89239,97887,476.05,2.7,10501,181114
2026-07-18T22:00:02Z,100,89245,97887,466.86,2.7,10536,181114
2026-07-18T22:00:22Z,99,89247,97887,605.05,2.8,10552,181114
2026-07-18T22:00:42Z,100,89249,97887,565.39,3.1,10554,181114
2026-07-18T22:01:02Z,100,89253,97887,516.93,2.9,10561,181114
2026-07-18T22:01:22Z,100,89253,97887,581.77,2.9,10560,181114
2026-07-18T22:01:42Z,100,89259,97887,577.04,3.0,10540,181114
2026-07-18T22:02:02Z,98,89259,97887,604.41,2.8,10544,181114
2026-07-18T22:02:22Z,100,89259,97887,534.16,3.0,10572,181114
2026-07-18T22:02:42Z,100,89263,97887,417.67,3.1,10628,181114
2026-07-18T22:03:02Z,99,89267,97887,587.73,3.0,10618,181114
2026-07-18T22:03:22Z,100,89267,97887,602.25,2.9,10612,181114
2026-07-18T22:03:42Z,100,89267,97887,556.63,3.1,10612,181114
2026-07-18T22:04:02Z,100,89271,97887,523.30,2.8,10620,181114
2026-07-18T22:04:22Z,100,89273,97887,600.17,3.0,10691,181114
2026-07-18T22:04:42Z,100,89275,97887,601.11,3.3,10754,181114
2026-07-18T22:05:02Z,100,89277,97887,419.08,2.8,10716,181114
2026-07-18T22:05:22Z,100,89277,97887,420.64,3.1,10671,181114
2026-07-18T22:05:42Z,100,89279,97887,600.43,3.0,10664,181114
2026-07-18T22:06:02Z,100,89281,97887,509.41,3.0,10655,181114
2026-07-18T22:06:22Z,99,89285,97887,596.51,2.9,10649,181114
2026-07-18T22:06:43Z,100,89285,97887,597.87,3.6,10749,181114
2026-07-18T22:07:03Z,99,89287,97887,601.11,2.7,10683,181114
2026-07-18T22:07:23Z,100,89287,97887,417.28,2.9,10652,181114
2026-07-18T22:07:43Z,99,89291,97887,593.39,3.0,10647,181114
2026-07-18T22:08:03Z,100,89291,97887,420.93,2.8,10636,181114
2026-07-18T22:08:23Z,100,89295,97887,583.88,3.0,10616,181114
2026-07-18T22:08:43Z,99,89295,97887,597.94,3.3,10805,181114
2026-07-18T22:09:03Z,99,89303,97887,587.18,3.2,10802,181114
2026-07-18T22:09:23Z,100,89303,97887,560.22,3.1,10792,181114
2026-07-18T22:09:43Z,100,89307,97887,604.51,2.8,10729,181114
2026-07-18T22:10:03Z,100,89307,97887,530.25,3.0,10705,181114
2026-07-18T22:10:23Z,100,89311,97887,600.56,3.1,10716,181114
2026-07-18T22:10:43Z,100,89311,97887,604.05,3.1,10881,181114
2026-07-18T22:11:03Z,100,89315,97887,603.26,3.1,10832,181114
2026-07-18T22:11:23Z,100,89315,97887,510.03,3.1,10843,181114
2026-07-18T22:11:43Z,100,89319,97887,601.12,2.8,10805,181114
2026-07-18T22:12:03Z,100,89319,97887,599.75,2.9,10765,181114
2026-07-18T22:12:23Z,100,89321,97887,431.53,3.5,10855,181114
2026-07-18T22:12:43Z,100,89325,97887,419.82,3.2,11041,181114
2026-07-18T22:13:03Z,100,89327,97887,603.58,3.1,10927,181114
2026-07-18T22:13:23Z,100,89327,97887,419.46,2.9,10870,181114
2026-07-18T22:13:43Z,100,89331,97887,604.81,3.1,10928,181114
2026-07-18T22:14:03Z,100,89331,97887,491.98,3.0,10884,181114
2026-07-18T22:14:23Z,100,89331,97887,478.09,3.0,10875,181114
2026-07-18T22:14:43Z,100,89333,97887,419.45,3.2,11018,181114
2026-07-18T22:15:03Z,100,89335,97887,604.20,2.7,10921,181114
2026-07-18T22:15:23Z,100,89339,97887,418.80,3.0,10906,181114
2026-07-18T22:15:43Z,100,89341,97887,566.23,2.7,10862,181114
2026-07-18T22:16:03Z,100,89341,97887,418.21,2.9,10898,181114
2026-07-18T22:16:23Z,100,89345,97887,599.70,2.9,10951,181114
2026-07-18T22:16:43Z,100,89347,97887,421.63,3.5,11041,181114
2026-07-18T22:17:03Z,100,89347,97887,600.84,2.9,10956,181114
2026-07-18T22:17:23Z,99,89347,97887,599.35,3.2,10970,181114
2026-07-18T22:17:43Z,100,89347,97887,527.57,2.8,10914,181114
2026-07-18T22:18:04Z,100,89349,97887,602.60,2.8,10912,181114
2026-07-18T22:18:24Z,100,89353,97887,421.60,2.9,10917,181114
2026-07-18T22:18:44Z,100,89353,97887,417.07,3.2,11104,181114
2026-07-18T22:19:04Z,100,89353,97887,417.90,2.8,10996,181114
2026-07-18T22:19:24Z,100,89357,97887,582.08,3.1,10978,181114
2026-07-18T22:19:44Z,100,89357,97887,496.76,2.9,10963,181114
2026-07-18T22:20:04Z,100,89357,97887,599.34,2.9,10935,181114
2026-07-18T22:20:24Z,100,89361,97887,479.54,2.7,10926,181114
2026-07-18T22:20:44Z,100,89365,97887,422.79,3.2,10952,181114
2026-07-18T22:21:04Z,100,89367,97887,420.85,3.7,11090,181114
2026-07-18T22:21:24Z,100,89367,97887,421.01,2.8,11045,181114
2026-07-18T22:21:44Z,100,89369,97887,457.44,3.1,11065,181114
2026-07-18T22:22:04Z,100,89373,97887,522.61,3.0,11035,181114
2026-07-18T22:22:24Z,100,89375,97887,419.54,2.6,11042,181114
2026-07-18T22:22:44Z,100,89375,97887,418.64,2.8,11057,181114
2026-07-18T22:23:04Z,100,89375,97887,551.38,3.0,11131,181114
2026-07-18T22:23:24Z,100,89377,97887,421.01,2.8,11123,181114
2026-07-18T22:23:44Z,100,89377,97887,555.05,2.9,11074,181114
2026-07-18T22:24:04Z,100,89381,97887,561.63,2.9,11033,181114
2026-07-18T22:24:24Z,100,89381,97887,417.95,2.9,11054,181114
2026-07-18T22:24:44Z,100,89381,97887,585.81,2.9,11033,181114
2026-07-18T22:25:04Z,100,89381,97887,600.19,3.0,11125,181114
2026-07-18T22:25:24Z,100,89381,97887,599.01,2.9,11086,181114
2026-07-18T22:25:44Z,100,89381,97887,416.48,2.9,11127,181114
2026-07-18T22:26:04Z,100,89383,97887,598.04,2.7,11094,181114
2026-07-18T22:26:24Z,100,89383,97887,600.58,2.9,11106,181114
2026-07-18T22:26:44Z,100,89383,97887,601.67,3.4,11141,181114
2026-07-18T22:27:04Z,100,89383,97887,421.56,3.3,11258,181114
2026-07-18T22:27:24Z,100,89383,97887,420.22,2.6,11209,181114
2026-07-18T22:27:44Z,100,89383,97887,601.39,2.9,11167,181114
2026-07-18T22:28:04Z,100,89383,97887,592.53,2.9,11169,181114
2026-07-18T22:28:24Z,100,89383,97887,419.77,2.9,11183,181114
2026-07-18T22:28:45Z,100,89387,97887,446.60,2.8,11172,181114
2026-07-18T22:29:05Z,100,89387,97887,601.48,3.1,11280,181114
2026-07-18T22:29:25Z,100,89387,97887,472.69,3.0,11240,181114
2026-07-18T22:29:45Z,100,89387,97887,422.15,2.9,11250,181114
2026-07-18T22:30:05Z,100,89387,97887,465.85,2.8,11210,181114
2026-07-18T22:30:25Z,100,89387,97887,521.09,2.7,11207,181114
2026-07-18T22:30:45Z,100,89391,97887,595.29,3.1,11266,181114
2026-07-18T22:31:05Z,100,89391,97887,546.02,3.2,11399,181114
2026-07-18T22:31:25Z,100,89391,97887,419.24,2.8,11317,181114
2026-07-18T22:31:45Z,100,89391,97887,601.15,2.9,11279,181114
2026-07-18T22:32:05Z,100,89391,97887,419.85,2.9,11270,181114
2026-07-18T22:32:25Z,100,89391,97887,510.48,2.6,11330,181114
2026-07-18T22:32:45Z,100,89391,97887,584.60,3.0,11289,181114
2026-07-18T22:33:05Z,100,89391,97887,603.75,3.2,11409,181114
2026-07-18T22:33:25Z,100,89391,97887,600.31,2.9,11340,181114
2026-07-18T22:33:45Z,100,89391,97887,542.55,3.0,11310,181114
2026-07-18T22:34:05Z,100,89391,97887,419.48,2.9,11285,181114
2026-07-18T22:34:25Z,100,89391,97887,537.95,2.7,11282,181114
2026-07-18T22:34:45Z,100,89391,97887,418.62,2.9,11300,181114
2026-07-18T22:35:05Z,99,89391,97887,604.08,3.3,11545,181114
2026-07-18T22:35:25Z,100,89391,97887,577.66,2.7,11440,181114
2026-07-18T22:35:45Z,100,89391,97887,445.81,2.9,11357,181114
2026-07-18T22:36:05Z,100,89391,97887,415.55,2.6,11312,181114
2026-07-18T22:36:25Z,100,89391,97887,574.53,2.9,11323,181114
2026-07-18T22:36:45Z,100,89391,97887,469.29,3.4,11392,181114
2026-07-18T22:37:05Z,100,89391,97887,566.51,3.3,11681,181114
2026-07-18T22:37:25Z,100,89391,97887,500.83,3.1,11592,181114
2026-07-18T22:37:45Z,100,89391,97887,558.14,3.1,11540,181114
2026-07-18T22:38:05Z,100,89391,97887,419.22,2.9,11488,181114
2026-07-18T22:38:25Z,99,89391,97887,585.19,2.8,11441,181114
2026-07-18T22:38:45Z,100,89391,97887,603.33,2.9,11465,181114
2026-07-18T22:39:05Z,100,89391,97887,418.56,3.0,11659,181114
2026-07-18T22:39:25Z,99,89391,97887,424.03,2.6,11620,181114
2026-07-18T22:39:46Z,100,89391,97887,603.11,2.9,11591,181114
2026-07-18T22:40:06Z,99,89391,97887,484.82,2.9,11558,181114
2026-07-18T22:40:26Z,100,89391,97887,417.27,2.6,11529,181114
2026-07-18T22:40:46Z,99,89391,97887,599.34,3.0,11501,181114
2026-07-18T22:41:06Z,100,89391,97887,599.21,3.1,11720,181114
2026-07-18T22:41:26Z,100,89391,97887,461.90,2.8,11670,181114
2026-07-18T22:41:46Z,100,89391,97887,418.80,3.0,11606,181114
2026-07-18T22:42:06Z,100,89391,97887,418.41,3.0,11566,181114
2026-07-18T22:42:26Z,100,89391,97887,602.82,3.0,11571,181114
2026-07-18T22:42:46Z,100,89391,97887,419.21,3.0,11553,181114
2026-07-18T22:43:06Z,100,89391,97887,418.78,3.1,11807,181114
2026-07-18T22:43:26Z,100,89391,97887,604.03,2.6,11731,181114
2026-07-18T22:43:46Z,100,89391,97887,598.80,3.1,11616,181114
2026-07-18T22:44:06Z,100,89391,97887,600.92,2.9,11549,181114
2026-07-18T22:44:26Z,100,89391,97887,561.26,2.7,11542,181114
2026-07-18T22:44:46Z,100,89391,97887,418.74,2.8,11548,181114
2026-07-18T22:45:06Z,100,89391,97887,413.97,3.2,11786,181114
2026-07-18T22:45:26Z,100,89391,97887,554.19,3.0,11730,181114
2026-07-18T22:45:46Z,100,89393,97887,419.09,2.9,11669,181114
2026-07-18T22:46:06Z,100,89393,97887,599.48,2.7,11641,181114
2026-07-18T22:46:26Z,100,89393,97887,461.41,2.8,11611,181114
2026-07-18T22:46:46Z,100,89393,97887,547.49,3.1,11679,181114
2026-07-18T22:47:06Z,99,89393,97887,436.59,3.1,11866,181114
2026-07-18T22:47:26Z,100,89393,97887,603.72,3.1,11783,181114
2026-07-18T22:47:46Z,100,89393,97887,601.10,3.0,11691,181114
2026-07-18T22:48:06Z,100,89393,97887,600.10,3.1,11681,181114
2026-07-18T22:48:26Z,100,89393,97887,420.01,2.9,11678,181114
2026-07-18T22:48:46Z,100,89393,97887,600.02,2.8,11718,181114
2026-07-18T22:49:06Z,99,89393,97887,602.27,3.0,11952,181114
2026-07-18T22:49:26Z,100,89393,97887,418.70,2.7,11897,181114
2026-07-18T22:49:46Z,100,89393,97887,418.03,3.0,11853,181114
2026-07-18T22:50:06Z,100,89393,97887,415.33,2.8,11818,181114
2026-07-18T22:50:26Z,100,89393,97887,416.51,3.0,11856,181114
2026-07-18T22:50:47Z,100,89393,97887,536.46,3.1,11813,181114
2026-07-18T22:51:07Z,100,89393,97887,602.96,3.3,12039,181114
2026-07-18T22:51:27Z,99,89393,97887,600.60,2.6,11894,181114
2026-07-18T22:51:47Z,100,89393,97887,539.78,3.0,11843,181114
2026-07-18T22:52:07Z,100,89393,97887,414.07,2.6,11812,181114
2026-07-18T22:52:27Z,100,89393,97887,413.90,2.8,11789,181114
2026-07-18T22:52:47Z,100,89393,97887,417.98,3.0,11799,181114
2026-07-18T22:53:07Z,100,89393,97887,600.14,3.4,12101,181114
2026-07-18T22:53:27Z,100,89393,97887,600.18,2.8,11965,181114
2026-07-18T22:53:47Z,100,89393,97887,415.32,2.6,11871,181114
2026-07-18T22:54:07Z,100,89393,97887,416.45,2.8,11817,181114
2026-07-18T22:54:27Z,99,89393,97887,597.82,2.7,11833,181114
2026-07-18T22:54:47Z,100,89393,97887,530.65,2.7,11790,181114
2026-07-18T22:55:07Z,100,89393,97887,519.27,3.2,12140,181114
2026-07-18T22:55:27Z,100,89393,97887,479.96,2.7,12029,181114
2026-07-18T22:55:47Z,100,89393,97887,418.32,2.8,11987,181114
2026-07-18T22:56:07Z,100,89393,97887,597.73,3.1,11943,181114
2026-07-18T22:56:27Z,100,89393,97887,503.17,2.8,11878,181114
2026-07-18T22:56:47Z,100,89393,97887,603.89,3.4,11843,181114
2026-07-18T22:57:07Z,100,89393,97887,597.35,3.2,12254,181114
2026-07-18T22:57:27Z,100,89393,97887,463.36,3.0,12030,181114
2026-07-18T22:57:47Z,100,89393,97887,536.82,2.9,11995,181114
2026-07-18T22:58:07Z,100,89393,97887,476.42,3.1,11927,181114
2026-07-18T22:58:27Z,100,89393,97887,544.61,3.2,11897,181114
2026-07-18T22:58:47Z,100,89393,97887,418.96,2.7,11872,181114
2026-07-18T22:59:07Z,100,89393,97887,417.39,2.9,11870,181114
2026-07-18T22:59:27Z,100,89393,97887,489.73,2.9,12009,181114
2026-07-18T22:59:47Z,100,89393,97887,599.83,2.9,12012,181114
2026-07-18T23:00:07Z,100,89393,97887,413.51,2.6,11904,181114
2026-07-18T23:00:27Z,100,89393,97887,598.57,3.3,11915,181114
2026-07-18T23:00:47Z,100,89393,97887,599.69,2.7,11910,181114
2026-07-18T23:01:07Z,100,89393,97887,417.78,3.1,11888,181114
2026-07-18T23:01:27Z,100,89393,97887,418.29,3.3,12105,181114
2026-07-18T23:01:47Z,100,89393,97887,598.31,3.1,12070,181114
2026-07-18T23:02:08Z,100,89393,97887,416.73,2.8,11946,181114
2026-07-18T23:02:28Z,100,89393,97887,538.30,2.9,11963,181114
2026-07-18T23:02:48Z,100,89393,97887,603.56,2.8,11959,181114
2026-07-18T23:03:08Z,99,89393,97887,596.07,2.6,11976,181114
2026-07-18T23:03:28Z,100,89393,97887,416.23,3.3,12177,181114
2026-07-18T23:03:48Z,100,89393,97887,452.86,2.9,12055,181114
2026-07-18T23:04:08Z,100,89393,97887,417.29,3.0,12018,181114
2026-07-18T23:04:28Z,100,89393,97887,415.63,2.8,11994,181114
2026-07-18T23:04:48Z,100,89393,97887,604.40,2.7,11974,181114
2026-07-18T23:05:08Z,100,89393,97887,468.72,3.0,11979,181114
2026-07-18T23:05:28Z,100,89393,97887,571.71,3.3,12252,181114
2026-07-18T23:05:48Z,100,89393,97887,416.44,2.7,12177,181114
2026-07-18T23:06:08Z,100,89393,97887,418.42,3.3,12172,181114
2026-07-18T23:06:28Z,100,89393,97887,412.20,3.2,12084,181114
2026-07-18T23:06:48Z,100,89393,97887,415.41,4.0,12081,181114
2026-07-18T23:07:08Z,100,89393,97887,414.81,2.9,12104,181114
2026-07-18T23:07:28Z,100,89393,97887,469.19,3.3,12329,181114
2026-07-18T23:07:48Z,100,89393,97887,415.20,2.7,12238,181114
2026-07-18T23:08:08Z,99,89393,97887,590.47,2.9,12176,181114
2026-07-18T23:08:28Z,100,89393,97887,599.49,3.1,12180,181114
2026-07-18T23:08:48Z,100,89393,97887,418.15,3.4,12195,181114
2026-07-18T23:09:08Z,100,89393,97887,601.19,2.9,12192,181114
2026-07-18T23:09:28Z,100,89393,97887,418.52,3.4,12356,181114
2026-07-18T23:09:48Z,100,89393,97887,417.99,2.7,12296,181114
2026-07-18T23:10:08Z,100,89393,97887,560.42,3.3,12229,181114
2026-07-18T23:10:28Z,100,89393,97887,419.70,2.7,12188,181114
2026-07-18T23:10:48Z,100,89393,97887,482.25,2.8,12196,181114
2026-07-18T23:11:08Z,100,89393,97887,416.44,2.5,12166,181114
2026-07-18T23:11:28Z,100,89393,97887,600.15,3.2,12365,181114
2026-07-18T23:11:48Z,100,89393,97887,483.43,3.1,12229,181114
2026-07-18T23:12:08Z,99,89395,97887,600.32,3.1,12176,181114
2026-07-18T23:12:28Z,100,89395,97887,599.66,3.0,12206,181114
2026-07-18T23:12:49Z,100,89395,97887,413.52,2.4,12196,181114
2026-07-18T23:13:09Z,100,89395,97887,605.65,3.5,12370,181114
2026-07-18T23:13:29Z,100,89395,97887,522.05,3.6,12449,181114
2026-07-18T23:13:49Z,100,89395,97887,518.66,2.7,12335,181114
2026-07-18T23:14:09Z,100,89395,97887,602.84,2.8,12252,181114
2026-07-18T23:14:29Z,100,89395,97887,416.73,2.5,12232,181114
2026-07-18T23:14:49Z,100,89395,97887,600.64,3.1,12225,181114
2026-07-18T23:15:09Z,100,89395,97887,416.33,2.6,12260,181114
2026-07-18T23:15:29Z,100,89395,97887,439.44,3.3,12561,181114
2026-07-18T23:15:49Z,100,89395,97887,417.96,2.8,12408,181114
2026-07-18T23:16:09Z,100,89395,97887,514.60,3.4,12347,181114
2026-07-18T23:16:29Z,100,89395,97887,417.41,2.4,12297,181114
2026-07-18T23:16:49Z,100,89395,97887,418.93,3.0,12302,181114
2026-07-18T23:17:09Z,100,89395,97887,602.30,3.1,12291,181114
2026-07-18T23:17:29Z,100,89395,97887,419.26,3.4,12635,181114
2026-07-18T23:17:49Z,100,89395,97887,418.79,2.9,12433,181114
2026-07-18T23:18:09Z,100,89395,97887,485.97,2.8,12419,181114
2026-07-18T23:18:29Z,100,89395,97887,598.68,3.1,12425,181114
2026-07-18T23:18:49Z,100,89395,97887,418.15,2.6,12377,181114
2026-07-18T23:19:09Z,100,89395,97887,517.50,3.1,12377,181114
2026-07-18T23:19:29Z,100,89395,97887,471.86,3.2,12656,181114
2026-07-18T23:19:49Z,100,89395,97887,468.57,3.4,12612,181114
2026-07-18T23:20:09Z,100,89395,97887,417.69,2.8,12508,181114
2026-07-18T23:20:29Z,100,89395,97887,600.75,3.1,12465,181114
2026-07-18T23:20:49Z,100,89395,97887,416.03,3.3,12423,181114
2026-07-18T23:21:09Z,99,89395,97887,588.53,3.0,12375,181114
2026-07-18T23:21:29Z,100,89395,97887,419.05,3.3,12696,181114
2026-07-18T23:21:49Z,100,89395,97887,600.95,2.8,12517,181114
2026-07-18T23:22:09Z,100,89395,97887,420.58,2.9,12451,181114
2026-07-18T23:22:29Z,100,89395,97887,420.26,3.2,12384,181114
2026-07-18T23:22:49Z,100,89395,97887,480.96,2.7,12362,181114
2026-07-18T23:23:09Z,100,89395,97887,529.10,2.8,12382,181114
2026-07-18T23:23:29Z,100,89395,97887,602.30,3.1,12685,181114
2026-07-18T23:23:50Z,100,89395,97887,600.08,3.2,12520,181114
2026-07-18T23:24:10Z,100,89395,97887,415.47,3.2,12417,181114
2026-07-18T23:24:30Z,100,89395,97887,419.94,3.0,12378,181114
2026-07-18T23:24:50Z,100,89395,97887,599.99,2.7,12402,181114
2026-07-18T23:25:10Z,100,89395,97887,602.48,3.2,12370,181114
2026-07-18T23:25:30Z,100,89395,97887,603.04,3.5,12742,181114
2026-07-18T23:25:50Z,99,89395,97887,422.23,2.8,12592,181114
2026-07-18T23:26:10Z,100,89395,97887,415.66,2.7,12445,181114
2026-07-18T23:26:30Z,100,89395,97887,602.40,3.2,12438,181114
2026-07-18T23:26:50Z,100,89395,97887,493.24,3.1,12442,181114
2026-07-18T23:27:10Z,100,89395,97887,414.92,3.2,12463,181114
2026-07-18T23:27:30Z,100,89395,97887,552.69,3.2,12738,181114
2026-07-18T23:27:50Z,100,89395,97887,601.22,3.0,12572,181114
2026-07-18T23:28:10Z,100,89395,97887,602.88,2.9,12487,181114
2026-07-18T23:28:30Z,100,89395,97887,416.67,2.7,12478,181114
2026-07-18T23:28:50Z,100,89395,97887,599.98,3.4,12515,181114
2026-07-18T23:29:10Z,100,89395,97887,417.18,2.7,12474,181114
2026-07-18T23:29:30Z,100,89395,97887,531.28,3.2,12755,181114
2026-07-18T23:29:50Z,100,89395,97887,598.97,3.2,12560,181114
2026-07-18T23:30:10Z,100,89395,97887,598.80,2.8,12470,181114
2026-07-18T23:30:30Z,100,89395,97887,419.23,3.6,12521,181114
2026-07-18T23:30:50Z,100,89395,97887,418.48,2.8,12496,181114
2026-07-18T23:31:10Z,100,89395,97887,414.77,2.4,12539,181114
2026-07-18T23:31:30Z,100,89395,97887,600.67,3.9,12925,181114
2026-07-18T23:31:50Z,100,89395,97887,419.27,2.8,12690,181114
2026-07-18T23:32:10Z,100,89395,97887,419.76,2.8,12565,181114
2026-07-18T23:32:30Z,100,89395,97887,418.59,3.2,12520,181114
2026-07-18T23:32:50Z,100,89395,97887,411.72,2.4,12529,181114
2026-07-18T23:33:10Z,100,89395,97887,597.95,3.5,12571,181114
2026-07-18T23:33:30Z,100,89395,97887,600.96,3.4,13513,181114
2026-07-18T23:33:50Z,100,89395,97887,527.49,2.9,12844,181114
2026-07-18T23:34:10Z,100,89395,97887,600.36,2.9,12645,181114
2026-07-18T23:34:30Z,100,89395,97887,554.68,3.0,12586,181114
2026-07-18T23:34:50Z,100,89395,97887,418.04,2.7,12555,181114
2026-07-18T23:35:11Z,100,89395,97887,419.57,2.9,12572,181114
2026-07-18T23:35:31Z,100,89395,97887,510.27,2.8,12651,181114
2026-07-18T23:35:51Z,100,89395,97887,598.92,3.7,12721,181114
2026-07-18T23:36:11Z,100,89395,97887,453.69,3.0,12589,181114
2026-07-18T23:36:31Z,100,89395,97887,417.89,3.2,12608,181114
2026-07-18T23:36:51Z,100,89395,97887,418.75,3.0,12653,181114
2026-07-18T23:37:11Z,100,89395,97887,417.89,3.0,12639,181114
2026-07-18T23:37:31Z,100,89395,97887,419.86,3.2,12660,181114
2026-07-18T23:37:51Z,100,89395,97887,420.10,3.7,12947,181114
2026-07-18T23:38:11Z,99,89395,97887,430.61,2.9,12714,181114
2026-07-18T23:38:31Z,100,89395,97887,417.51,3.6,12673,181114
2026-07-18T23:38:51Z,100,89395,97887,447.67,3.4,12664,181114
2026-07-18T23:39:11Z,100,89395,97887,600.83,3.0,12639,181114
2026-07-18T23:39:31Z,100,89395,97887,600.22,3.3,12712,181114
2026-07-18T23:39:51Z,100,89395,97887,437.97,3.3,12889,181114
2026-07-18T23:40:11Z,100,89395,97887,418.89,2.5,12714,181114
2026-07-18T23:40:31Z,100,89395,97887,438.71,3.3,12735,181114
2026-07-18T23:40:51Z,100,89395,97887,503.12,2.9,12684,181114
2026-07-18T23:41:11Z,100,89395,97887,598.58,3.0,12721,181114
2026-07-18T23:41:31Z,100,89395,97887,535.27,3.0,12704,181114
2026-07-18T23:41:51Z,99,89395,97887,606.57,3.2,13021,181114
2026-07-18T23:42:11Z,100,89395,97887,479.87,3.2,12789,181114
2026-07-18T23:42:31Z,100,89395,97887,453.59,3.4,12753,181114
2026-07-18T23:42:51Z,100,89395,97887,458.55,3.0,12744,181114
2026-07-18T23:43:11Z,100,89395,97887,526.08,2.8,12736,181114
2026-07-18T23:43:31Z,100,89395,97887,426.13,2.9,12756,181114
2026-07-18T23:43:51Z,100,89395,97887,413.08,3.4,13018,181114
2026-07-18T23:44:11Z,100,89395,97887,600.41,3.3,12818,181114
2026-07-18T23:44:31Z,100,89395,97887,420.33,3.1,12743,181114
2026-07-18T23:44:51Z,100,89395,97887,415.14,2.8,12756,181114
2026-07-18T23:45:11Z,99,89395,97887,438.64,2.7,12744,181114
2026-07-18T23:45:31Z,100,89395,97887,600.03,4.2,12854,181114
2026-07-18T23:45:52Z,100,89395,97887,508.96,3.3,13085,181114
2026-07-18T23:46:12Z,100,89395,97887,416.49,2.7,12870,181114
2026-07-18T23:46:32Z,100,89395,97887,486.74,4.1,12849,181114
2026-07-18T23:46:52Z,100,89395,97887,431.35,3.1,12842,181114
2026-07-18T23:47:12Z,100,89395,97887,605.18,3.3,12837,181114
2026-07-18T23:47:32Z,100,89395,97887,599.71,4.2,12915,181114
2026-07-18T23:47:52Z,100,89395,97887,419.44,3.2,13287,181114
2026-07-18T23:48:12Z,100,89395,97887,509.46,3.0,12977,181114
2026-07-18T23:48:32Z,100,89395,97887,597.19,2.6,12999,181114
2026-07-18T23:48:52Z,100,89395,97887,420.98,3.3,12941,181114
2026-07-18T23:49:12Z,100,89395,97887,421.67,3.0,12913,181114
2026-07-18T23:49:32Z,100,89395,97887,418.10,2.6,12910,181114
2026-07-18T23:49:52Z,100,89395,97887,418.61,3.6,13293,181114
2026-07-18T23:50:12Z,100,89395,97887,414.37,3.1,12965,181114
2026-07-18T23:50:32Z,100,89395,97887,416.80,2.7,12908,181114
2026-07-18T23:50:52Z,100,89395,97887,417.32,3.0,12900,181114
2026-07-18T23:51:12Z,100,89395,97887,416.47,3.2,12934,181114
2026-07-18T23:51:32Z,100,89395,97887,415.11,2.7,12909,181114
2026-07-18T23:51:52Z,100,89395,97887,414.47,3.3,13152,181114
2026-07-18T23:52:12Z,100,89395,97887,465.66,2.9,13011,181114
2026-07-18T23:52:32Z,100,89395,97887,411.79,3.8,12981,181114
2026-07-18T23:52:52Z,100,89395,97887,418.09,3.2,12974,181114
2026-07-18T23:53:12Z,100,89395,97887,598.66,3.6,13017,181114
2026-07-18T23:53:32Z,100,89395,97887,413.06,2.9,12978,181114
2026-07-18T23:53:52Z,100,89395,97887,416.51,3.4,13321,181114
2026-07-18T23:54:12Z,100,89395,97887,497.37,3.0,13120,181114
2026-07-18T23:54:32Z,99,89395,97887,600.17,3.1,13025,181114
2026-07-18T23:54:52Z,100,89395,97887,417.94,3.0,13026,181114
2026-07-18T23:55:12Z,100,89395,97887,600.72,3.3,12978,181114
2026-07-18T23:55:32Z,98,89395,97887,598.31,3.6,13016,181114
2026-07-18T23:55:52Z,100,89395,97887,420.80,4.1,13397,181114
2026-07-18T23:56:12Z,100,89395,97887,418.25,2.9,13151,181114
2026-07-18T23:56:33Z,100,89395,97887,599.99,3.2,13054,181114
2026-07-18T23:56:53Z,100,89395,97887,419.83,2.9,13050,181114
2026-07-18T23:57:13Z,100,89395,97887,599.74,3.8,13074,181114
2026-07-18T23:57:33Z,100,89395,97887,437.71,3.7,13069,181114
2026-07-18T23:57:53Z,100,89395,97887,439.15,3.4,13394,181114
2026-07-18T23:58:13Z,100,89395,97887,497.07,3.1,13173,181114
2026-07-18T23:58:33Z,100,89395,97887,449.43,3.3,13073,181114
2026-07-18T23:58:53Z,100,89395,97887,419.20,3.0,13059,181114
2026-07-18T23:59:13Z,100,89395,97887,602.14,3.1,13055,181114
2026-07-18T23:59:33Z,100,89395,97887,500.42,3.1,13086,181114
2026-07-18T23:59:53Z,100,89395,97887,420.31,3.7,13559,181114
2026-07-19T00:00:13Z,100,89395,97887,588.43,3.3,13302,181114
2026-07-19T00:00:33Z,100,89395,97887,575.04,3.0,13146,181114
2026-07-19T00:00:53Z,100,89395,97887,541.43,3.3,13147,181114
2026-07-19T00:01:13Z,100,89395,97887,604.15,3.2,13115,181114
2026-07-19T00:01:33Z,99,89395,97887,586.97,2.7,13108,181114
2026-07-19T00:01:53Z,100,89395,97887,523.34,4.1,13607,181114
2026-07-19T00:02:13Z,100,89395,97887,529.92,3.1,13318,181114
2026-07-19T00:02:33Z,99,89395,97887,600.85,3.0,13172,181114
2026-07-19T00:02:53Z,100,89395,97887,605.73,3.3,13129,181114
2026-07-19T00:03:13Z,100,89395,97887,597.24,3.0,13146,181114
2026-07-19T00:03:33Z,100,89395,97887,600.24,3.6,13206,181114
2026-07-19T00:03:53Z,100,89395,97887,601.54,3.3,13695,181114
2026-07-19T00:04:13Z,100,89395,97887,510.87,3.4,13367,181114
2026-07-19T00:04:33Z,100,89395,97887,601.98,3.2,13264,181114
2026-07-19T00:04:53Z,100,89395,97887,411.70,3.6,13564,181114
2026-07-19T00:05:13Z,100,89395,97887,413.03,3.6,13467,181114
2026-07-19T00:05:33Z,100,89395,97887,415.87,3.5,13278,181114
2026-07-19T00:05:53Z,100,89395,97887,600.70,4.1,13716,181114
2026-07-19T00:06:13Z,100,89395,97887,472.99,3.5,13558,181114
2026-07-19T00:06:33Z,100,89395,97887,417.98,3.3,13347,181114
2026-07-19T00:06:53Z,100,89395,97887,419.06,3.4,13271,181114
2026-07-19T00:07:13Z,100,89395,97887,467.24,3.2,13249,181114
2026-07-19T00:07:33Z,99,89395,97887,436.53,3.1,13237,181114
2026-07-19T00:07:54Z,100,89395,97887,417.46,4.0,13854,181114
2026-07-19T00:08:14Z,100,89395,97887,596.40,3.1,13513,181114
2026-07-19T00:08:34Z,99,89395,97887,344.58,3.6,13408,181114
2026-07-19T00:08:54Z,40,3,97887,100.23,2.7,5816,181114
2026-07-19T00:09:14Z,0,0,97887,51.69,0.7,4542,181114
2026-07-19T00:09:34Z,0,0,97887,49.85,0.0,4297,181114
2026-07-19T00:09:54Z,0,0,97887,48.71,0.2,4383,181114
2026-07-19T00:10:14Z,0,0,97887,48.15,0.0,4285,181114
2026-07-19T00:10:34Z,0,0,97887,47.90,0.0,4280,181114
2026-07-19T00:10:54Z,0,0,97887,47.66,0.1,4263,181114
2026-07-19T00:11:14Z,0,0,97887,47.66,0.0,4264,181114
2026-07-19T00:11:34Z,0,0,97887,47.62,0.0,4265,181114
2026-07-19T00:11:54Z,0,0,97887,47.48,0.1,4297,181114
2026-07-19T00:12:14Z,0,0,97887,47.37,0.1,4311,181114
2026-07-19T00:12:34Z,0,0,97887,47.29,0.0,4288,181114
2026-07-19T00:12:54Z,0,0,97887,47.27,0.1,4329,181114
2026-07-19T00:13:14Z,0,0,97887,47.22,0.0,4304,181114
2026-07-19T00:13:34Z,0,0,97887,47.22,0.0,4298,181114
2026-07-19T00:13:54Z,0,0,97887,47.21,0.1,4293,181114
2026-07-19T00:14:14Z,0,0,97887,47.17,0.1,4305,181114
2026-07-19T00:14:34Z,0,0,97887,47.22,0.0,4299,181114
2026-07-19T00:14:54Z,0,0,97887,47.19,0.1,4281,181114
2026-07-19T00:15:14Z,0,0,97887,47.20,0.0,4285,181114
2026-07-19T00:15:34Z,0,0,97887,47.20,0.0,4292,181114
2026-07-19T00:15:54Z,0,0,97887,47.22,0.1,4296,181114
2026-07-19T00:16:14Z,0,0,97887,47.20,0.1,4313,181114
2026-07-19T00:16:34Z,0,0,97887,47.18,0.0,4302,181114
2026-07-19T00:16:54Z,0,0,97887,47.19,0.1,4369,181114
2026-07-19T00:17:14Z,0,0,97887,47.21,0.0,4283,181114
2026-07-19T00:17:34Z,0,0,97887,47.18,0.0,4291,181114
2026-07-19T00:17:54Z,0,0,97887,47.19,0.1,4312,181114
2026-07-19T00:18:14Z,0,0,97887,47.18,0.1,4282,181114
2026-07-19T00:18:35Z,0,0,97887,47.19,0.0,4293,181114
2026-07-19T00:18:55Z,0,0,97887,47.19,0.0,4375,181114
2026-07-19T00:19:15Z,0,0,97887,47.19,0.1,4318,181114
2026-07-19T00:19:35Z,0,0,97887,47.21,0.0,4307,181114
2026-07-19T00:19:55Z,0,0,97887,47.17,0.0,4294,181114
2026-07-19T00:20:15Z,0,0,97887,47.17,0.2,4274,181114
2026-07-19T00:20:35Z,0,0,97887,47.18,0.0,4251,181114
2026-07-19T00:20:55Z,0,0,97887,47.17,0.0,4253,181114
2026-07-19T00:21:15Z,0,0,97887,47.19,0.1,4269,181114
2026-07-19T00:21:35Z,0,0,97887,47.21,0.0,4258,181114
2026-07-19T00:21:55Z,0,0,97887,47.17,0.0,4266,181114
2026-07-19T00:22:15Z,0,0,97887,47.19,0.2,4302,181114
2026-07-19T00:22:35Z,0,0,97887,47.19,0.0,4292,181114
2026-07-19T00:22:55Z,0,0,97887,47.19,0.0,4283,181114
2026-07-19T00:23:15Z,0,0,97887,47.18,0.1,4266,181114
2026-07-19T00:23:35Z,0,0,97887,47.17,0.0,4267,181114
2026-07-19T00:23:55Z,0,0,97887,47.18,0.0,4276,181114
2026-07-19T00:24:15Z,0,0,97887,47.17,0.2,4298,181114
2026-07-19T00:24:35Z,0,0,97887,47.17,0.0,4290,181114
2026-07-19T00:24:55Z,0,0,97887,47.18,0.0,4299,181114
2026-07-19T00:25:15Z,0,0,97887,47.17,0.1,4283,181114
2026-07-19T00:25:35Z,0,0,97887,47.18,0.0,4274,181114
2026-07-19T00:25:55Z,0,0,97887,47.18,0.0,4274,181114
2026-07-19T00:26:15Z,0,0,97887,47.20,0.2,4281,181114
2026-07-19T00:26:35Z,0,0,97887,47.19,0.0,4276,181114
2026-07-19T00:26:55Z,0,0,97887,47.19,0.0,4274,181114
2026-07-19T00:27:15Z,0,0,97887,47.18,0.1,4275,181114
2026-07-19T00:27:35Z,0,0,97887,47.20,0.0,4273,181114
2026-07-19T00:27:55Z,0,0,97887,47.18,0.0,4276,181114
2026-07-19T00:28:15Z,0,0,97887,47.17,0.2,4298,181114
2026-07-19T00:28:35Z,0,0,97887,47.19,0.0,4281,181114
2026-07-19T00:28:55Z,0,0,97887,47.17,0.0,4282,181114
2026-07-19T00:29:15Z,0,0,97887,47.19,0.1,4285,181114
2026-07-19T00:29:35Z,0,0,97887,47.18,0.0,4276,181114
2026-07-19T00:29:55Z,0,0,97887,47.17,0.0,4283,181114
2026-07-19T00:30:16Z,0,0,97887,47.17,0.2,4302,181114
2026-07-19T00:30:36Z,0,0,97887,47.18,0.0,4282,181114
2026-07-19T00:30:56Z,0,0,97887,47.18,0.0,4278,181114
2026-07-19T00:31:16Z,0,0,97887,47.17,0.1,4305,181114
2026-07-19T00:31:36Z,0,0,97887,47.17,0.0,4304,181114
2026-07-19T00:31:56Z,0,0,97887,47.18,0.0,4286,181114
2026-07-19T00:32:16Z,0,0,97887,47.17,0.2,4293,181114
2026-07-19T00:32:36Z,0,0,97887,47.20,0.0,4288,181114
2026-07-19T00:32:56Z,0,0,97887,47.19,0.0,4286,181114
2026-07-19T00:33:16Z,0,0,97887,47.19,0.1,4273,181114
2026-07-19T00:33:36Z,0,0,97887,47.17,0.0,4283,181114
2026-07-19T00:33:56Z,0,0,97887,47.17,0.0,4276,181114
2026-07-19T00:34:16Z,0,0,97887,47.19,0.2,4301,181114
2026-07-19T00:34:36Z,0,0,97887,47.19,0.0,4272,181114
2026-07-19T00:34:56Z,0,0,97887,47.17,0.0,4284,181114
2026-07-19T00:35:16Z,0,0,97887,47.19,0.1,4291,181114
2026-07-19T00:35:36Z,0,0,97887,47.20,0.0,4285,181114
2026-07-19T00:35:56Z,0,0,97887,47.17,0.0,4278,181114
2026-07-19T00:36:16Z,0,0,97887,47.17,0.2,4292,181114
2026-07-19T00:36:36Z,0,0,97887,47.19,0.0,4288,181114
2026-07-19T00:36:56Z,0,0,97887,47.19,0.0,4287,181114
2026-07-19T00:37:16Z,0,0,97887,47.19,0.1,4284,181114
2026-07-19T00:37:36Z,0,0,97887,47.21,0.0,4283,181114
2026-07-19T00:37:56Z,0,0,97887,47.18,0.0,4282,181114
2026-07-19T00:38:16Z,0,0,97887,47.17,0.2,4315,181114
2026-07-19T00:38:36Z,0,0,97887,47.18,0.0,4297,181114
2026-07-19T00:38:56Z,0,0,97887,47.20,0.0,4285,181114
2026-07-19T00:39:16Z,0,0,97887,47.21,0.1,4305,181114
2026-07-19T00:39:36Z,0,0,97887,47.22,0.0,4284,181114
2026-07-19T00:39:56Z,0,0,97887,47.17,0.0,4295,181114
2026-07-19T00:40:16Z,0,0,97887,47.18,0.2,4304,181114
2026-07-19T00:40:36Z,0,0,97887,47.19,0.0,4283,181114
2026-07-19T00:40:56Z,0,0,97887,47.18,0.0,4286,181114
2026-07-19T00:41:16Z,0,0,97887,47.18,0.1,4298,181114
2026-07-19T00:41:36Z,0,0,97887,47.18,0.0,4281,181114
2026-07-19T00:41:57Z,0,0,97887,47.20,0.0,4286,181114
2026-07-19T00:42:17Z,0,0,97887,47.18,0.2,4279,181114
2026-07-19T00:42:37Z,0,0,97887,47.18,0.0,4257,181114
2026-07-19T00:42:57Z,0,0,97887,47.18,0.0,4262,181114
2026-07-19T00:43:17Z,0,0,97887,47.17,0.1,4281,181114
2026-07-19T00:43:37Z,0,0,97887,47.20,0.0,4263,181114
2026-07-19T00:43:57Z,0,0,97887,47.18,0.0,4267,181114
2026-07-19T00:44:17Z,0,0,97887,47.17,0.2,4324,181114
2026-07-19T00:44:37Z,0,0,97887,47.20,0.0,4286,181114
2026-07-19T00:44:57Z,0,0,97887,47.18,0.0,4291,181114
2026-07-19T00:45:17Z,0,0,97887,47.18,0.1,4309,181114
2026-07-19T00:45:37Z,0,0,97887,47.18,0.0,4294,181114
2026-07-19T00:45:57Z,0,0,97887,47.19,0.0,4297,181114
2026-07-19T00:46:17Z,0,0,97887,47.19,0.2,4398,181114
2026-07-19T00:46:37Z,0,0,97887,47.19,0.0,4298,181114
2026-07-19T00:46:57Z,0,0,97887,47.17,0.0,4305,181114
2026-07-19T00:47:17Z,0,0,97887,47.18,0.1,4303,181114
2026-07-19T00:47:37Z,0,0,97887,47.19,0.1,4287,181114
2026-07-19T00:47:57Z,0,0,97887,47.21,0.0,4287,181114
2026-07-19T00:48:17Z,0,0,97887,47.21,0.1,4395,181114
2026-07-19T00:48:37Z,0,0,97887,47.21,0.1,4306,181114
2026-07-19T00:48:57Z,0,0,97887,47.18,0.0,4298,181114
2026-07-19T00:49:17Z,0,0,97887,47.18,0.0,4298,181114
2026-07-19T00:49:37Z,0,0,97887,47.19,0.1,4287,181114
2026-07-19T00:49:57Z,0,0,97887,47.18,0.0,4284,181114
2026-07-19T00:50:17Z,0,0,97887,47.19,0.1,4298,181114
2026-07-19T00:50:37Z,0,0,97887,47.18,0.1,4295,181114
2026-07-19T00:50:57Z,0,0,97887,47.18,0.0,4290,181114
2026-07-19T00:51:17Z,0,0,97887,47.17,0.0,4295,181114
2026-07-19T00:51:37Z,0,0,97887,47.19,0.1,4301,181114
2026-07-19T00:51:57Z,0,0,97887,47.18,0.0,4276,181114
2026-07-19T00:52:17Z,0,0,97887,47.17,0.1,4315,181114
2026-07-19T00:52:37Z,0,0,97887,47.19,0.1,4306,181114
2026-07-19T00:52:57Z,0,0,97887,47.17,0.0,4282,181114
2026-07-19T00:53:17Z,0,0,97887,47.19,0.0,4283,181114
2026-07-19T00:53:38Z,0,0,97887,47.18,0.1,4295,181114
2026-07-19T00:53:58Z,0,0,97887,47.17,0.0,4278,181114
2026-07-19T00:54:18Z,0,0,97887,47.18,0.1,4296,181114
2026-07-19T00:54:38Z,0,0,97887,47.18,0.1,4265,181114
2026-07-19T00:54:58Z,0,0,97887,47.18,0.0,4274,181114
2026-07-19T00:55:18Z,0,0,97887,47.18,0.0,4280,181114
2026-07-19T00:55:38Z,0,0,97887,47.20,0.1,4277,181114
2026-07-19T00:55:58Z,0,0,97887,47.17,0.0,4278,181114
2026-07-19T00:56:18Z,0,0,97887,47.17,0.1,4272,181114
2026-07-19T00:56:38Z,0,0,97887,47.17,0.1,4286,181114
2026-07-19T00:56:58Z,0,0,97887,47.17,0.0,4276,181114
2026-07-19T00:57:18Z,0,0,97887,47.18,0.0,4288,181114
2026-07-19T00:57:38Z,0,0,97887,47.17,0.1,4301,181114
2026-07-19T00:57:58Z,0,0,97887,47.19,0.0,4289,181114
2026-07-19T00:58:18Z,0,0,97887,47.17,0.1,4311,181114
2026-07-19T00:58:38Z,0,0,97887,47.17,0.1,4300,181114
2026-07-19T00:58:58Z,0,0,97887,47.19,0.0,4283,181114
2026-07-19T00:59:18Z,0,0,97887,47.18,0.0,4282,181114
2026-07-19T00:59:38Z,0,0,97887,47.17,0.1,4269,181114
2026-07-19T00:59:58Z,0,0,97887,47.17,0.0,4279,181114
2026-07-19T01:00:18Z,0,0,97887,47.17,0.1,4272,181114
2026-07-19T01:00:38Z,0,0,97887,47.19,0.1,4291,181114
2026-07-19T01:00:58Z,0,0,97887,47.17,0.0,4288,181114
2026-07-19T01:01:18Z,0,0,97887,47.19,0.0,4279,181114
2026-07-19T01:01:38Z,0,0,97887,47.17,0.1,4288,181114
2026-07-19T01:01:58Z,0,0,97887,47.21,0.0,4280,181114
2026-07-19T01:02:18Z,0,0,97887,47.18,0.1,4347,181114
2026-07-19T01:02:38Z,0,0,97887,47.17,0.1,4286,181114
2026-07-19T01:02:58Z,0,0,97887,47.18,0.0,4286,181114
2026-07-19T01:03:18Z,0,0,97887,47.19,0.0,4282,181114
2026-07-19T01:03:38Z,0,0,97887,47.17,0.1,4277,181114
2026-07-19T01:03:58Z,0,0,97887,47.17,0.0,4272,181114
2026-07-19T01:04:18Z,0,0,97887,47.18,0.0,4277,181114
2026-07-19T01:04:38Z,0,0,97887,47.17,0.2,4306,181114
2026-07-19T01:04:58Z,0,0,97887,47.18,0.0,4285,181114
2026-07-19T01:05:19Z,0,0,97887,47.18,0.0,4293,181114
2026-07-19T01:05:39Z,0,0,97887,47.19,0.1,4300,181114
2026-07-19T01:05:59Z,0,0,97887,47.18,0.0,4280,181114
2026-07-19T01:06:19Z,0,0,97887,47.19,0.0,4273,181114
2026-07-19T01:06:39Z,0,0,97887,47.17,0.2,4292,181114
2026-07-19T01:06:59Z,0,0,97887,47.19,0.0,4275,181114
2026-07-19T01:07:19Z,0,0,97887,47.17,0.0,4269,181114
2026-07-19T01:07:39Z,0,0,97887,47.18,0.1,4299,181114
2026-07-19T01:07:59Z,0,0,97887,47.17,0.0,4287,181114
2026-07-19T01:08:19Z,0,0,97887,47.18,0.0,4278,181114
2026-07-19T01:08:39Z,0,0,97887,47.17,0.2,4322,181114
2026-07-19T01:08:59Z,0,0,97887,47.17,0.0,4302,181114
2026-07-19T01:09:19Z,0,0,97887,47.17,0.0,4301,181114
2026-07-19T01:09:39Z,0,0,97887,47.18,0.1,4331,181114
2026-07-19T01:09:59Z,0,0,97887,47.19,0.0,4317,181114
2026-07-19T01:10:19Z,0,0,97887,47.18,0.0,4291,181114
2026-07-19T01:10:39Z,0,0,97887,47.18,0.2,4338,181114
2026-07-19T01:10:59Z,0,0,97887,47.21,0.0,4303,181114
2026-07-19T01:11:19Z,0,0,97887,47.20,0.0,4294,181114
2026-07-19T01:11:39Z,0,0,97887,47.19,0.1,4309,181114
2026-07-19T01:11:59Z,0,0,97887,47.20,0.0,4280,181114
2026-07-19T01:12:19Z,0,0,97887,47.20,0.0,4283,181114
2026-07-19T01:12:39Z,0,0,97887,47.19,0.2,4346,181114
2026-07-19T01:12:59Z,0,0,97887,47.19,0.0,4323,181114
2026-07-19T01:13:19Z,0,0,97887,47.19,0.0,4310,181114
2026-07-19T01:13:39Z,0,0,97887,47.20,0.1,4325,181114
2026-07-19T01:13:59Z,0,0,97887,47.17,0.0,4302,181114
2026-07-19T01:14:19Z,0,0,97887,47.17,0.0,4288,181114
2026-07-19T01:14:39Z,0,0,97887,47.19,0.2,4375,181114
2026-07-19T01:14:59Z,0,0,97887,47.19,0.0,4306,181114
2026-07-19T01:15:19Z,0,0,97887,47.19,0.0,4296,181114
2026-07-19T01:15:39Z,0,0,97887,47.20,0.1,4292,181114
2026-07-19T01:15:59Z,0,0,97887,47.19,0.1,4276,181114
2026-07-19T01:16:19Z,0,0,97887,47.19,0.0,4286,181114
2026-07-19T01:16:39Z,0,0,97887,47.18,0.1,4280,181114
2026-07-19T01:16:59Z,0,0,97887,47.20,0.1,4266,181114
2026-07-19T01:17:20Z,0,0,97887,47.19,0.0,4280,181114
2026-07-19T01:17:40Z,0,0,97887,47.19,0.1,4335,181114
2026-07-19T01:18:00Z,0,0,97887,47.20,0.1,4280,181114
2026-07-19T01:18:20Z,0,0,97887,47.18,0.0,4277,181114
2026-07-19T01:18:40Z,0,0,97887,47.20,0.1,4330,181114
2026-07-19T01:19:00Z,0,0,97887,47.20,0.1,4311,181114
2026-07-19T01:19:20Z,0,0,97887,47.17,0.0,4312,181114
2026-07-19T01:19:40Z,0,0,97887,47.19,0.0,4317,181114
2026-07-19T01:20:00Z,0,0,97887,47.17,0.1,4322,181114
2026-07-19T01:20:20Z,0,0,97887,47.21,0.0,4297,181114
2026-07-19T01:20:40Z,0,0,97887,47.19,0.1,4351,181114
2026-07-19T01:21:00Z,0,0,97887,47.20,0.1,4311,181114
2026-07-19T01:21:20Z,0,0,97887,47.19,0.0,4301,181114
2026-07-19T01:21:40Z,0,0,97887,47.18,0.0,4295,181114
2026-07-19T01:22:00Z,0,0,97887,47.17,0.1,4313,181114
2026-07-19T01:22:20Z,0,0,97887,47.17,0.0,4315,181114
2026-07-19T01:22:40Z,0,0,97887,47.19,0.1,4318,181114
2026-07-19T01:23:00Z,0,0,97887,47.20,0.1,4314,181114
2026-07-19T01:23:20Z,0,0,97887,47.17,0.0,4308,181114
2026-07-19T01:23:40Z,0,0,97887,47.18,0.0,4307,181114
2026-07-19T01:24:00Z,0,0,97887,47.19,0.1,4287,181114
2026-07-19T01:24:20Z,0,0,97887,47.18,0.0,4272,181114
2026-07-19T01:24:40Z,0,0,97887,47.20,0.1,4300,181114
2026-07-19T01:25:00Z,0,0,97887,47.20,0.1,4303,181114
2026-07-19T01:25:20Z,0,0,97887,47.19,0.0,4288,181114
2026-07-19T01:25:40Z,0,0,97887,47.20,0.0,4289,181114
2026-07-19T01:26:00Z,0,0,97887,47.19,0.1,4298,181114
2026-07-19T01:26:20Z,0,0,97887,47.18,0.0,4304,181114
2026-07-19T01:26:40Z,0,0,97887,47.18,0.1,4320,181114
2026-07-19T01:27:00Z,0,0,97887,47.18,0.1,4299,181114
2026-07-19T01:27:20Z,0,0,97887,47.17,0.0,4300,181114
2026-07-19T01:27:40Z,0,0,97887,47.17,0.0,4299,181114
2026-07-19T01:28:00Z,0,0,97887,47.19,0.1,4280,181114
2026-07-19T01:28:20Z,0,0,97887,47.17,0.0,4285,181114
2026-07-19T01:28:40Z,0,0,97887,47.19,0.1,4279,181114
2026-07-19T01:29:01Z,0,0,97887,47.20,0.1,4278,181114
2026-07-19T01:29:21Z,0,0,97887,47.19,0.0,4273,181114
2026-07-19T01:29:41Z,0,0,97887,47.18,0.0,4284,181114
2026-07-19T01:30:01Z,0,0,97887,47.20,0.1,4288,181114
2026-07-19T01:30:21Z,0,0,97887,47.22,0.0,4280,181114
2026-07-19T01:30:41Z,0,0,97887,47.18,0.1,4318,181114
2026-07-19T01:31:01Z,0,0,97887,47.20,0.1,4322,181114
2026-07-19T01:31:21Z,0,0,97887,47.19,0.0,4321,181114
2026-07-19T01:31:41Z,0,0,97887,47.18,0.0,4304,181114
2026-07-19T01:32:01Z,0,0,97887,47.19,0.1,4266,181114
2026-07-19T01:32:21Z,0,0,97887,47.20,0.0,4266,181114
2026-07-19T01:32:41Z,0,0,97887,47.20,0.1,4295,181114
2026-07-19T01:33:01Z,0,0,97887,47.20,0.1,4295,181114
2026-07-19T01:33:21Z,0,0,97887,47.17,0.0,4297,181114
2026-07-19T01:33:41Z,0,0,97887,47.17,0.0,4288,181114
2026-07-19T01:34:01Z,0,0,97887,47.19,0.1,4306,181114
2026-07-19T01:34:21Z,0,0,97887,47.22,0.0,4273,181114
2026-07-19T01:34:41Z,0,0,97887,47.20,0.1,4323,181114
2026-07-19T01:35:01Z,0,0,97887,47.17,0.1,4298,181114
2026-07-19T01:35:21Z,0,0,97887,47.17,0.0,4288,181114
2026-07-19T01:35:41Z,0,0,97887,47.19,0.0,4281,181114
2026-07-19T01:36:01Z,0,0,97887,47.17,0.1,4292,181114
2026-07-19T01:36:21Z,0,0,97887,47.21,0.0,4289,181114
2026-07-19T01:36:41Z,0,0,97887,47.19,0.1,4312,181114
2026-07-19T01:37:01Z,0,0,97887,47.17,0.1,4317,181114
2026-07-19T01:37:21Z,0,0,97887,47.19,0.0,4297,181114
2026-07-19T01:37:41Z,0,0,97887,47.20,0.0,4286,181114
2026-07-19T01:38:01Z,0,0,97887,47.20,0.1,4311,181114
2026-07-19T01:38:21Z,0,0,97887,47.18,0.0,4305,181114
2026-07-19T01:38:41Z,0,0,97887,47.18,0.1,4323,181114
2026-07-19T01:39:01Z,0,0,97887,47.19,0.1,4315,181114
2026-07-19T01:39:21Z,0,0,97887,47.18,0.0,4302,181114
2026-07-19T01:39:41Z,0,0,97887,47.22,0.0,4295,181114
2026-07-19T01:40:01Z,0,0,97887,47.20,0.1,4375,181114
2026-07-19T01:40:21Z,0,0,97887,47.19,0.0,4328,181114
2026-07-19T01:40:42Z,0,0,97887,47.17,0.1,4325,181114
2026-07-19T01:41:02Z,0,0,97887,47.17,0.1,4320,181114
2026-07-19T01:41:22Z,0,0,97887,47.18,0.0,4304,181114
2026-07-19T01:41:42Z,0,0,97887,47.18,0.0,4288,181114
2026-07-19T01:42:02Z,0,0,97887,47.20,0.1,4306,181114
2026-07-19T01:42:22Z,0,0,97887,47.20,0.0,4296,181114
2026-07-19T01:42:42Z,0,0,97887,47.20,0.1,4317,181114
2026-07-19T01:43:02Z,0,0,97887,47.18,0.1,4311,181114
2026-07-19T01:43:22Z,0,0,97887,47.19,0.0,4303,181114
2026-07-19T01:43:42Z,0,0,97887,47.22,0.0,4306,181114
2026-07-19T01:44:02Z,0,0,97887,47.22,0.1,4363,181114
2026-07-19T01:44:22Z,0,0,97887,47.20,0.0,4314,181114
2026-07-19T01:44:42Z,0,0,97887,47.19,0.1,4324,181114
2026-07-19T01:45:02Z,0,0,97887,47.20,0.1,4338,181114
2026-07-19T01:45:22Z,0,0,97887,47.22,0.1,4323,181114
2026-07-19T01:45:42Z,0,0,97887,47.20,0.0,4307,181114
2026-07-19T01:46:02Z,0,0,97887,47.21,0.1,4315,181114
2026-07-19T01:46:22Z,0,0,97887,47.22,0.1,4302,181114
2026-07-19T01:46:42Z,0,0,97887,47.20,0.1,4310,181114
2026-07-19T01:47:02Z,0,0,97887,47.19,0.0,4344,181114
2026-07-19T01:47:22Z,0,0,97887,47.20,0.1,4301,181114
2026-07-19T01:47:42Z,0,0,97887,47.23,0.0,4305,181114
2026-07-19T01:48:02Z,0,0,97887,47.19,0.0,4301,181114
2026-07-19T01:48:22Z,0,0,97887,47.19,0.1,4311,181114
2026-07-19T01:48:42Z,0,0,97887,47.22,0.1,4334,181114
2026-07-19T01:49:02Z,0,0,97887,47.20,0.0,4336,181114
2026-07-19T01:49:22Z,0,0,97887,47.24,0.1,4314,181114
2026-07-19T01:49:42Z,0,0,97887,47.19,0.0,4310,181114
2026-07-19T01:50:02Z,0,0,97887,47.19,0.0,4311,181114
2026-07-19T01:50:22Z,0,0,97887,47.18,0.1,4309,181114
2026-07-19T01:50:42Z,0,0,97887,47.20,0.1,4311,181114
2026-07-19T01:51:02Z,0,0,97887,47.18,0.0,4318,181114
2026-07-19T01:51:22Z,0,0,97887,47.17,0.1,4313,181114
2026-07-19T01:51:42Z,0,0,97887,47.19,0.0,4315,181114
2026-07-19T01:52:02Z,0,0,97887,47.20,0.0,4320,181114
2026-07-19T01:52:23Z,0,0,97887,47.20,0.1,4310,181114
2026-07-19T01:52:43Z,0,0,97887,47.21,0.1,4305,181114
2026-07-19T01:53:03Z,0,0,97887,47.18,0.0,4298,181114
2026-07-19T01:53:23Z,0,0,97887,47.18,0.1,4298,181114
2026-07-19T01:53:43Z,0,0,97887,47.19,0.0,4293,181114
2026-07-19T01:54:03Z,0,0,97887,47.19,0.0,4299,181114
2026-07-19T01:54:23Z,0,0,97887,47.18,0.1,4287,181114
2026-07-19T01:54:43Z,0,0,97887,47.18,0.1,4315,181114
2026-07-19T01:55:03Z,0,0,97887,47.18,0.0,4307,181114
2026-07-19T01:55:23Z,0,0,97887,47.19,0.1,4324,181114
2026-07-19T01:55:43Z,0,0,97887,47.17,0.0,4313,181114
2026-07-19T01:56:03Z,0,0,97887,47.18,0.0,4307,181114
2026-07-19T01:56:23Z,0,0,97887,47.18,0.1,4320,181114
2026-07-19T01:56:43Z,0,0,97887,47.18,0.1,4416,181114
2026-07-19T01:57:03Z,0,0,97887,47.20,0.0,4314,181114
2026-07-19T01:57:23Z,0,0,97887,47.17,0.1,4283,181114
2026-07-19T01:57:43Z,0,0,97887,47.18,0.0,4282,181114
2026-07-19T01:58:03Z,0,0,97887,47.19,0.0,4290,181114
2026-07-19T01:58:23Z,0,0,97887,47.18,0.1,4295,181114
2026-07-19T01:58:43Z,0,0,97887,47.18,0.0,4283,181114
2026-07-19T01:59:03Z,0,0,97887,47.17,0.1,4300,181114
2026-07-19T01:59:23Z,0,0,97887,47.18,0.1,4292,181114
2026-07-19T01:59:43Z,0,0,97887,47.18,0.0,4279,181114
2026-07-19T02:00:03Z,0,0,97887,47.18,0.0,4287,181114
2026-07-19T02:00:23Z,0,0,97887,47.19,0.1,4300,181114
2026-07-19T02:00:43Z,0,0,97887,47.19,0.0,4287,181114
2026-07-19T02:01:03Z,0,0,97887,47.18,0.1,4296,181114
2026-07-19T02:01:23Z,0,0,97887,47.17,0.1,4326,181114
2026-07-19T02:01:43Z,0,0,97887,47.18,0.0,4315,181114
2026-07-19T02:02:03Z,0,0,97887,47.19,0.0,4309,181114
2026-07-19T02:02:23Z,0,0,97887,47.18,0.1,4331,181114
2026-07-19T02:02:43Z,0,0,97887,47.19,0.0,4311,181114
2026-07-19T02:03:03Z,0,0,97887,47.18,0.1,4314,181114
2026-07-19T02:03:23Z,0,0,97887,47.21,0.1,4317,181114
2026-07-19T02:03:43Z,0,0,97887,47.19,0.0,4301,181114
2026-07-19T02:04:04Z,0,0,97887,47.17,0.0,4298,181114
2026-07-19T02:04:24Z,0,0,97887,47.17,0.1,4328,181114
2026-07-19T02:04:44Z,0,0,97887,47.19,0.0,4296,181114
2026-07-19T02:05:04Z,0,0,97887,47.20,0.1,4314,181114
2026-07-19T02:05:24Z,0,0,97887,47.20,0.1,4314,181114
2026-07-19T02:05:44Z,0,0,97887,47.21,0.0,4293,181114
2026-07-19T02:06:04Z,0,0,97887,47.20,0.0,4305,181114
2026-07-19T02:06:24Z,0,0,97887,47.21,0.1,4329,181114
2026-07-19T02:06:44Z,0,0,97887,47.18,0.0,4310,181114
2026-07-19T02:07:04Z,0,0,97887,47.18,0.1,4301,181114
2026-07-19T02:07:24Z,0,0,97887,47.18,0.1,4296,181114
2026-07-19T02:07:44Z,0,0,97887,47.21,0.0,4286,181114
2026-07-19T02:08:04Z,0,0,97887,47.19,0.0,4280,181114
2026-07-19T02:08:24Z,0,0,97887,47.20,0.1,4282,181114
2026-07-19T02:08:44Z,0,0,97887,47.20,0.0,4279,181114
2026-07-19T02:09:04Z,0,0,97887,47.18,0.1,4313,181114
2026-07-19T02:09:24Z,0,0,97887,47.19,0.1,4330,181114
2026-07-19T02:09:44Z,0,0,97887,47.18,0.0,4309,181114
2026-07-19T02:10:04Z,0,0,97887,47.19,0.0,4316,181114
2026-07-19T02:10:24Z,0,0,97887,47.20,0.1,4371,181114
2026-07-19T02:10:44Z,0,0,97887,47.19,0.0,4314,181114
2026-07-19T02:11:04Z,0,0,97887,47.18,0.1,4329,181114
2026-07-19T02:11:24Z,0,0,97887,47.19,0.1,4317,181114
2026-07-19T02:11:44Z,0,0,97887,47.21,0.0,4313,181114
2026-07-19T02:12:04Z,0,0,97887,47.18,0.0,4304,181114
2026-07-19T02:12:24Z,0,0,97887,47.18,0.1,4302,181114
2026-07-19T02:12:44Z,0,0,97887,47.19,0.0,4300,181114
2026-07-19T02:13:04Z,0,0,97887,47.18,0.1,4315,181114
2026-07-19T02:13:24Z,0,0,97887,47.21,0.1,4357,181114
2026-07-19T02:13:44Z,0,0,97887,47.18,0.0,4296,181114
2026-07-19T02:14:04Z,0,0,97887,47.21,0.0,4302,181114
2026-07-19T02:14:24Z,0,0,97887,47.19,0.1,4295,181114
2026-07-19T02:14:44Z,0,0,97887,47.18,0.1,4313,181114
2026-07-19T02:15:04Z,0,0,97887,47.21,0.1,4306,181114
2026-07-19T02:15:24Z,0,0,97887,47.19,0.1,4322,181114
2026-07-19T02:15:45Z,0,0,97887,47.18,0.1,4295,181114
2026-07-19T02:16:05Z,0,0,97887,47.22,0.0,4291,181114
2026-07-19T02:16:25Z,0,0,97887,47.21,0.0,4317,181114
2026-07-19T02:16:45Z,0,0,97887,47.20,0.1,4298,181114
2026-07-19T02:17:05Z,0,0,97887,47.21,0.1,4313,181114
2026-07-19T02:17:25Z,0,0,97887,47.22,0.0,4317,181114
2026-07-19T02:17:45Z,0,0,97887,47.21,0.1,4317,181114
2026-07-19T02:18:05Z,0,0,97887,47.18,0.0,4307,181114
2026-07-19T02:18:25Z,0,0,97887,47.22,0.0,4297,181114
2026-07-19T02:18:45Z,0,0,97887,47.20,0.1,4307,181114
2026-07-19T02:19:05Z,0,0,97887,47.19,0.1,4312,181114
2026-07-19T02:19:25Z,0,0,97887,47.20,0.0,4315,181114
2026-07-19T02:19:45Z,0,0,97887,47.19,0.1,4328,181114
2026-07-19T02:20:05Z,0,0,97887,47.20,0.0,4322,181114
2026-07-19T02:20:25Z,0,0,97887,47.21,0.0,4323,181114
2026-07-19T02:20:45Z,0,0,97887,47.18,0.1,4326,181114
2026-07-19T02:21:05Z,0,0,97887,47.19,0.1,4316,181114
2026-07-19T02:21:25Z,0,0,97887,47.20,0.0,4314,181114
2026-07-19T02:21:45Z,0,0,97887,47.19,0.1,4294,181114
2026-07-19T02:22:05Z,0,0,97887,47.22,0.0,4307,181114
2026-07-19T02:22:25Z,0,0,97887,47.21,0.0,4307,181114
2026-07-19T02:22:45Z,0,0,97887,47.22,0.1,4313,181114
2026-07-19T02:23:05Z,0,0,97887,47.19,0.1,4338,181114
2026-07-19T02:23:25Z,0,0,97887,47.20,0.0,4322,181114
2026-07-19T02:23:45Z,0,0,97887,47.18,0.1,4307,181114
2026-07-19T02:24:05Z,0,0,97887,47.17,0.0,4311,181114
2026-07-19T02:24:25Z,0,0,97887,47.18,0.0,4317,181114
2026-07-19T02:24:45Z,0,0,97887,47.19,0.1,4329,181114
2026-07-19T02:25:05Z,0,0,97887,47.18,0.1,4319,181114
2026-07-19T02:25:25Z,0,0,97887,47.22,0.0,4316,181114
2026-07-19T02:25:45Z,0,0,97887,47.20,0.1,4308,181114
2026-07-19T02:26:05Z,0,0,97887,47.19,0.0,4304,181114
2026-07-19T02:26:25Z,0,0,97887,47.21,0.0,4306,181114
2026-07-19T02:26:45Z,0,0,97887,47.22,0.1,4305,181114
2026-07-19T02:27:05Z,0,0,97887,47.20,0.1,4298,181114
2026-07-19T02:27:26Z,0,0,97887,47.18,0.0,4299,181114
2026-07-19T02:27:46Z,0,0,97887,47.21,0.1,4289,181114
2026-07-19T02:28:06Z,0,0,97887,47.19,0.0,4295,181114
2026-07-19T02:28:26Z,0,0,97887,47.17,0.0,4291,181114
2026-07-19T02:28:46Z,0,0,97887,47.21,0.1,4301,181114
2026-07-19T02:29:06Z,0,0,97887,47.17,0.1,4334,181114
2026-07-19T02:29:26Z,0,0,97887,47.20,0.0,4317,181114
2026-07-19T02:29:46Z,0,0,97887,47.17,0.1,4330,181114
2026-07-19T02:30:06Z,0,0,97887,47.19,0.0,4311,181114
2026-07-19T02:30:26Z,0,0,97887,47.18,0.0,4309,181114
2026-07-19T02:30:46Z,0,0,97887,47.22,0.1,4323,181114
2026-07-19T02:31:06Z,0,0,97887,47.17,0.1,4321,181114
2026-07-19T02:31:26Z,0,0,97887,47.18,0.0,4310,181114
2026-07-19T02:31:46Z,0,0,97887,47.20,0.1,4314,181114
2026-07-19T02:32:06Z,0,0,97887,47.18,0.0,4298,181114
2026-07-19T02:32:26Z,0,0,97887,47.18,0.0,4301,181114
2026-07-19T02:32:46Z,0,0,97887,47.18,0.1,4330,181114
2026-07-19T02:33:06Z,0,0,97887,47.17,0.1,4316,181114
2026-07-19T02:33:26Z,0,0,97887,47.22,0.0,4309,181114
2026-07-19T02:33:46Z,0,0,97887,47.22,0.1,4293,181114
2026-07-19T02:34:06Z,0,0,97887,47.22,0.0,4289,181114
2026-07-19T02:34:26Z,0,0,97887,47.22,0.0,4297,181114
2026-07-19T02:34:46Z,0,0,97887,47.22,0.1,4307,181114
2026-07-19T02:35:06Z,0,0,97887,47.22,0.1,4319,181114
2026-07-19T02:35:26Z,0,0,97887,47.20,0.0,4324,181114
2026-07-19T02:35:46Z,0,0,97887,47.21,0.1,4332,181114
2026-07-19T02:36:06Z,0,0,97887,47.22,0.0,4320,181114
2026-07-19T02:36:26Z,0,0,97887,47.22,0.0,4322,181114
2026-07-19T02:36:46Z,0,0,97887,47.19,0.1,4327,181114
2026-07-19T02:37:06Z,0,0,97887,47.20,0.1,4345,181114
2026-07-19T02:37:26Z,0,0,97887,47.22,0.0,4314,181114
2026-07-19T02:37:46Z,0,0,97887,47.21,0.1,4302,181114
2026-07-19T02:38:06Z,0,0,97887,47.17,0.0,4293,181114
2026-07-19T02:38:26Z,0,0,97887,47.22,0.0,4300,181114
2026-07-19T02:38:46Z,0,0,97887,47.21,0.1,4328,181114
2026-07-19T02:39:07Z,0,0,97887,47.21,0.1,4341,181114
2026-07-19T02:39:27Z,0,0,97887,47.17,0.0,4313,181114
2026-07-19T02:39:47Z,0,0,97887,47.20,0.1,4342,181114
2026-07-19T02:40:07Z,0,0,97887,47.19,0.0,4321,181114
2026-07-19T02:40:27Z,0,0,97887,47.20,0.0,4318,181114
2026-07-19T02:40:47Z,0,0,97887,47.21,0.1,4323,181114
2026-07-19T02:41:07Z,0,0,97887,47.22,0.1,4365,181114
2026-07-19T02:41:27Z,0,0,97887,47.19,0.0,4343,181114
2026-07-19T02:41:47Z,0,0,97887,47.19,0.1,4376,181114
2026-07-19T02:42:07Z,0,0,97887,47.20,0.0,4332,181114
2026-07-19T02:42:27Z,0,0,97887,47.20,0.0,4312,181114
2026-07-19T02:42:47Z,0,0,97887,47.22,0.1,4302,181114
2026-07-19T02:43:07Z,0,0,97887,47.22,0.1,4336,181114
2026-07-19T02:43:27Z,0,0,97887,47.20,0.0,4315,181114
2026-07-19T02:43:47Z,0,0,97887,47.18,0.1,4319,181114
2026-07-19T02:44:07Z,0,0,97887,47.20,0.1,4324,181114
2026-07-19T02:44:27Z,0,0,97887,47.20,0.0,4318,181114
2026-07-19T02:44:47Z,0,0,97887,47.23,0.1,4418,181114
2026-07-19T02:45:07Z,0,0,97887,47.18,0.1,4362,181114
2026-07-19T02:45:27Z,0,0,97887,47.21,0.0,4359,181114
2026-07-19T02:45:47Z,0,0,97887,47.23,0.0,4345,181114
2026-07-19T02:46:07Z,0,0,97887,47.22,0.1,4322,181114
2026-07-19T02:46:27Z,0,0,97887,47.19,0.0,4322,181114
2026-07-19T02:46:47Z,0,0,97887,47.22,0.0,4328,181114
2026-07-19T02:47:07Z,0,0,97887,47.19,0.2,4347,181114
2026-07-19T02:47:27Z,0,0,97887,47.22,0.0,4326,181114
2026-07-19T02:47:47Z,0,0,97887,47.22,0.0,4325,181114
2026-07-19T02:48:07Z,0,0,97887,47.19,0.1,4317,181114
2026-07-19T02:48:27Z,0,0,97887,47.19,0.0,4316,181114
2026-07-19T02:48:47Z,0,0,97887,47.18,0.0,4327,181114
2026-07-19T02:49:07Z,0,0,97887,47.19,0.2,4375,181114
2026-07-19T02:49:27Z,0,0,97887,47.20,0.0,4330,181114
2026-07-19T02:49:47Z,0,0,97887,47.19,0.0,4325,181114
2026-07-19T02:50:07Z,0,0,97887,47.20,0.1,4314,181114
2026-07-19T02:50:27Z,0,0,97887,47.18,0.0,4318,181114
2026-07-19T02:50:48Z,0,0,97887,47.19,0.0,4314,181114
2026-07-19T02:51:08Z,0,0,97887,47.21,0.2,4380,181114
2026-07-19T02:51:28Z,0,0,97887,47.17,0.0,4339,181114
2026-07-19T02:51:48Z,0,0,97887,47.19,0.0,4316,181114
2026-07-19T02:52:08Z,0,0,97887,47.20,0.1,4323,181114
2026-07-19T02:52:28Z,0,0,97887,47.19,0.0,4306,181114
2026-07-19T02:52:48Z,0,0,97887,47.18,0.0,4312,181114
2026-07-19T02:53:08Z,0,0,97887,47.18,0.1,4329,181114
2026-07-19T02:53:28Z,0,0,97887,47.19,0.1,4351,181114
2026-07-19T02:53:48Z,0,0,97887,47.21,0.0,4330,181114
2026-07-19T02:54:08Z,0,0,97887,47.18,0.1,4313,181114
2026-07-19T02:54:28Z,0,0,97887,47.18,0.0,4306,181114
2026-07-19T02:54:48Z,0,0,97887,47.19,0.0,4316,181114
2026-07-19T02:55:08Z,0,0,97887,47.17,0.1,4342,181114
2026-07-19T02:55:28Z,0,0,97887,47.22,0.1,4321,181114
2026-07-19T02:55:48Z,0,0,97887,47.19,0.0,4325,181114
2026-07-19T02:56:08Z,0,0,97887,47.17,0.1,4329,181114
2026-07-19T02:56:28Z,0,0,97887,47.19,0.0,4314,181114
2026-07-19T02:56:48Z,0,0,97887,47.20,0.0,4314,181114
2026-07-19T02:57:08Z,0,0,97887,47.21,0.1,4332,181114
2026-07-19T02:57:28Z,0,0,97887,47.19,0.1,4368,181114
2026-07-19T02:57:48Z,0,0,97887,47.18,0.0,4350,181114
2026-07-19T02:58:08Z,0,0,97887,47.20,0.1,4338,181114
2026-07-19T02:58:28Z,0,0,97887,47.18,0.0,4328,181114
2026-07-19T02:58:48Z,0,0,97887,47.21,0.0,4313,181114
2026-07-19T02:59:08Z,0,0,97887,47.19,0.1,4342,181114
2026-07-19T02:59:28Z,0,0,97887,47.21,0.1,4339,181114
2026-07-19T02:59:48Z,0,0,97887,47.17,0.0,4338,181114
2026-07-19T03:00:08Z,0,0,97887,47.20,0.1,4331,181114
2026-07-19T03:00:28Z,0,0,97887,47.18,0.0,4331,181114
2026-07-19T03:00:48Z,0,0,97887,47.19,0.0,4327,181114
2026-07-19T03:01:08Z,0,0,97887,47.20,0.1,4336,181114
2026-07-19T03:01:28Z,0,0,97887,47.19,0.1,4350,181114
2026-07-19T03:01:48Z,0,0,97887,47.18,0.0,4321,181114
2026-07-19T03:02:08Z,0,0,97887,47.18,0.1,4327,181114
2026-07-19T03:02:28Z,0,0,97887,47.18,0.0,4312,181114
2026-07-19T03:02:49Z,0,0,97887,47.21,0.0,4311,181114
2026-07-19T03:03:09Z,0,0,97887,47.18,0.1,4317,181114
2026-07-19T03:03:29Z,0,0,97887,47.22,0.1,4327,181114
2026-07-19T03:03:49Z,0,0,97887,47.19,0.0,4334,181114
2026-07-19T03:04:09Z,0,0,97887,47.21,0.1,4331,181114
2026-07-19T03:04:29Z,0,0,97887,47.21,0.0,4329,181114
2026-07-19T03:04:49Z,0,0,97887,47.21,0.0,4317,181114
2026-07-19T03:05:09Z,0,0,97887,47.19,0.1,4312,181114
2026-07-19T03:05:29Z,0,0,97887,47.17,0.1,4354,181114
2026-07-19T03:05:49Z,0,0,97887,47.18,0.0,4325,181114
2026-07-19T03:06:09Z,0,0,97887,47.19,0.1,4353,181114
2026-07-19T03:06:29Z,0,0,97887,47.20,0.0,4326,181114
2026-07-19T03:06:49Z,0,0,97887,47.18,0.0,4315,181114
2026-07-19T03:07:09Z,0,0,97887,47.17,0.1,4337,181114
2026-07-19T03:07:29Z,0,0,97887,47.19,0.1,4333,181114
2026-07-19T03:07:49Z,0,0,97887,47.18,0.0,4324,181114
2026-07-19T03:08:09Z,0,0,97887,47.18,0.1,4328,181114
2026-07-19T03:08:29Z,0,0,97887,47.18,0.0,4298,181114
2026-07-19T03:08:49Z,0,0,97887,47.19,0.0,4287,181114
2026-07-19T03:09:09Z,0,0,97887,47.19,0.1,4298,181114
2026-07-19T03:09:29Z,0,0,97887,47.20,0.1,4323,181114
2026-07-19T03:09:49Z,0,0,97887,47.18,0.0,4326,181114
2026-07-19T03:10:09Z,0,0,97887,47.19,0.1,4406,181114
2026-07-19T03:10:29Z,0,0,97887,47.19,0.0,4313,181114
2026-07-19T03:10:49Z,0,0,97887,47.19,0.0,4304,181114
2026-07-19T03:11:09Z,0,0,97887,47.17,0.1,4308,181114
2026-07-19T03:11:29Z,0,0,97887,47.20,0.1,4348,181114
2026-07-19T03:11:49Z,0,0,97887,47.18,0.0,4320,181114
2026-07-19T03:12:09Z,0,0,97887,47.20,0.1,4317,181114
2026-07-19T03:12:29Z,0,0,97887,47.17,0.1,4306,181114
2026-07-19T03:12:49Z,0,0,97887,47.18,0.0,4314,181114
2026-07-19T03:13:09Z,0,0,97887,47.18,0.1,4311,181114
2026-07-19T03:13:29Z,0,0,97887,47.18,0.1,4329,181114
2026-07-19T03:13:49Z,0,0,97887,47.20,0.0,4324,181114
2026-07-19T03:14:09Z,0,0,97887,47.19,0.0,4361,181114
2026-07-19T03:14:30Z,0,0,97887,47.18,0.1,4316,181114
2026-07-19T03:14:50Z,0,0,97887,47.18,0.0,4311,181114
2026-07-19T03:15:10Z,0,0,97887,47.19,0.0,4315,181114
2026-07-19T03:15:30Z,0,0,97887,47.18,0.2,4348,181114
2026-07-19T03:15:50Z,0,0,97887,47.20,0.0,4338,181114
2026-07-19T03:16:10Z,0,0,97887,47.19,0.0,4328,181114
2026-07-19T03:16:30Z,0,0,97887,47.18,0.1,4299,181114
2026-07-19T03:16:50Z,0,0,97887,47.18,0.0,4300,181114
2026-07-19T03:17:10Z,0,0,97887,47.20,0.0,4298,181114
2026-07-19T03:17:30Z,0,0,97887,47.19,0.2,4344,181114
2026-07-19T03:17:50Z,0,0,97887,47.19,0.0,4327,181114
2026-07-19T03:18:10Z,0,0,97887,47.20,0.0,4326,181114
2026-07-19T03:18:30Z,0,0,97887,47.18,0.1,4321,181114
2026-07-19T03:18:50Z,0,0,97887,47.19,0.0,4316,181114
2026-07-19T03:19:10Z,0,0,97887,47.19,0.0,4328,181114
2026-07-19T03:19:30Z,0,0,97887,47.18,0.2,4349,181114
2026-07-19T03:19:50Z,0,0,97887,47.18,0.0,4353,181114
2026-07-19T03:20:10Z,0,0,97887,47.18,0.0,4339,181114
2026-07-19T03:20:30Z,0,0,97887,47.20,0.1,4349,181114
2026-07-19T03:20:50Z,0,0,97887,47.18,0.0,4336,181114
2026-07-19T03:21:10Z,0,0,97887,47.19,0.0,4339,181114
2026-07-19T03:21:30Z,0,0,97887,47.19,0.2,4351,181114
2026-07-19T03:21:50Z,0,0,97887,47.19,0.0,4339,181114
2026-07-19T03:22:10Z,0,0,97887,47.18,0.0,4329,181114
2026-07-19T03:22:30Z,0,0,97887,47.19,0.1,4350,181114
2026-07-19T03:22:50Z,0,0,97887,47.18,0.0,4342,181114
2026-07-19T03:23:10Z,0,0,97887,47.19,0.0,4340,181114
2026-07-19T03:23:30Z,0,0,97887,47.18,0.2,4362,181114
2026-07-19T03:23:50Z,0,0,97887,47.18,0.0,4323,181114
2026-07-19T03:24:10Z,0,0,97887,47.17,0.0,4328,181114
2026-07-19T03:24:30Z,0,0,97887,47.17,0.1,4328,181114
2026-07-19T03:24:50Z,0,0,97887,47.17,0.0,4325,181114
2026-07-19T03:25:10Z,0,0,97887,47.17,0.0,4329,181114
2026-07-19T03:25:30Z,0,0,97887,47.18,0.2,4401,181114
2026-07-19T03:25:50Z,0,0,97887,47.18,0.0,4359,181114
2026-07-19T03:26:11Z,0,0,97887,47.19,0.0,4338,181114
2026-07-19T03:26:31Z,0,0,97887,47.20,0.1,4345,181114
2026-07-19T03:26:51Z,0,0,97887,47.18,0.0,4338,181114
2026-07-19T03:27:11Z,0,0,97887,47.17,0.0,4323,181114
2026-07-19T03:27:31Z,0,0,97887,47.19,0.2,4398,181114
2026-07-19T03:27:51Z,0,0,97887,47.18,0.0,4347,181114
2026-07-19T03:28:11Z,0,0,97887,47.19,0.0,4338,181114
2026-07-19T03:28:31Z,0,0,97887,47.19,0.1,4341,181114
2026-07-19T03:28:51Z,0,0,97887,47.18,0.0,4331,181114
2026-07-19T03:29:11Z,0,0,97887,47.19,0.0,4335,181114
2026-07-19T03:29:31Z,0,0,97887,47.17,0.2,4389,181114
2026-07-19T03:29:51Z,0,0,97887,47.17,0.0,4347,181114
2026-07-19T03:30:11Z,0,0,97887,47.19,0.0,4350,181114
2026-07-19T03:30:31Z,0,0,97887,47.18,0.1,4347,181114
2026-07-19T03:30:51Z,0,0,97887,47.19,0.0,4339,181114
2026-07-19T03:31:11Z,0,0,97887,47.17,0.0,4341,181114
2026-07-19T03:31:31Z,0,0,97887,47.19,0.2,4383,181114
2026-07-19T03:31:51Z,0,0,97887,47.17,0.0,4363,181114
2026-07-19T03:32:11Z,0,0,97887,47.17,0.0,4364,181114
2026-07-19T03:32:31Z,0,0,97887,47.18,0.1,4347,181114
2026-07-19T03:32:51Z,0,0,97887,47.17,0.0,4331,181114
2026-07-19T03:33:11Z,0,0,97887,47.19,0.0,4326,181114
2026-07-19T03:33:31Z,0,0,97887,47.18,0.2,4368,181114
2026-07-19T03:33:51Z,0,0,97887,47.19,0.0,4345,181114
2026-07-19T03:34:11Z,0,0,97887,47.19,0.0,4335,181114
2026-07-19T03:34:31Z,0,0,97887,47.17,0.1,4327,181114
2026-07-19T03:34:51Z,0,0,97887,47.19,0.0,4320,181114
2026-07-19T03:35:11Z,0,0,97887,47.18,0.0,4318,181114
2026-07-19T03:35:31Z,0,0,97887,47.18,0.2,4360,181114
2026-07-19T03:35:51Z,0,0,97887,47.18,0.0,4332,181114
2026-07-19T03:36:11Z,0,0,97887,47.17,0.0,4327,181114
2026-07-19T03:36:31Z,0,0,97887,47.18,0.1,4350,181114
2026-07-19T03:36:51Z,0,0,97887,47.18,0.0,4321,181114
2026-07-19T03:37:11Z,0,0,97887,47.17,0.0,4319,181114
2026-07-19T03:37:31Z,0,0,97887,47.17,0.2,4344,181114
2026-07-19T03:37:52Z,0,0,97887,47.18,0.0,4316,181114
2026-07-19T03:38:12Z,0,0,97887,47.18,0.0,4314,181114
2026-07-19T03:38:32Z,0,0,97887,47.17,0.1,4353,181114
2026-07-19T03:38:52Z,0,0,97887,47.19,0.0,4312,181114
2026-07-19T03:39:12Z,0,0,97887,47.17,0.0,4317,181114
2026-07-19T03:39:32Z,0,0,97887,47.18,0.2,4457,181114
2026-07-19T03:39:52Z,0,0,97887,47.18,0.0,4357,181114
2026-07-19T03:40:12Z,0,0,97887,47.17,0.0,4329,181114
2026-07-19T03:40:32Z,0,0,97887,47.18,0.1,4347,181114
2026-07-19T03:40:52Z,0,0,97887,47.18,0.1,4329,181114
2026-07-19T03:41:12Z,0,0,97887,47.18,0.0,4327,181114
2026-07-19T03:41:32Z,0,0,97887,47.18,0.1,4357,181114
2026-07-19T03:41:52Z,0,0,97887,47.19,0.1,4339,181114
2026-07-19T03:42:12Z,0,0,97887,47.19,0.0,4336,181114
2026-07-19T03:42:32Z,0,0,97887,47.17,0.1,4338,181114
2026-07-19T03:42:52Z,0,0,97887,47.19,0.1,4354,181114
2026-07-19T03:43:12Z,0,0,97887,47.17,0.0,4353,181114
2026-07-19T03:43:32Z,0,0,97887,47.18,0.1,4472,181114
2026-07-19T03:43:52Z,0,0,97887,47.17,0.1,4356,181114
2026-07-19T03:44:12Z,0,0,97887,47.18,0.0,4339,181114
2026-07-19T03:44:32Z,0,0,97887,47.18,0.0,4343,181114
2026-07-19T03:44:52Z,0,0,97887,47.18,0.1,4330,181114
2026-07-19T03:45:12Z,0,0,97887,47.19,0.0,4325,181114
2026-07-19T03:45:32Z,0,0,97887,47.18,0.0,4330,181114
2026-07-19T03:45:52Z,0,0,97887,47.18,0.2,4354,181114
2026-07-19T03:46:12Z,0,0,97887,47.18,0.0,4341,181114
2026-07-19T03:46:32Z,0,0,97887,47.18,0.0,4347,181114
2026-07-19T03:46:52Z,0,0,97887,47.19,0.1,4336,181114
2026-07-19T03:47:12Z,0,0,97887,47.19,0.0,4331,181114
2026-07-19T03:47:32Z,0,0,97887,47.19,0.0,4337,181114
2026-07-19T03:47:52Z,0,0,97887,47.19,0.2,4354,181114
2026-07-19T03:48:12Z,0,0,97887,47.18,0.0,4347,181114
2026-07-19T03:48:32Z,0,0,97887,47.18,0.0,4341,181114
2026-07-19T03:48:52Z,0,0,97887,47.18,0.1,4337,181114
2026-07-19T03:49:12Z,0,0,97887,47.69,0.0,4343,181114
2026-07-19T03:49:33Z,0,0,97887,47.19,0.0,4343,181114
2026-07-19T03:49:53Z,0,0,97887,47.19,0.2,4340,181114
2026-07-19T03:50:13Z,0,0,97887,47.19,0.0,4342,181114
2026-07-19T03:50:33Z,0,0,97887,47.18,0.0,4341,181114
2026-07-19T03:50:53Z,0,0,97887,47.18,0.1,4334,181114
2026-07-19T03:51:13Z,0,0,97887,47.19,0.0,4327,181114
2026-07-19T03:51:33Z,0,0,97887,47.17,0.0,4337,181114
2026-07-19T03:51:53Z,0,0,97887,47.19,0.2,4343,181114
2026-07-19T03:52:13Z,0,0,97887,47.18,0.0,4331,181114
2026-07-19T03:52:33Z,0,0,97887,47.19,0.0,4334,181114
2026-07-19T03:52:53Z,0,0,97887,47.18,0.1,4331,181114
2026-07-19T03:53:13Z,0,0,97887,47.18,0.0,4328,181114
2026-07-19T03:53:33Z,0,0,97887,47.20,0.0,4323,181114
2026-07-19T03:53:53Z,0,0,97887,47.18,0.2,4346,181114
2026-07-19T03:54:13Z,0,0,97887,47.17,0.0,4340,181114
2026-07-19T03:54:33Z,0,0,97887,47.17,0.0,4341,181114
2026-07-19T03:54:53Z,0,0,97887,47.17,0.1,4353,181114
2026-07-19T03:55:13Z,0,0,97887,47.19,0.0,4335,181114
2026-07-19T03:55:33Z,0,0,97887,47.18,0.0,4326,181114
2026-07-19T03:55:53Z,0,0,97887,47.18,0.2,4353,181114
2026-07-19T03:56:13Z,0,0,97887,47.17,0.0,4330,181114
2026-07-19T03:56:33Z,0,0,97887,47.19,0.0,4335,181114
2026-07-19T03:56:53Z,0,0,97887,47.19,0.1,4372,181114
2026-07-19T03:57:13Z,0,0,97887,47.18,0.0,4365,181114
2026-07-19T03:57:33Z,0,0,97887,47.18,0.0,4361,181114
2026-07-19T03:57:53Z,0,0,97887,47.19,0.2,4365,181114
2026-07-19T03:58:13Z,0,0,97887,47.20,0.0,4346,181114
2026-07-19T03:58:33Z,0,0,97887,47.19,0.0,4348,181114
2026-07-19T03:58:53Z,0,0,97887,47.19,0.1,4364,181114
2026-07-19T03:59:13Z,0,0,97887,47.21,0.0,4347,181114
2026-07-19T03:59:33Z,0,0,97887,47.17,0.0,4355,181114
2026-07-19T03:59:53Z,0,0,97887,47.18,0.2,4368,181114
2026-07-19T04:00:13Z,0,0,97887,47.19,0.0,4355,181114
2026-07-19T04:00:33Z,0,0,97887,47.19,0.0,4352,181114
2026-07-19T04:00:53Z,0,0,97887,47.19,0.1,4345,181114
2026-07-19T04:01:14Z,0,0,97887,47.19,0.0,4355,181114
2026-07-19T04:01:34Z,0,0,97887,47.19,0.0,4341,181114
2026-07-19T04:01:54Z,0,0,97887,47.19,0.2,4402,181114
2026-07-19T04:02:14Z,0,0,97887,47.18,0.0,4352,181114
2026-07-19T04:02:34Z,0,0,97887,47.18,0.0,4355,181114
2026-07-19T04:02:54Z,0,0,97887,47.18,0.1,4343,181114
2026-07-19T04:03:14Z,0,0,97887,47.19,0.0,4326,181114
2026-07-19T04:03:34Z,0,0,97887,47.19,0.0,4333,181114
2026-07-19T04:03:54Z,0,0,97887,47.20,0.2,4339,181114
2026-07-19T04:04:14Z,0,0,97887,47.18,0.0,4332,181114
2026-07-19T04:04:34Z,0,0,97887,47.17,0.0,4339,181114
2026-07-19T04:04:54Z,0,0,97887,47.17,0.1,4353,181114
2026-07-19T04:05:14Z,0,0,97887,47.19,0.0,4343,181114
2026-07-19T04:05:34Z,0,0,97887,47.17,0.0,4340,181114
2026-07-19T04:05:54Z,0,0,97887,47.19,0.2,4378,181114
2026-07-19T04:06:14Z,0,0,97887,47.19,0.0,4352,181114
2026-07-19T04:06:34Z,0,0,97887,47.17,0.0,4351,181114
2026-07-19T04:06:54Z,0,0,97887,47.18,0.1,4374,181114
2026-07-19T04:07:14Z,0,0,97887,47.17,0.0,4341,181114
2026-07-19T04:07:34Z,0,0,97887,47.20,0.0,4346,181114
2026-07-19T04:07:54Z,0,0,97887,47.17,0.2,4356,181114
2026-07-19T04:08:14Z,0,0,97887,47.18,0.0,4338,181114
2026-07-19T04:08:34Z,0,0,97887,47.20,0.0,4341,181114
2026-07-19T04:08:54Z,0,0,97887,47.18,0.1,4424,181114
2026-07-19T04:09:14Z,0,0,97887,47.18,0.0,4350,181114
2026-07-19T04:09:34Z,0,0,97887,47.19,0.0,4343,181114
2026-07-19T04:09:54Z,0,0,97887,47.19,0.1,4372,181114
2026-07-19T04:10:14Z,0,0,97887,47.18,0.1,4354,181114
2026-07-19T04:10:34Z,0,0,97887,47.18,0.0,4353,181114
2026-07-19T04:10:54Z,0,0,97887,47.19,0.1,4353,181114
2026-07-19T04:11:14Z,0,0,97887,47.19,0.1,4349,181114
2026-07-19T04:11:34Z,0,0,97887,47.18,0.0,4339,181114
2026-07-19T04:11:54Z,0,0,97887,47.19,0.1,4356,181114
2026-07-19T04:12:14Z,0,0,97887,47.18,0.1,4348,181114
2026-07-19T04:12:34Z,0,0,97887,47.19,0.0,4347,181114
2026-07-19T04:12:55Z,0,0,97887,47.17,0.0,4406,181114
2026-07-19T04:13:15Z,0,0,97887,47.19,0.1,4339,181114
2026-07-19T04:13:35Z,0,0,97887,47.18,0.0,4330,181114
2026-07-19T04:13:55Z,0,0,97887,47.18,0.1,4362,181114
2026-07-19T04:14:15Z,0,0,97887,47.18,0.1,4362,181114
2026-07-19T04:14:35Z,0,0,97887,47.18,0.0,4347,181114
2026-07-19T04:14:55Z,0,0,97887,47.19,0.0,4348,181114
2026-07-19T04:15:15Z,0,0,97887,47.17,0.1,4340,181114
2026-07-19T04:15:35Z,0,0,97887,47.18,0.0,4334,181114
2026-07-19T04:15:55Z,0,0,97887,47.18,0.1,4349,181114
2026-07-19T04:16:15Z,0,0,97887,47.18,0.1,4333,181114
2026-07-19T04:16:35Z,0,0,97887,47.18,0.0,4333,181114
2026-07-19T04:16:55Z,0,0,97887,47.18,0.0,4330,181114
2026-07-19T04:17:15Z,0,0,97887,47.18,0.1,4324,181114
2026-07-19T04:17:35Z,0,0,97887,47.18,0.0,4321,181114
2026-07-19T04:17:55Z,0,0,97887,47.18,0.1,4350,181114
2026-07-19T04:18:15Z,0,0,97887,47.18,0.1,4356,181114
2026-07-19T04:18:35Z,0,0,97887,47.18,0.0,4351,181114
2026-07-19T04:18:55Z,0,0,97887,47.18,0.0,4355,181114
2026-07-19T04:19:15Z,0,0,97887,47.17,0.1,4375,181114
2026-07-19T04:19:35Z,0,0,97887,47.18,0.0,4353,181114
2026-07-19T04:19:55Z,0,0,97887,47.18,0.1,4372,181114
2026-07-19T04:20:15Z,0,0,97887,47.19,0.1,4375,181114
2026-07-19T04:20:35Z,0,0,97887,47.18,0.0,4346,181114
2026-07-19T04:20:55Z,0,0,97887,47.18,0.0,4354,181114
2026-07-19T04:21:15Z,0,0,97887,47.19,0.1,4337,181114
2026-07-19T04:21:35Z,0,0,97887,47.18,0.0,4336,181114
2026-07-19T04:21:55Z,0,0,97887,47.19,0.1,4358,181114
2026-07-19T04:22:15Z,0,0,97887,47.17,0.1,4363,181114
2026-07-19T04:22:35Z,0,0,97887,47.18,0.0,4350,181114
2026-07-19T04:22:55Z,0,0,97887,47.18,0.0,4348,181114
2026-07-19T04:23:15Z,0,0,97887,47.18,0.1,4355,181114
2026-07-19T04:23:35Z,0,0,97887,47.19,0.0,4354,181114
2026-07-19T04:23:55Z,0,0,97887,47.17,0.1,4369,181114
2026-07-19T04:24:15Z,0,0,97887,47.18,0.1,4359,181114
2026-07-19T04:24:36Z,0,0,97887,47.18,0.0,4359,181114
2026-07-19T04:24:56Z,0,0,97887,47.18,0.0,4361,181114
2026-07-19T04:25:16Z,0,0,97887,47.17,0.1,4376,181114
2026-07-19T04:25:36Z,0,0,97887,47.18,0.0,4347,181114
2026-07-19T04:25:56Z,0,0,97887,47.17,0.1,4403,181114
2026-07-19T04:26:16Z,0,0,97887,47.17,0.1,4373,181114
2026-07-19T04:26:36Z,0,0,97887,47.17,0.0,4359,181114
2026-07-19T04:26:56Z,0,0,97887,47.18,0.0,4353,181114
2026-07-19T04:27:16Z,0,0,97887,47.18,0.1,4368,181114
2026-07-19T04:27:36Z,0,0,97887,47.19,0.0,4345,181114
2026-07-19T04:27:56Z,0,0,97887,47.19,0.1,4363,181114
2026-07-19T04:28:16Z,0,0,97887,47.17,0.1,4344,181114
2026-07-19T04:28:36Z,0,0,97887,47.18,0.0,4339,181114
2026-07-19T04:28:56Z,0,0,97887,47.19,0.0,4334,181114
2026-07-19T04:29:16Z,0,0,97887,47.18,0.1,4372,181114
2026-07-19T04:29:36Z,0,0,97887,47.19,0.0,4358,181114
2026-07-19T04:29:56Z,0,0,97887,47.17,0.1,4361,181114
2026-07-19T04:30:16Z,0,0,97887,47.17,0.1,4348,181114
2026-07-19T04:30:36Z,0,0,97887,47.18,0.0,4332,181114
2026-07-19T04:30:56Z,0,0,97887,47.18,0.0,4341,181114
2026-07-19T04:31:16Z,0,0,97887,47.18,0.1,4359,181114
2026-07-19T04:31:36Z,0,0,97887,47.17,0.0,4352,181114
2026-07-19T04:31:56Z,0,0,97887,47.18,0.1,4406,181114
2026-07-19T04:32:16Z,0,0,97887,47.18,0.1,4378,181114
2026-07-19T04:32:36Z,0,0,97887,47.17,0.0,4352,181114
2026-07-19T04:32:56Z,0,0,97887,47.18,0.0,4344,181114
2026-07-19T04:33:16Z,0,0,97887,47.18,0.1,4357,181114
2026-07-19T04:33:36Z,0,0,97887,47.18,0.0,4344,181114
2026-07-19T04:33:56Z,0,0,97887,47.18,0.1,4388,181114
2026-07-19T04:34:16Z,0,0,97887,47.18,0.1,4356,181114
2026-07-19T04:34:36Z,0,0,97887,47.18,0.0,4340,181114
2026-07-19T04:34:56Z,0,0,97887,47.19,0.0,4339,181114
2026-07-19T04:35:16Z,0,0,97887,47.18,0.1,4349,181114
2026-07-19T04:35:36Z,0,0,97887,47.18,0.0,4339,181114
2026-07-19T04:35:56Z,0,0,97887,47.18,0.1,4352,181114
2026-07-19T04:36:17Z,0,0,97887,47.18,0.1,4377,181114
2026-07-19T04:36:37Z,0,0,97887,47.18,0.0,4339,181114
2026-07-19T04:36:57Z,0,0,97887,47.18,0.0,4337,181114
2026-07-19T04:37:17Z,0,0,97887,47.18,0.1,4346,181114
2026-07-19T04:37:37Z,0,0,97887,47.17,0.0,4342,181114
2026-07-19T04:37:57Z,0,0,97887,47.18,0.0,4374,181114
2026-07-19T04:38:17Z,0,0,97887,47.18,0.1,4410,181114
2026-07-19T04:38:37Z,0,0,97887,47.19,0.0,4327,181114
2026-07-19T04:38:57Z,0,0,97887,47.17,0.0,4330,181114
2026-07-19T04:39:17Z,0,0,97887,47.19,0.1,4319,181114
2026-07-19T04:39:37Z,0,0,97887,47.18,0.1,4308,181114
2026-07-19T04:39:57Z,0,0,97887,47.17,0.0,4310,181114
2026-07-19T04:40:17Z,0,0,97887,47.19,0.1,4361,181114
2026-07-19T04:40:37Z,0,0,97887,47.18,0.1,4339,181114
2026-07-19T04:40:57Z,0,0,97887,47.18,0.0,4344,181114
2026-07-19T04:41:17Z,0,0,97887,47.19,0.0,4365,181114
2026-07-19T04:41:37Z,0,0,97887,47.17,0.1,4369,181114
2026-07-19T04:41:57Z,0,0,97887,47.18,0.0,4352,181114
2026-07-19T04:42:17Z,0,0,97887,47.17,0.1,4346,181114
2026-07-19T04:42:37Z,0,0,97887,47.18,0.1,4348,181114
2026-07-19T04:42:57Z,0,0,97887,47.18,0.0,4352,181114
2026-07-19T04:43:17Z,0,0,97887,47.18,0.0,4351,181114
2026-07-19T04:43:37Z,0,0,97887,47.19,0.1,4361,181114
2026-07-19T04:43:57Z,0,0,97887,47.17,0.0,4362,181114
2026-07-19T04:44:17Z,0,0,97887,47.18,0.1,4373,181114
2026-07-19T04:44:37Z,0,0,97887,47.18,0.1,4364,181114
2026-07-19T04:44:57Z,0,0,97887,47.19,0.0,4366,181114
2026-07-19T04:45:17Z,0,0,97887,47.19,0.0,4363,181114
2026-07-19T04:45:37Z,0,0,97887,47.18,0.1,4327,181114
2026-07-19T04:45:57Z,0,0,97887,47.18,0.0,4334,181114
2026-07-19T04:46:17Z,0,0,97887,47.18,0.1,4356,181114
2026-07-19T04:46:37Z,0,0,97887,47.18,0.1,4347,181114
2026-07-19T04:46:57Z,0,0,97887,47.18,0.0,4349,181114
2026-07-19T04:47:17Z,0,0,97887,47.18,0.0,4348,181114
2026-07-19T04:47:37Z,0,0,97887,47.18,0.1,4354,181114
2026-07-19T04:47:57Z,0,0,97887,47.19,0.0,4349,181114
2026-07-19T04:48:18Z,0,0,97887,47.18,0.1,4374,181114
2026-07-19T04:48:38Z,0,0,97887,47.18,0.1,4370,181114
2026-07-19T04:48:58Z,0,0,97887,47.18,0.0,4369,181114
2026-07-19T04:49:18Z,0,0,97887,47.18,0.0,4375,181114
2026-07-19T04:49:38Z,0,0,97887,47.17,0.1,4372,181114
2026-07-19T04:49:58Z,0,0,97887,47.18,0.0,4356,181114
2026-07-19T04:50:18Z,0,0,97887,47.18,0.1,4359,181114
2026-07-19T04:50:38Z,0,0,97887,47.18,0.1,4355,181114
2026-07-19T04:50:58Z,0,0,97887,47.18,0.0,4343,181114
2026-07-19T04:51:18Z,0,0,97887,47.19,0.0,4344,181114
2026-07-19T04:51:38Z,0,0,97887,47.19,0.1,4339,181114
2026-07-19T04:51:58Z,0,0,97887,47.18,0.0,4330,181114
2026-07-19T04:52:18Z,0,0,97887,47.17,0.1,4352,181114
2026-07-19T04:52:38Z,0,0,97887,47.17,0.1,4339,181114
2026-07-19T04:52:58Z,0,0,97887,47.18,0.0,4342,181114
2026-07-19T04:53:18Z,0,0,97887,47.17,0.0,4347,181114
2026-07-19T04:53:38Z,0,0,97887,47.18,0.1,4397,181114
2026-07-19T04:53:58Z,0,0,97887,47.18,0.0,4368,181114
2026-07-19T04:54:18Z,0,0,97887,47.18,0.1,4376,181114
2026-07-19T04:54:38Z,0,0,97887,47.19,0.1,4351,181114
2026-07-19T04:54:58Z,0,0,97887,47.17,0.0,4340,181114
2026-07-19T04:55:18Z,0,0,97887,47.18,0.0,4348,181114
2026-07-19T04:55:38Z,0,0,97887,47.17,0.1,4358,181114
2026-07-19T04:55:58Z,0,0,97887,47.19,0.0,4356,181114
2026-07-19T04:56:18Z,0,0,97887,47.19,0.1,4365,181114
2026-07-19T04:56:38Z,0,0,97887,47.18,0.1,4375,181114
2026-07-19T04:56:58Z,0,0,97887,47.17,0.0,4356,181114
2026-07-19T04:57:18Z,0,0,97887,47.19,0.0,4354,181114
2026-07-19T04:57:38Z,0,0,97887,47.17,0.1,4356,181114
2026-07-19T04:57:58Z,0,0,97887,47.18,0.0,4341,181114
2026-07-19T04:58:18Z,0,0,97887,47.18,0.1,4364,181114
2026-07-19T04:58:38Z,0,0,97887,47.18,0.1,4356,181114
2026-07-19T04:58:58Z,0,0,97887,47.19,0.0,4352,181114
2026-07-19T04:59:18Z,0,0,97887,47.18,0.0,4345,181114
2026-07-19T04:59:38Z,0,0,97887,47.18,0.1,4371,181114
2026-07-19T04:59:59Z,0,0,97887,47.18,0.0,4363,181114
2026-07-19T05:00:19Z,0,0,97887,47.17,0.1,4372,181114
2026-07-19T05:00:39Z,0,0,97887,47.18,0.1,4373,181114
2026-07-19T05:00:59Z,0,0,97887,47.18,0.0,4365,181114
2026-07-19T05:01:19Z,0,0,97887,47.18,0.0,4360,181114
2026-07-19T05:01:39Z,0,0,97887,47.18,0.1,4351,181114
2026-07-19T05:01:59Z,0,0,97887,47.18,0.0,4336,181114
2026-07-19T05:02:19Z,0,0,97887,47.17,0.1,4359,181114
2026-07-19T05:02:39Z,0,0,97887,47.18,0.1,4381,181114
2026-07-19T05:02:59Z,0,0,97887,47.19,0.0,4359,181114
2026-07-19T05:03:19Z,0,0,97887,47.17,0.0,4363,181114
2026-07-19T05:03:39Z,0,0,97887,47.19,0.1,4366,181114
2026-07-19T05:03:59Z,0,0,97887,47.18,0.0,4351,181114
2026-07-19T05:04:19Z,0,0,97887,47.18,0.1,4351,181114
2026-07-19T05:04:39Z,0,0,97887,47.18,0.1,4405,181114
2026-07-19T05:04:59Z,0,0,97887,47.18,0.0,4361,181114
2026-07-19T05:05:19Z,0,0,97887,47.18,0.0,4357,181114
2026-07-19T05:05:39Z,0,0,97887,47.18,0.1,4390,181114
2026-07-19T05:05:59Z,0,0,97887,47.19,0.0,4358,181114
2026-07-19T05:06:19Z,0,0,97887,47.19,0.1,4375,181114
2026-07-19T05:06:39Z,0,0,97887,47.17,0.1,4372,181114
2026-07-19T05:06:59Z,0,0,97887,47.17,0.0,4359,181114
2026-07-19T05:07:19Z,0,0,97887,47.17,0.0,4354,181114
