ts_utc,gpu_util_pct,gpu_mem_used_mib,gpu_mem_total_mib,gpu_power_w,cpu_util_pct,mem_used_mib,mem_total_mib
2026-07-18T21:50:25Z,0,0,97887,47.55,4.9,2256,181114
2026-07-18T21:50:45Z,0,0,97887,47.55,1.3,2804,181114
2026-07-18T21:51:05Z,0,0,97887,47.53,3.4,3163,181114
2026-07-18T21:51:25Z,0,0,97887,47.53,4.9,3200,181114
2026-07-18T21:51:45Z,0,0,97887,47.53,2.0,3035,181114
2026-07-18T21:52:05Z,0,3,97887,47.43,3.8,5739,181114
2026-07-18T21:52:25Z,0,37117,97887,85.90,3.1,8277,181114
2026-07-18T21:52:46Z,0,37799,97887,102.45,2.1,8532,181114
2026-07-18T21:53:06Z,95,37801,97887,130.79,2.1,9065,181114
2026-07-18T21:53:26Z,0,41927,97887,104.77,2.1,9257,181114
2026-07-18T21:53:46Z,92,41931,97887,141.55,2.2,9291,181114
2026-07-18T21:54:06Z,0,41351,97887,86.94,23.9,48572,181114
2026-07-18T21:54:26Z,0,41351,97887,86.56,33.3,31176,181114
2026-07-18T21:54:46Z,0,41351,97887,86.39,10.7,18749,181114
2026-07-18T21:55:06Z,0,65693,97887,86.88,2.1,17900,181114
2026-07-18T21:55:26Z,0,65693,97887,86.59,2.1,16856,181114
2026-07-18T21:55:46Z,62,85251,97887,313.77,2.5,16063,181114
2026-07-18T21:56:06Z,0,89213,97887,87.58,1.8,13571,181114
2026-07-18T21:56:26Z,0,89213,97887,86.85,1.6,12059,181114
2026-07-18T21:56:46Z,0,89213,97887,86.53,1.4,10977,181114
2026-07-18T21:57:06Z,0,89219,97887,86.49,3.1,11280,181114
2026-07-18T21:57:26Z,100,89221,97887,599.86,2.2,11023,181114
2026-07-18T21:57:46Z,99,89223,97887,476.07,2.8,11053,181114
2026-07-18T21:58:06Z,100,89225,97887,489.62,2.8,10941,181114
2026-07-18T21:58:26Z,100,89225,97887,438.52,2.6,10858,181114
2026-07-18T21:58:46Z,100,89225,97887,393.20,2.7,10773,181114
2026-07-18T21:59:06Z,100,89231,97887,462.50,3.0,10743,181114
2026-07-18T21:59:26Z,100,89235,97887,394.17,2.7,10698,181114
2026-07-18T21:59:46Z,100,89239,97887,601.05,2.8,10657,181114
2026-07-18T22:00:06Z,100,89243,97887,484.78,2.7,10638,181114
2026-07-18T22:00:26Z,99,89247,97887,514.61,2.7,10587,181114
2026-07-18T22:00:46Z,99,89251,97887,449.89,2.8,10568,181114
2026-07-18T22:01:06Z,100,89257,97887,519.54,3.1,10638,181114
2026-07-18T22:01:26Z,100,89261,97887,602.05,2.7,10581,181114
2026-07-18T22:01:46Z,99,89263,97887,604.24,3.0,10567,181114
2026-07-18T22:02:06Z,97,89265,97887,593.68,2.9,10629,181114
2026-07-18T22:02:26Z,100,89269,97887,601.68,2.9,10609,181114
2026-07-18T22:02:46Z,100,89271,97887,528.81,3.1,10638,181114
2026-07-18T22:03:06Z,100,89273,97887,599.09,3.4,10825,181114
2026-07-18T22:03:26Z,100,89275,97887,603.25,3.0,10721,181114
2026-07-18T22:03:46Z,100,89277,97887,599.45,3.1,10719,181114
2026-07-18T22:04:06Z,100,89277,97887,393.28,3.0,10721,181114
2026-07-18T22:04:26Z,100,89279,97887,535.95,2.8,10696,181114
2026-07-18T22:04:47Z,100,89281,97887,604.76,3.1,10675,181114
2026-07-18T22:05:07Z,100,89285,97887,472.05,3.2,10781,181114
2026-07-18T22:05:27Z,99,89285,97887,589.89,3.1,10718,181114
2026-07-18T22:05:47Z,100,89285,97887,402.69,2.8,10728,181114
2026-07-18T22:06:07Z,100,89287,97887,587.80,3.0,10698,181114
2026-07-18T22:06:27Z,100,89291,97887,496.10,3.1,10696,181114
2026-07-18T22:06:47Z,100,89295,97887,459.98,3.3,10666,181114
2026-07-18T22:07:07Z,100,89295,97887,399.45,3.4,10835,181114
2026-07-18T22:07:27Z,100,89297,97887,479.74,3.1,10737,181114
2026-07-18T22:07:47Z,99,89301,97887,581.45,2.9,10750,181114
2026-07-18T22:08:07Z,100,89301,97887,535.61,2.7,10724,181114
2026-07-18T22:08:27Z,100,89303,97887,601.21,3.0,10707,181114
2026-07-18T22:08:47Z,100,89305,97887,399.86,3.1,10771,181114
2026-07-18T22:09:07Z,100,89309,97887,602.14,3.4,10879,181114
2026-07-18T22:09:27Z,98,89311,97887,602.82,3.0,10792,181114
2026-07-18T22:09:47Z,100,89311,97887,525.23,2.9,10724,181114
2026-07-18T22:10:07Z,100,89313,97887,602.97,3.0,10714,181114
2026-07-18T22:10:27Z,100,89317,97887,520.83,2.9,10741,181114
2026-07-18T22:10:47Z,100,89319,97887,600.83,3.1,10758,181114
2026-07-18T22:11:07Z,100,89321,97887,398.56,3.1,10785,181114
2026-07-18T22:11:27Z,100,89325,97887,495.87,3.6,10838,181114
2026-07-18T22:11:47Z,100,89325,97887,475.47,3.0,10814,181114
2026-07-18T22:12:07Z,100,89329,97887,457.69,2.9,10818,181114
2026-07-18T22:12:27Z,100,89329,97887,600.42,3.0,10820,181114
2026-07-18T22:12:47Z,100,89331,97887,598.85,3.0,10815,181114
2026-07-18T22:13:07Z,100,89333,97887,600.55,3.0,10797,181114
2026-07-18T22:13:27Z,100,89335,97887,572.72,3.1,10904,181114
2026-07-18T22:13:47Z,100,89335,97887,399.22,3.0,10859,181114
2026-07-18T22:14:07Z,100,89337,97887,600.78,3.1,10848,181114
2026-07-18T22:14:27Z,100,89343,97887,529.97,2.8,10839,181114
2026-07-18T22:14:47Z,100,89347,97887,599.08,3.2,10977,181114
2026-07-18T22:15:07Z,100,89347,97887,400.18,3.0,10897,181114
2026-07-18T22:15:27Z,100,89349,97887,601.21,3.0,10913,181114
2026-07-18T22:15:48Z,100,89349,97887,399.97,3.1,10915,181114
2026-07-18T22:16:08Z,100,89355,97887,401.03,3.1,10897,181114
2026-07-18T22:16:28Z,100,89355,97887,598.45,3.2,10935,181114
2026-07-18T22:16:48Z,100,89357,97887,600.56,3.0,11001,181114
2026-07-18T22:17:08Z,100,89359,97887,399.64,3.1,10935,181114
2026-07-18T22:17:28Z,100,89363,97887,599.78,3.4,11081,181114
2026-07-18T22:17:48Z,99,89363,97887,593.81,3.0,11076,181114
2026-07-18T22:18:08Z,100,89365,97887,601.11,3.0,10977,181114
2026-07-18T22:18:28Z,100,89367,97887,587.84,2.9,10964,181114
2026-07-18T22:18:48Z,99,89369,97887,569.05,2.8,10936,181114
2026-07-18T22:19:08Z,100,89371,97887,398.47,3.1,10984,181114
2026-07-18T22:19:28Z,100,89371,97887,514.09,3.2,11036,181114
2026-07-18T22:19:48Z,100,89377,97887,598.92,2.8,10988,181114
2026-07-18T22:20:08Z,100,89377,97887,601.76,2.8,10963,181114
2026-07-18T22:20:28Z,100,89377,97887,598.84,4.3,11008,181114
2026-07-18T22:20:48Z,100,89377,97887,427.03,4.0,10999,181114
2026-07-18T22:21:08Z,100,89377,97887,601.32,2.9,11034,181114
2026-07-18T22:21:28Z,100,89377,97887,396.58,3.0,11120,181114
2026-07-18T22:21:48Z,99,89381,97887,418.31,2.9,11051,181114
2026-07-18T22:22:08Z,100,89381,97887,539.03,3.0,11064,181114
2026-07-18T22:22:28Z,100,89383,97887,399.90,2.9,11029,181114
2026-07-18T22:22:48Z,100,89383,97887,599.98,2.9,11033,181114
2026-07-18T22:23:08Z,100,89385,97887,397.25,2.9,11087,181114
2026-07-18T22:23:28Z,100,89385,97887,399.26,3.2,11154,181114
2026-07-18T22:23:48Z,100,89385,97887,601.17,2.9,11096,181114
2026-07-18T22:24:08Z,99,89385,97887,601.65,3.3,11084,181114
2026-07-18T22:24:28Z,100,89385,97887,586.42,2.9,11046,181114
2026-07-18T22:24:48Z,100,89385,97887,511.46,3.1,11056,181114
2026-07-18T22:25:08Z,99,89385,97887,601.01,3.1,11059,181114
2026-07-18T22:25:28Z,100,89385,97887,599.96,3.3,11200,181114
2026-07-18T22:25:48Z,100,89385,97887,601.36,3.2,11247,181114
2026-07-18T22:26:08Z,100,89385,97887,397.47,2.7,11187,181114
2026-07-18T22:26:28Z,100,89387,97887,598.70,3.0,11143,181114
2026-07-18T22:26:48Z,100,89387,97887,598.36,3.0,11143,181114
2026-07-18T22:27:09Z,100,89391,97887,397.32,3.1,11130,181114
2026-07-18T22:27:29Z,100,89391,97887,599.84,3.6,11361,181114
2026-07-18T22:27:49Z,100,89391,97887,398.64,2.9,11261,181114
2026-07-18T22:28:09Z,100,89391,97887,599.67,3.2,11200,181114
2026-07-18T22:28:29Z,99,89391,97887,595.73,3.1,11179,181114
2026-07-18T22:28:49Z,99,89391,97887,426.19,2.9,11142,181114
2026-07-18T22:29:09Z,99,89391,97887,592.99,3.6,11265,181114
2026-07-18T22:29:29Z,100,89391,97887,602.21,3.3,11357,181114
2026-07-18T22:29:49Z,100,89391,97887,398.19,2.6,11258,181114
2026-07-18T22:30:09Z,100,89391,97887,600.54,3.1,11233,181114
2026-07-18T22:30:29Z,100,89391,97887,400.17,3.1,11197,181114
2026-07-18T22:30:49Z,100,89391,97887,508.99,2.9,11195,181114
2026-07-18T22:31:09Z,100,89391,97887,471.95,3.3,11218,181114
2026-07-18T22:31:29Z,100,89391,97887,394.03,3.5,11462,181114
2026-07-18T22:31:49Z,100,89391,97887,397.88,3.2,11379,181114
2026-07-18T22:32:09Z,100,89391,97887,397.75,3.0,11284,181114
2026-07-18T22:32:29Z,100,89391,97887,450.88,2.8,11249,181114
2026-07-18T22:32:49Z,100,89391,97887,599.90,2.6,11244,181114
2026-07-18T22:33:09Z,100,89391,97887,393.26,3.1,11299,181114
2026-07-18T22:33:29Z,99,89391,97887,495.52,3.3,11350,181114
2026-07-18T22:33:49Z,100,89391,97887,397.37,2.8,11310,181114
2026-07-18T22:34:09Z,100,89393,97887,515.88,3.1,11308,181114
2026-07-18T22:34:29Z,100,89393,97887,601.48,2.7,11259,181114
2026-07-18T22:34:49Z,100,89393,97887,394.45,2.6,11256,181114
2026-07-18T22:35:09Z,100,89393,97887,507.37,3.1,11345,181114
2026-07-18T22:35:29Z,100,89393,97887,405.87,4.5,11854,181114
2026-07-18T22:35:49Z,100,89393,97887,395.18,4.3,12048,181114
2026-07-18T22:36:09Z,100,89393,97887,474.76,4.7,11880,181114
2026-07-18T22:36:29Z,100,89393,97887,451.73,2.8,11623,181114
2026-07-18T22:36:49Z,100,89393,97887,396.04,3.0,11567,181114
2026-07-18T22:37:09Z,100,89393,97887,601.81,3.3,11511,181114
2026-07-18T22:37:29Z,100,89393,97887,598.73,3.6,11779,181114
2026-07-18T22:37:49Z,100,89393,97887,397.26,2.8,11606,181114
2026-07-18T22:38:10Z,100,89393,97887,482.73,2.9,11577,181114
2026-07-18T22:38:30Z,100,89393,97887,398.23,3.1,11528,181114
2026-07-18T22:38:50Z,100,89393,97887,598.22,2.7,11478,181114
2026-07-18T22:39:10Z,100,89393,97887,398.70,3.1,11497,181114
2026-07-18T22:39:30Z,100,89393,97887,397.00,3.4,11774,181114
2026-07-18T22:39:50Z,100,89393,97887,394.56,2.7,11603,181114
2026-07-18T22:40:10Z,100,89393,97887,396.05,2.9,11506,181114
2026-07-18T22:40:30Z,100,89393,97887,599.82,2.9,11516,181114
2026-07-18T22:40:50Z,100,89393,97887,600.23,3.1,11525,181114
2026-07-18T22:41:10Z,100,89393,97887,598.88,3.1,11523,181114
2026-07-18T22:41:30Z,100,89393,97887,600.78,3.7,11872,181114
2026-07-18T22:41:50Z,97,89393,97887,592.90,2.7,11687,181114
2026-07-18T22:42:10Z,100,89393,97887,461.54,2.7,11623,181114
2026-07-18T22:42:30Z,100,89393,97887,395.55,2.7,11584,181114
2026-07-18T22:42:50Z,100,89393,97887,409.14,3.8,11567,181114
2026-07-18T22:43:10Z,100,89393,97887,596.08,3.5,11621,181114
2026-07-18T22:43:30Z,100,89393,97887,599.47,3.3,11833,181114
2026-07-18T22:43:50Z,100,89393,97887,399.20,2.7,11703,181114
2026-07-18T22:44:10Z,100,89393,97887,397.23,2.9,11677,181114
2026-07-18T22:44:30Z,100,89393,97887,596.37,3.3,11683,181114
2026-07-18T22:44:50Z,100,89393,97887,437.03,2.5,11616,181114
2026-07-18T22:45:10Z,100,89395,97887,601.28,2.9,11646,181114
2026-07-18T22:45:30Z,100,89395,97887,473.46,3.0,11679,181114
2026-07-18T22:45:50Z,100,89395,97887,485.49,4.1,11767,181114
2026-07-18T22:46:10Z,99,89395,97887,532.91,3.0,11717,181114
2026-07-18T22:46:30Z,100,89395,97887,396.28,2.7,11691,181114
2026-07-18T22:46:50Z,100,89395,97887,397.93,3.2,11701,181114
2026-07-18T22:47:10Z,100,89395,97887,396.26,2.8,11714,181114
2026-07-18T22:47:30Z,99,89395,97887,584.46,3.4,11653,181114
2026-07-18T22:47:50Z,100,89395,97887,395.69,2.9,11819,181114
2026-07-18T22:48:10Z,100,89395,97887,601.44,3.0,11775,181114
2026-07-18T22:48:30Z,100,89395,97887,598.96,3.0,11736,181114
2026-07-18T22:48:50Z,100,89395,97887,396.89,2.8,11715,181114
2026-07-18T22:49:11Z,100,89395,97887,410.67,3.1,11741,181114
2026-07-18T22:49:31Z,100,89395,97887,602.34,3.4,11773,181114
2026-07-18T22:49:51Z,100,89395,97887,397.39,3.1,11847,181114
2026-07-18T22:50:11Z,100,89395,97887,418.95,2.8,11757,181114
2026-07-18T22:50:31Z,100,89395,97887,501.56,3.5,11856,181114
2026-07-18T22:50:51Z,100,89395,97887,551.59,2.9,11861,181114
2026-07-18T22:51:11Z,99,89395,97887,580.85,2.6,11856,181114
2026-07-18T22:51:31Z,100,89395,97887,395.17,2.9,11845,181114
2026-07-18T22:51:51Z,99,89395,97887,445.31,3.2,11935,181114
2026-07-18T22:52:11Z,100,89395,97887,395.96,3.0,11898,181114
2026-07-18T22:52:31Z,99,89395,97887,419.55,3.1,11845,181114
2026-07-18T22:52:51Z,100,89395,97887,599.02,3.3,11844,181114
2026-07-18T22:53:11Z,100,89395,97887,600.66,3.0,11846,181114
2026-07-18T22:53:31Z,100,89395,97887,599.22,3.6,11821,181114
2026-07-18T22:53:51Z,100,89395,97887,400.32,3.6,12095,181114
2026-07-18T22:54:11Z,100,89395,97887,601.11,3.1,11987,181114
2026-07-18T22:54:31Z,100,89395,97887,399.42,3.0,11865,181114
2026-07-18T22:54:51Z,100,89395,97887,597.85,3.1,11885,181114
2026-07-18T22:55:11Z,100,89395,97887,600.70,3.1,11863,181114
2026-07-18T22:55:31Z,100,89395,97887,605.99,3.2,11880,181114
2026-07-18T22:55:51Z,100,89395,97887,396.96,3.0,12131,181114
2026-07-18T22:56:11Z,100,89395,97887,511.72,3.1,12040,181114
2026-07-18T22:56:31Z,100,89395,97887,397.56,3.0,11954,181114
2026-07-18T22:56:51Z,100,89395,97887,406.75,2.9,11876,181114
2026-07-18T22:57:11Z,100,89395,97887,600.75,2.9,11924,181114
2026-07-18T22:57:31Z,100,89395,97887,600.77,3.6,11948,181114
2026-07-18T22:57:51Z,100,89395,97887,442.48,3.5,12206,181114
2026-07-18T22:58:11Z,100,89395,97887,473.41,3.3,12145,181114
2026-07-18T22:58:31Z,100,89395,97887,396.25,3.0,12040,181114
2026-07-18T22:58:51Z,100,89395,97887,599.24,2.8,11971,181114
2026-07-18T22:59:11Z,100,89395,97887,394.86,2.8,11977,181114
2026-07-18T22:59:31Z,100,89395,97887,391.98,3.1,11977,181114
2026-07-18T22:59:51Z,100,89395,97887,395.49,3.4,12182,181114
2026-07-18T23:00:12Z,100,89395,97887,600.07,3.2,12074,181114
2026-07-18T23:00:32Z,99,89395,97887,469.79,3.0,12041,181114
2026-07-18T23:00:52Z,100,89395,97887,603.36,2.8,12006,181114
2026-07-18T23:01:12Z,100,89395,97887,600.86,3.0,11984,181114
2026-07-18T23:01:32Z,100,89395,97887,599.66,3.3,11983,181114
2026-07-18T23:01:52Z,100,89395,97887,517.19,3.3,12238,181114
2026-07-18T23:02:12Z,100,89395,97887,596.52,2.8,12143,181114
2026-07-18T23:02:32Z,100,89395,97887,596.79,3.3,12086,181114
2026-07-18T23:02:52Z,99,89395,97887,414.88,3.0,12072,181114
2026-07-18T23:03:12Z,99,89395,97887,568.00,3.2,12227,181114
2026-07-18T23:03:32Z,100,89395,97887,562.29,3.7,12172,181114
2026-07-18T23:03:52Z,100,89395,97887,400.27,3.4,12345,181114
2026-07-18T23:04:12Z,100,89395,97887,570.54,2.8,12213,181114
2026-07-18T23:04:32Z,100,89395,97887,399.23,2.9,12160,181114
2026-07-18T23:04:52Z,100,89395,97887,482.23,2.8,12168,181114
2026-07-18T23:05:12Z,99,89395,97887,603.76,3.1,12170,181114
2026-07-18T23:05:32Z,99,89395,97887,586.82,2.9,12124,181114
2026-07-18T23:05:52Z,100,89395,97887,603.08,3.4,12409,181114
2026-07-18T23:06:12Z,100,89395,97887,522.30,2.4,12289,181114
2026-07-18T23:06:32Z,100,89395,97887,497.88,3.2,12236,181114
2026-07-18T23:06:52Z,100,89395,97887,513.70,3.2,12212,181114
2026-07-18T23:07:12Z,100,89395,97887,397.90,2.8,12227,181114
2026-07-18T23:07:32Z,100,89395,97887,461.61,3.3,12214,181114
2026-07-18T23:07:52Z,100,89395,97887,470.26,3.5,12503,181114
2026-07-18T23:08:12Z,100,89395,97887,398.37,2.8,12361,181114
2026-07-18T23:08:32Z,100,89395,97887,599.20,3.2,12290,181114
2026-07-18T23:08:52Z,100,89395,97887,598.50,3.3,12296,181114
2026-07-18T23:09:12Z,100,89395,97887,598.56,2.7,12257,181114
2026-07-18T23:09:32Z,100,89395,97887,585.65,3.0,12251,181114
2026-07-18T23:09:52Z,99,89395,97887,603.36,3.1,12583,181114
2026-07-18T23:10:12Z,100,89395,97887,464.45,2.9,12371,181114
2026-07-18T23:10:32Z,100,89395,97887,601.92,4.0,12247,181114
2026-07-18T23:10:52Z,100,89395,97887,598.47,2.8,12229,181114
2026-07-18T23:11:12Z,100,89395,97887,601.91,3.1,12223,181114
2026-07-18T23:11:33Z,100,89395,97887,598.99,3.0,12216,181114
2026-07-18T23:11:53Z,99,89395,97887,601.97,3.3,12693,181114
2026-07-18T23:12:13Z,100,89395,97887,478.17,3.2,12509,181114
2026-07-18T23:12:33Z,100,89395,97887,396.95,2.8,12438,181114
2026-07-18T23:12:53Z,100,89395,97887,396.26,3.2,12344,181114
2026-07-18T23:13:13Z,100,89395,97887,602.54,2.9,12322,181114
2026-07-18T23:13:33Z,100,89395,97887,598.27,3.3,12311,181114
2026-07-18T23:13:53Z,100,89395,97887,397.95,3.4,12832,181114
2026-07-18T23:14:13Z,99,89395,97887,604.45,3.2,12642,181114
2026-07-18T23:14:33Z,100,89395,97887,536.24,2.7,12510,181114
2026-07-18T23:14:53Z,100,89395,97887,547.06,3.1,12554,181114
2026-07-18T23:15:13Z,100,89395,97887,529.39,3.1,12466,181114
2026-07-18T23:15:33Z,100,89395,97887,600.93,3.1,12435,181114
2026-07-18T23:15:53Z,99,89395,97887,593.47,3.8,12685,181114
2026-07-18T23:16:13Z,100,89395,97887,513.99,2.9,12597,181114
2026-07-18T23:16:33Z,100,89395,97887,400.61,3.2,12508,181114
2026-07-18T23:16:53Z,100,89395,97887,398.26,2.8,12467,181114
2026-07-18T23:17:13Z,99,89395,97887,603.89,3.0,12481,181114
2026-07-18T23:17:33Z,100,89395,97887,599.40,3.5,12518,181114
2026-07-18T23:17:53Z,99,89395,97887,600.48,3.6,12755,181114
2026-07-18T23:18:13Z,100,89395,97887,400.60,3.3,12599,181114
2026-07-18T23:18:33Z,100,89395,97887,486.08,2.8,12523,181114
2026-07-18T23:18:53Z,100,89395,97887,513.01,3.7,12676,181114
2026-07-18T23:19:13Z,100,89395,97887,604.30,2.7,12590,181114
2026-07-18T23:19:33Z,100,89395,97887,600.86,3.3,12587,181114
2026-07-18T23:19:53Z,100,89395,97887,603.73,3.1,13223,181114
2026-07-18T23:20:13Z,100,89395,97887,602.35,3.0,12806,181114
2026-07-18T23:20:33Z,99,89395,97887,599.73,4.1,12710,181114
2026-07-18T23:20:53Z,100,89395,97887,582.94,3.0,12596,181114
2026-07-18T23:21:13Z,100,89395,97887,599.34,2.8,12575,181114
2026-07-18T23:21:33Z,99,89395,97887,597.66,3.2,12522,181114
2026-07-18T23:21:53Z,100,89395,97887,398.96,3.3,12505,181114
2026-07-18T23:22:13Z,100,89395,97887,582.51,3.9,12665,181114
2026-07-18T23:22:34Z,99,89395,97887,590.21,2.8,12525,181114
2026-07-18T23:22:54Z,100,89395,97887,398.58,3.4,12527,181114
2026-07-18T23:23:14Z,100,89395,97887,398.86,3.1,12494,181114
2026-07-18T23:23:34Z,100,89395,97887,598.58,3.4,12519,181114
2026-07-18T23:23:54Z,100,89395,97887,602.97,3.2,12484,181114
2026-07-18T23:24:14Z,100,89395,97887,563.06,3.3,12689,181114
2026-07-18T23:24:34Z,100,89395,97887,600.03,2.9,12557,181114
2026-07-18T23:24:54Z,100,89395,97887,547.71,3.3,12519,181114
2026-07-18T23:25:14Z,100,89395,97887,393.80,3.0,12527,181114
2026-07-18T23:25:34Z,100,89395,97887,397.73,3.0,12519,181114
2026-07-18T23:25:54Z,100,89395,97887,594.93,3.5,12584,181114
2026-07-18T23:26:14Z,100,89395,97887,601.05,3.6,12798,181114
2026-07-18T23:26:34Z,100,89395,97887,551.49,3.1,12624,181114
2026-07-18T23:26:54Z,100,89395,97887,396.52,3.3,12621,181114
2026-07-18T23:27:14Z,100,89395,97887,602.74,3.1,12621,181114
2026-07-18T23:27:34Z,100,89395,97887,602.36,3.2,12607,181114
2026-07-18T23:27:54Z,100,89395,97887,395.80,3.3,12623,181114
2026-07-18T23:28:14Z,100,89395,97887,476.44,3.4,12791,181114
2026-07-18T23:28:34Z,100,89395,97887,601.19,2.9,12633,181114
2026-07-18T23:28:54Z,100,89395,97887,601.53,3.3,12680,181114
2026-07-18T23:29:14Z,100,89395,97887,390.60,2.7,12630,181114
2026-07-18T23:29:34Z,100,89395,97887,601.97,3.7,12650,181114
2026-07-18T23:29:54Z,100,89395,97887,399.69,3.1,12641,181114
2026-07-18T23:30:14Z,100,89395,97887,600.85,3.3,12968,181114
2026-07-18T23:30:34Z,100,89395,97887,398.48,2.9,12775,181114
2026-07-18T23:30:54Z,100,89395,97887,397.71,3.4,12733,181114
2026-07-18T23:31:14Z,99,89395,97887,567.05,2.8,12684,181114
2026-07-18T23:31:34Z,100,89395,97887,413.66,3.0,12673,181114
2026-07-18T23:31:54Z,100,89395,97887,551.10,2.8,12675,181114
2026-07-18T23:32:14Z,100,89395,97887,600.47,3.2,13004,181114
2026-07-18T23:32:34Z,99,89395,97887,598.86,3.8,12851,181114
2026-07-18T23:32:54Z,100,89395,97887,438.51,2.8,12769,181114
2026-07-18T23:33:14Z,100,89395,97887,513.44,3.2,12738,181114
2026-07-18T23:33:35Z,100,89395,97887,397.86,2.6,12740,181114
2026-07-18T23:33:55Z,100,89395,97887,397.09,3.3,12748,181114
2026-07-18T23:34:15Z,100,89395,97887,602.30,3.2,13024,181114
2026-07-18T23:34:35Z,100,89395,97887,530.14,3.1,12827,181114
2026-07-18T23:34:55Z,100,89395,97887,447.18,3.2,12822,181114
2026-07-18T23:35:15Z,100,89395,97887,444.91,3.2,12845,181114
2026-07-18T23:35:35Z,100,89395,97887,601.68,3.5,12875,181114
2026-07-18T23:35:55Z,100,89395,97887,601.79,3.1,12800,181114
2026-07-18T23:36:15Z,100,89395,97887,432.93,3.9,13191,181114
2026-07-18T23:36:35Z,100,89395,97887,393.23,2.9,13044,181114
2026-07-18T23:36:55Z,100,89395,97887,396.92,3.3,12956,181114
2026-07-18T23:37:15Z,99,89395,97887,593.49,2.9,12899,181114
2026-07-18T23:37:35Z,100,89395,97887,462.91,3.3,12838,181114
2026-07-18T23:37:55Z,100,89395,97887,604.63,3.8,12910,181114
2026-07-18T23:38:15Z,100,89395,97887,396.98,3.4,13192,181114
2026-07-18T23:38:35Z,100,89395,97887,601.17,2.6,13044,181114
2026-07-18T23:38:55Z,100,89395,97887,543.39,3.1,12965,181114
2026-07-18T23:39:15Z,100,89395,97887,555.22,2.9,12935,181114
2026-07-18T23:39:35Z,100,89395,97887,440.29,2.6,12897,181114
2026-07-18T23:39:55Z,100,89395,97887,441.10,3.4,12995,181114
2026-07-18T23:40:15Z,100,89395,97887,396.23,3.4,13072,181114
2026-07-18T23:40:35Z,100,89395,97887,394.54,3.4,12933,181114
2026-07-18T23:40:55Z,100,89395,97887,395.43,2.8,12942,181114
2026-07-18T23:41:15Z,100,89395,97887,504.38,3.1,12912,181114
2026-07-18T23:41:35Z,100,89395,97887,425.98,2.8,12903,181114
2026-07-18T23:41:55Z,100,89395,97887,420.10,2.9,12892,181114
2026-07-18T23:42:15Z,100,89395,97887,395.51,3.6,13288,181114
2026-07-18T23:42:35Z,99,89395,97887,583.28,3.0,13070,181114
2026-07-18T23:42:55Z,100,89395,97887,585.95,3.2,13030,181114
2026-07-18T23:43:15Z,100,89395,97887,396.90,3.0,12929,181114
2026-07-18T23:43:35Z,100,89395,97887,441.39,3.1,12912,181114
2026-07-18T23:43:55Z,100,89395,97887,395.52,3.1,12961,181114
2026-07-18T23:44:15Z,100,89395,97887,603.39,3.4,13260,181114
2026-07-18T23:44:36Z,100,89395,97887,397.47,3.1,13043,181114
2026-07-18T23:44:56Z,100,89395,97887,599.53,3.8,13021,181114
2026-07-18T23:45:16Z,100,89395,97887,399.82,3.1,12966,181114
2026-07-18T23:45:36Z,100,89395,97887,601.34,2.6,12922,181114
2026-07-18T23:45:56Z,100,89395,97887,395.82,3.3,12916,181114
2026-07-18T23:46:16Z,100,89395,97887,393.63,3.0,13288,181114
2026-07-18T23:46:36Z,100,89395,97887,598.99,3.2,13170,181114
2026-07-18T23:46:56Z,98,89395,97887,603.18,2.9,13044,181114
2026-07-18T23:47:16Z,100,89395,97887,602.52,2.8,13033,181114
2026-07-18T23:47:36Z,100,89395,97887,601.54,3.3,12998,181114
2026-07-18T23:47:56Z,100,89395,97887,600.47,3.5,13018,181114
2026-07-18T23:48:16Z,100,89395,97887,395.36,3.7,13294,181114
2026-07-18T23:48:36Z,100,89395,97887,432.84,3.2,13105,181114
2026-07-18T23:48:56Z,100,89395,97887,555.56,2.8,13056,181114
2026-07-18T23:49:16Z,100,89395,97887,422.48,3.1,13010,181114
2026-07-18T23:49:36Z,100,89395,97887,600.90,2.7,12966,181114
2026-07-18T23:49:56Z,100,89395,97887,545.97,3.3,13051,181114
2026-07-18T23:50:16Z,100,89395,97887,553.23,3.6,13379,181114
2026-07-18T23:50:36Z,100,89395,97887,394.57,2.6,13175,181114
2026-07-18T23:50:56Z,100,89395,97887,391.53,3.6,13240,181114
2026-07-18T23:51:16Z,100,89395,97887,398.04,3.2,13122,181114
2026-07-18T23:51:36Z,99,89395,97887,410.68,2.8,13113,181114
2026-07-18T23:51:56Z,100,89395,97887,600.10,3.1,13110,181114
2026-07-18T23:52:16Z,100,89395,97887,597.94,3.0,13118,181114
2026-07-18T23:52:36Z,100,89395,97887,596.75,3.2,13290,181114
2026-07-18T23:52:56Z,100,89395,97887,600.35,2.7,13163,181114
2026-07-18T23:53:16Z,100,89395,97887,599.07,3.8,13166,181114
2026-07-18T23:53:36Z,100,89395,97887,398.23,3.2,13146,181114
2026-07-18T23:53:56Z,100,89395,97887,564.67,3.0,13112,181114
2026-07-18T23:54:16Z,100,89395,97887,499.02,2.8,13111,181114
2026-07-18T23:54:36Z,100,89395,97887,601.22,3.6,13324,181114
2026-07-18T23:54:56Z,100,89395,97887,398.56,3.0,13186,181114
2026-07-18T23:55:16Z,99,89395,97887,599.37,3.3,13139,181114
2026-07-18T23:55:36Z,99,89395,97887,598.13,3.5,13120,181114
2026-07-18T23:55:57Z,100,89395,97887,430.28,3.4,13229,181114
2026-07-18T23:56:17Z,100,89395,97887,398.77,3.1,13173,181114
2026-07-18T23:56:37Z,99,89395,97887,597.39,3.6,13524,181114
2026-07-18T23:56:57Z,100,89395,97887,396.06,2.7,13356,181114
2026-07-18T23:57:17Z,99,89395,97887,412.11,3.1,13312,181114
2026-07-18T23:57:37Z,100,89395,97887,392.03,3.2,13237,181114
2026-07-18T23:57:57Z,100,89395,97887,485.68,2.9,13215,181114
2026-07-18T23:58:17Z,99,89395,97887,604.20,3.2,13194,181114
2026-07-18T23:58:37Z,100,89395,97887,443.41,3.6,13462,181114
2026-07-18T23:58:57Z,100,89395,97887,393.89,3.1,13367,181114
2026-07-18T23:59:17Z,100,89395,97887,398.30,3.9,13440,181114
2026-07-18T23:59:37Z,100,89395,97887,557.29,3.0,13374,181114
2026-07-18T23:59:57Z,99,89395,97887,400.98,3.3,13367,181114
2026-07-19T00:00:17Z,100,89395,97887,397.12,3.1,13256,181114
2026-07-19T00:00:37Z,100,89395,97887,602.79,3.8,13494,181114
2026-07-19T00:00:57Z,100,89395,97887,573.79,3.3,13380,181114
2026-07-19T00:01:17Z,99,89395,97887,600.19,3.0,13237,181114
2026-07-19T00:01:37Z,100,89395,97887,396.44,2.5,13246,181114
2026-07-19T00:01:57Z,100,89395,97887,397.00,3.2,13270,181114
2026-07-19T00:02:17Z,100,89395,97887,391.45,2.7,13299,181114
2026-07-19T00:02:37Z,100,89395,97887,396.80,3.7,13496,181114
2026-07-19T00:02:57Z,100,89395,97887,395.19,3.1,13444,181114
2026-07-19T00:03:17Z,100,89395,97887,437.71,3.8,13395,181114
2026-07-19T00:03:37Z,100,89395,97887,545.54,2.8,13368,181114
2026-07-19T00:03:57Z,100,89395,97887,398.33,3.1,13357,181114
2026-07-19T00:04:17Z,100,89395,97887,391.88,2.8,13299,181114
2026-07-19T00:04:37Z,100,89395,97887,393.23,3.3,13656,181114
2026-07-19T00:04:57Z,100,89395,97887,393.21,3.7,13563,181114
2026-07-19T00:05:17Z,100,89395,97887,594.77,3.3,13442,181114
2026-07-19T00:05:37Z,100,89395,97887,393.52,3.3,13380,181114
2026-07-19T00:05:57Z,100,89395,97887,395.24,3.0,13380,181114
2026-07-19T00:06:17Z,100,89395,97887,397.21,3.4,13342,181114
2026-07-19T00:06:38Z,100,89395,97887,391.66,3.9,13661,181114
2026-07-19T00:06:58Z,100,89395,97887,398.07,3.1,13569,181114
2026-07-19T00:07:18Z,100,89395,97887,597.56,3.1,13482,181114
2026-07-19T00:07:38Z,100,89395,97887,389.58,3.3,13612,181114
2026-07-19T00:07:58Z,99,89395,97887,590.86,4.1,13492,181114
2026-07-19T00:08:18Z,100,89395,97887,396.32,2.9,13424,181114
2026-07-19T00:08:38Z,100,89395,97887,396.52,3.6,13764,181114
2026-07-19T00:08:58Z,100,89395,97887,599.28,3.4,13611,181114
2026-07-19T00:09:18Z,100,89395,97887,330.95,2.5,13553,181114
2026-07-19T00:09:38Z,100,89395,97887,355.72,2.3,13465,181114
2026-07-19T00:09:58Z,0,0,97887,54.72,1.9,4518,181114
2026-07-19T00:10:18Z,0,0,97887,49.02,0.8,4545,181114
2026-07-19T00:10:38Z,0,0,97887,48.13,0.1,4374,181114
2026-07-19T00:10:58Z,0,0,97887,48.01,0.0,4346,181114
2026-07-19T00:11:18Z,0,0,97887,47.60,0.1,4371,181114
2026-07-19T00:11:38Z,0,0,97887,47.55,0.0,4339,181114
2026-07-19T00:11:58Z,0,0,97887,47.55,0.0,4334,181114
2026-07-19T00:12:18Z,0,0,97887,47.55,0.1,4379,181114
2026-07-19T00:12:38Z,0,0,97887,47.56,0.1,4344,181114
2026-07-19T00:12:58Z,0,0,97887,47.55,0.0,4325,181114
2026-07-19T00:13:18Z,0,0,97887,47.54,0.1,4355,181114
2026-07-19T00:13:38Z,0,0,97887,47.54,0.0,4337,181114
2026-07-19T00:13:58Z,0,0,97887,47.55,0.0,4317,181114
2026-07-19T00:14:18Z,0,0,97887,47.55,0.1,4365,181114
2026-07-19T00:14:38Z,0,0,97887,47.55,0.1,4344,181114
2026-07-19T00:14:58Z,0,0,97887,47.53,0.0,4336,181114
2026-07-19T00:15:18Z,0,0,97887,47.52,0.1,4349,181114
2026-07-19T00:15:38Z,0,0,97887,47.53,0.0,4347,181114
2026-07-19T00:15:58Z,0,0,97887,47.55,0.0,4321,181114
2026-07-19T00:16:18Z,0,0,97887,47.55,0.1,4338,181114
2026-07-19T00:16:38Z,0,0,97887,47.54,0.1,4315,181114
2026-07-19T00:16:58Z,0,0,97887,47.55,0.0,4314,181114
2026-07-19T00:17:18Z,0,0,97887,47.53,0.1,4331,181114
2026-07-19T00:17:38Z,0,0,97887,47.54,0.0,4312,181114
2026-07-19T00:17:58Z,0,0,97887,47.52,0.0,4309,181114
2026-07-19T00:18:18Z,0,0,97887,47.52,0.1,4364,181114
2026-07-19T00:18:38Z,0,0,97887,47.55,0.1,4399,181114
2026-07-19T00:18:59Z,0,0,97887,47.54,0.0,4345,181114
2026-07-19T00:19:19Z,0,0,97887,47.53,0.0,4359,181114
2026-07-19T00:19:39Z,0,0,97887,47.53,0.1,4297,181114
2026-07-19T00:19:59Z,0,0,97887,47.54,0.0,4312,181114
2026-07-19T00:20:19Z,0,0,97887,47.53,0.0,4308,181114
2026-07-19T00:20:39Z,0,0,97887,47.53,0.2,4323,181114
2026-07-19T00:20:59Z,0,0,97887,47.54,0.0,4307,181114
2026-07-19T00:21:19Z,0,0,97887,47.54,0.0,4309,181114
2026-07-19T00:21:39Z,0,0,97887,47.53,0.1,4303,181114
2026-07-19T00:21:59Z,0,0,97887,47.54,0.0,4314,181114
2026-07-19T00:22:19Z,0,0,97887,47.53,0.0,4306,181114
2026-07-19T00:22:39Z,0,0,97887,47.52,0.2,4319,181114
2026-07-19T00:22:59Z,0,0,97887,47.52,0.0,4311,181114
2026-07-19T00:23:19Z,0,0,97887,47.53,0.0,4317,181114
2026-07-19T00:23:39Z,0,0,97887,47.53,0.1,4319,181114
2026-07-19T00:23:59Z,0,0,97887,47.53,0.0,4327,181114
2026-07-19T00:24:19Z,0,0,97887,47.54,0.0,4303,181114
2026-07-19T00:24:39Z,0,0,97887,47.54,0.2,4344,181114
2026-07-19T00:24:59Z,0,0,97887,47.54,0.0,4344,181114
2026-07-19T00:25:19Z,0,0,97887,47.54,0.0,4331,181114
2026-07-19T00:25:39Z,0,0,97887,47.54,0.1,4309,181114
2026-07-19T00:25:59Z,0,0,97887,47.53,0.0,4304,181114
2026-07-19T00:26:19Z,0,0,97887,47.54,0.0,4318,181114
2026-07-19T00:26:39Z,0,0,97887,47.54,0.2,4345,181114
2026-07-19T00:26:59Z,0,0,97887,47.54,0.0,4339,181114
2026-07-19T00:27:19Z,0,0,97887,47.55,0.0,4330,181114
2026-07-19T00:27:39Z,0,0,97887,47.53,0.1,4314,181114
2026-07-19T00:27:59Z,0,0,97887,47.53,0.0,4320,181114
2026-07-19T00:28:19Z,0,0,97887,47.54,0.0,4313,181114
2026-07-19T00:28:39Z,0,0,97887,47.54,0.2,4341,181114
2026-07-19T00:28:59Z,0,0,97887,47.53,0.0,4325,181114
2026-07-19T00:29:19Z,0,0,97887,47.55,0.0,4328,181114
2026-07-19T00:29:39Z,0,0,97887,47.54,0.1,4347,181114
2026-07-19T00:29:59Z,0,0,97887,47.53,0.0,4338,181114
2026-07-19T00:30:19Z,0,0,97887,47.53,0.0,4326,181114
2026-07-19T00:30:39Z,0,0,97887,47.55,0.2,4324,181114
2026-07-19T00:30:59Z,0,0,97887,47.54,0.0,4320,181114
2026-07-19T00:31:19Z,0,0,97887,47.54,0.0,4317,181114
2026-07-19T00:31:39Z,0,0,97887,47.53,0.1,4322,181114
2026-07-19T00:31:59Z,0,0,97887,47.54,0.0,4319,181114
2026-07-19T00:32:20Z,0,0,97887,47.53,0.0,4306,181114
2026-07-19T00:32:40Z,0,0,97887,47.55,0.2,4393,181114
2026-07-19T00:33:00Z,0,0,97887,47.54,0.0,4344,181114
2026-07-19T00:33:20Z,0,0,97887,47.54,0.0,4333,181114
2026-07-19T00:33:40Z,0,0,97887,47.54,0.1,4321,181114
2026-07-19T00:34:00Z,0,0,97887,47.53,0.0,4316,181114
2026-07-19T00:34:20Z,0,0,97887,47.56,0.0,4310,181114
2026-07-19T00:34:40Z,0,0,97887,47.53,0.1,4333,181114
2026-07-19T00:35:00Z,0,0,97887,47.54,0.1,4327,181114
2026-07-19T00:35:20Z,0,0,97887,47.53,0.0,4326,181114
2026-07-19T00:35:40Z,0,0,97887,47.54,0.1,4333,181114
2026-07-19T00:36:00Z,0,0,97887,47.55,0.0,4324,181114
2026-07-19T00:36:20Z,0,0,97887,47.51,0.0,4316,181114
2026-07-19T00:36:40Z,0,0,97887,47.54,0.1,4340,181114
2026-07-19T00:37:00Z,0,0,97887,47.53,0.1,4359,181114
2026-07-19T00:37:20Z,0,0,97887,47.54,0.0,4336,181114
2026-07-19T00:37:40Z,0,0,97887,47.52,0.1,4337,181114
2026-07-19T00:38:00Z,0,0,97887,47.54,0.0,4335,181114
2026-07-19T00:38:20Z,0,0,97887,47.52,0.0,4333,181114
2026-07-19T00:38:40Z,0,0,97887,47.54,0.1,4332,181114
2026-07-19T00:39:00Z,0,0,97887,47.53,0.1,4346,181114
2026-07-19T00:39:20Z,0,0,97887,47.53,0.0,4348,181114
2026-07-19T00:39:40Z,0,0,97887,47.55,0.1,4327,181114
2026-07-19T00:40:00Z,0,0,97887,47.52,0.0,4314,181114
2026-07-19T00:40:20Z,0,0,97887,47.51,0.0,4305,181114
2026-07-19T00:40:40Z,0,0,97887,47.53,0.1,4295,181114
2026-07-19T00:41:00Z,0,0,97887,47.53,0.1,4331,181114
2026-07-19T00:41:20Z,0,0,97887,47.52,0.0,4319,181114
2026-07-19T00:41:40Z,0,0,97887,47.53,0.1,4345,181114
2026-07-19T00:42:00Z,0,0,97887,47.54,0.0,4330,181114
2026-07-19T00:42:20Z,0,0,97887,47.54,0.0,4316,181114
2026-07-19T00:42:40Z,0,0,97887,47.53,0.1,4343,181114
2026-07-19T00:43:00Z,0,0,97887,47.53,0.1,4354,181114
2026-07-19T00:43:20Z,0,0,97887,47.53,0.0,4344,181114
2026-07-19T00:43:40Z,0,0,97887,47.53,0.1,4333,181114
2026-07-19T00:44:00Z,0,0,97887,47.53,0.0,4315,181114
2026-07-19T00:44:20Z,0,0,97887,47.53,0.0,4324,181114
2026-07-19T00:44:40Z,0,0,97887,47.51,0.1,4333,181114
2026-07-19T00:45:00Z,0,0,97887,47.53,0.1,4325,181114
2026-07-19T00:45:20Z,0,0,97887,47.53,0.0,4339,181114
2026-07-19T00:45:41Z,0,0,97887,47.53,0.1,4342,181114
2026-07-19T00:46:01Z,0,0,97887,47.53,0.0,4324,181114
2026-07-19T00:46:21Z,0,0,97887,47.55,0.0,4334,181114
2026-07-19T00:46:41Z,0,0,97887,47.54,0.1,4375,181114
2026-07-19T00:47:01Z,0,0,97887,47.55,0.1,4351,181114
2026-07-19T00:47:21Z,0,0,97887,47.52,0.0,4343,181114
2026-07-19T00:47:41Z,0,0,97887,47.52,0.1,4428,181114
2026-07-19T00:48:01Z,0,0,97887,47.54,0.1,4341,181114
2026-07-19T00:48:21Z,0,0,97887,47.54,0.0,4345,181114
2026-07-19T00:48:41Z,0,0,97887,47.54,0.0,4349,181114
2026-07-19T00:49:01Z,0,0,97887,47.53,0.2,4347,181114
2026-07-19T00:49:21Z,0,0,97887,47.54,0.0,4328,181114
2026-07-19T00:49:41Z,0,0,97887,47.55,0.0,4324,181114
2026-07-19T00:50:01Z,0,0,97887,47.54,0.1,4337,181114
2026-07-19T00:50:21Z,0,0,97887,47.53,0.0,4319,181114
2026-07-19T00:50:41Z,0,0,97887,47.53,0.0,4309,181114
2026-07-19T00:51:01Z,0,0,97887,47.53,0.2,4360,181114
2026-07-19T00:51:21Z,0,0,97887,47.52,0.0,4336,181114
2026-07-19T00:51:41Z,0,0,97887,47.53,0.0,4335,181114
2026-07-19T00:52:01Z,0,0,97887,47.54,0.1,4349,181114
2026-07-19T00:52:21Z,0,0,97887,47.53,0.0,4343,181114
2026-07-19T00:52:41Z,0,0,97887,47.54,0.0,4330,181114
2026-07-19T00:53:01Z,0,0,97887,47.52,0.2,4364,181114
2026-07-19T00:53:21Z,0,0,97887,47.53,0.0,4345,181114
2026-07-19T00:53:41Z,0,0,97887,47.53,0.0,4365,181114
2026-07-19T00:54:01Z,0,0,97887,47.51,0.1,4316,181114
2026-07-19T00:54:21Z,0,0,97887,47.54,0.0,4322,181114
2026-07-19T00:54:41Z,0,0,97887,47.53,0.0,4329,181114
2026-07-19T00:55:01Z,0,0,97887,47.54,0.2,4336,181114
2026-07-19T00:55:21Z,0,0,97887,47.53,0.0,4334,181114
2026-07-19T00:55:41Z,0,0,97887,47.55,0.0,4331,181114
2026-07-19T00:56:01Z,0,0,97887,47.52,0.1,4313,181114
2026-07-19T00:56:21Z,0,0,97887,47.53,0.0,4315,181114
2026-07-19T00:56:41Z,0,0,97887,47.52,0.0,4319,181114
2026-07-19T00:57:01Z,0,0,97887,47.53,0.2,4346,181114
2026-07-19T00:57:21Z,0,0,97887,47.54,0.0,4318,181114
2026-07-19T00:57:41Z,0,0,97887,47.52,0.0,4318,181114
2026-07-19T00:58:01Z,0,0,97887,47.54,0.1,4313,181114
2026-07-19T00:58:21Z,0,0,97887,47.53,0.0,4293,181114
2026-07-19T00:58:41Z,0,0,97887,47.54,0.0,4300,181114
2026-07-19T00:59:02Z,0,0,97887,47.54,0.2,4344,181114
2026-07-19T00:59:22Z,0,0,97887,47.54,0.0,4340,181114
2026-07-19T00:59:42Z,0,0,97887,47.52,0.0,4329,181114
2026-07-19T01:00:02Z,0,0,97887,47.53,0.1,4339,181114
2026-07-19T01:00:22Z,0,0,97887,47.54,0.0,4340,181114
2026-07-19T01:00:42Z,0,0,97887,47.54,0.0,4339,181114
2026-07-19T01:01:02Z,0,0,97887,47.55,0.2,4340,181114
2026-07-19T01:01:22Z,0,0,97887,47.53,0.0,4333,181114
2026-07-19T01:01:42Z,0,0,97887,47.54,0.0,4331,181114
2026-07-19T01:02:02Z,0,0,97887,47.54,0.1,4352,181114
2026-07-19T01:02:22Z,0,0,97887,47.55,0.0,4330,181114
2026-07-19T01:02:42Z,0,0,97887,47.56,0.0,4316,181114
2026-07-19T01:03:02Z,0,0,97887,47.55,0.2,4374,181114
2026-07-19T01:03:22Z,0,0,97887,47.54,0.0,4353,181114
2026-07-19T01:03:42Z,0,0,97887,47.55,0.0,4351,181114
2026-07-19T01:04:02Z,0,0,97887,47.57,0.1,4337,181114
2026-07-19T01:04:22Z,0,0,97887,47.54,0.0,4329,181114
2026-07-19T01:04:42Z,0,0,97887,47.54,0.0,4324,181114
2026-07-19T01:05:02Z,0,0,97887,47.54,0.2,4377,181114
2026-07-19T01:05:22Z,0,0,97887,47.54,0.0,4348,181114
2026-07-19T01:05:42Z,0,0,97887,47.54,0.0,4348,181114
2026-07-19T01:06:02Z,0,0,97887,47.54,0.1,4350,181114
2026-07-19T01:06:22Z,0,0,97887,47.51,0.0,4337,181114
2026-07-19T01:06:42Z,0,0,97887,47.52,0.0,4337,181114
2026-07-19T01:07:02Z,0,0,97887,47.53,0.2,4336,181114
2026-07-19T01:07:22Z,0,0,97887,47.53,0.0,4316,181114
2026-07-19T01:07:42Z,0,0,97887,47.52,0.0,4327,181114
2026-07-19T01:08:02Z,0,0,97887,47.51,0.1,4365,181114
2026-07-19T01:08:22Z,0,0,97887,47.50,0.0,4338,181114
2026-07-19T01:08:42Z,0,0,97887,47.52,0.0,4343,181114
2026-07-19T01:09:02Z,0,0,97887,47.51,0.2,4357,181114
2026-07-19T01:09:22Z,0,0,97887,47.53,0.0,4328,181114
2026-07-19T01:09:42Z,0,0,97887,47.52,0.0,4337,181114
2026-07-19T01:10:02Z,0,0,97887,47.54,0.1,4348,181114
2026-07-19T01:10:22Z,0,0,97887,47.55,0.0,4334,181114
2026-07-19T01:10:42Z,0,0,97887,47.54,0.0,4347,181114
2026-07-19T01:11:02Z,0,0,97887,47.53,0.2,4370,181114
2026-07-19T01:11:22Z,0,0,97887,47.52,0.0,4357,181114
2026-07-19T01:11:42Z,0,0,97887,47.52,0.0,4348,181114
2026-07-19T01:12:02Z,0,0,97887,47.53,0.1,4363,181114
2026-07-19T01:12:23Z,0,0,97887,47.53,0.0,4333,181114
2026-07-19T01:12:43Z,0,0,97887,47.54,0.0,4343,181114
2026-07-19T01:13:03Z,0,0,97887,47.54,0.2,4356,181114
2026-07-19T01:13:23Z,0,0,97887,47.53,0.0,4344,181114
2026-07-19T01:13:43Z,0,0,97887,47.53,0.0,4330,181114
2026-07-19T01:14:03Z,0,0,97887,47.53,0.1,4357,181114
2026-07-19T01:14:23Z,0,0,97887,47.55,0.0,4332,181114
2026-07-19T01:14:43Z,0,0,97887,47.52,0.0,4318,181114
2026-07-19T01:15:03Z,0,0,97887,47.53,0.2,4339,181114
2026-07-19T01:15:23Z,0,0,97887,47.53,0.0,4332,181114
2026-07-19T01:15:43Z,0,0,97887,47.53,0.0,4322,181114
2026-07-19T01:16:03Z,0,0,97887,47.52,0.1,4383,181114
2026-07-19T01:16:23Z,0,0,97887,47.53,0.0,4333,181114
2026-07-19T01:16:43Z,0,0,97887,47.52,0.0,4337,181114
2026-07-19T01:17:03Z,0,0,97887,47.53,0.1,4425,181114
2026-07-19T01:17:23Z,0,0,97887,47.51,0.1,4333,181114
2026-07-19T01:17:43Z,0,0,97887,47.52,0.0,4318,181114
2026-07-19T01:18:03Z,0,0,97887,47.52,0.0,4318,181114
2026-07-19T01:18:23Z,0,0,97887,47.54,0.1,4345,181114
2026-07-19T01:18:43Z,0,0,97887,47.53,0.0,4340,181114
2026-07-19T01:19:03Z,0,0,97887,47.52,0.1,4364,181114
2026-07-19T01:19:23Z,0,0,97887,47.54,0.1,4317,181114
2026-07-19T01:19:43Z,0,0,97887,47.53,0.0,4315,181114
2026-07-19T01:20:03Z,0,0,97887,47.54,0.0,4321,181114
2026-07-19T01:20:23Z,0,0,97887,47.54,0.1,4332,181114
2026-07-19T01:20:43Z,0,0,97887,47.52,0.0,4332,181114
2026-07-19T01:21:03Z,0,0,97887,47.53,0.1,4336,181114
2026-07-19T01:21:23Z,0,0,97887,47.52,0.1,4325,181114
2026-07-19T01:21:43Z,0,0,97887,47.54,0.0,4324,181114
2026-07-19T01:22:03Z,0,0,97887,47.55,0.0,4326,181114
2026-07-19T01:22:23Z,0,0,97887,47.54,0.1,4338,181114
2026-07-19T01:22:43Z,0,0,97887,47.53,0.0,4318,181114
2026-07-19T01:23:03Z,0,0,97887,47.54,0.1,4417,181114
2026-07-19T01:23:23Z,0,0,97887,47.54,0.1,4345,181114
2026-07-19T01:23:43Z,0,0,97887,47.54,0.0,4349,181114
2026-07-19T01:24:03Z,0,0,97887,47.55,0.0,4339,181114
2026-07-19T01:24:23Z,0,0,97887,47.54,0.1,4341,181114
2026-07-19T01:24:43Z,0,0,97887,47.53,0.0,4343,181114
2026-07-19T01:25:03Z,0,0,97887,47.53,0.0,4340,181114
2026-07-19T01:25:23Z,0,0,97887,47.52,0.2,4351,181114
2026-07-19T01:25:44Z,0,0,97887,47.52,0.0,4346,181114
2026-07-19T01:26:04Z,0,0,97887,47.53,0.0,4351,181114
2026-07-19T01:26:24Z,0,0,97887,47.53,0.1,4353,181114
2026-07-19T01:26:44Z,0,0,97887,47.54,0.0,4350,181114
2026-07-19T01:27:04Z,0,0,97887,47.53,0.0,4343,181114
2026-07-19T01:27:24Z,0,0,97887,47.51,0.2,4353,181114
2026-07-19T01:27:44Z,0,0,97887,47.54,0.0,4325,181114
2026-07-19T01:28:04Z,0,0,97887,47.54,0.0,4332,181114
2026-07-19T01:28:24Z,0,0,97887,47.53,0.1,4324,181114
2026-07-19T01:28:44Z,0,0,97887,47.54,0.0,4317,181114
2026-07-19T01:29:04Z,0,0,97887,47.54,0.0,4311,181114
2026-07-19T01:29:24Z,0,0,97887,47.54,0.2,4337,181114
2026-07-19T01:29:44Z,0,0,97887,47.54,0.0,4330,181114
2026-07-19T01:30:04Z,0,0,97887,47.54,0.0,4322,181114
2026-07-19T01:30:24Z,0,0,97887,47.55,0.1,4345,181114
2026-07-19T01:30:44Z,0,0,97887,47.54,0.0,4323,181114
2026-07-19T01:31:04Z,0,0,97887,47.54,0.0,4327,181114
2026-07-19T01:31:24Z,0,0,97887,47.52,0.2,4346,181114
2026-07-19T01:31:44Z,0,0,97887,47.50,0.0,4343,181114
2026-07-19T01:32:04Z,0,0,97887,47.53,0.0,4327,181114
2026-07-19T01:32:24Z,0,0,97887,47.56,0.1,4347,181114
2026-07-19T01:32:44Z,0,0,97887,47.55,0.0,4340,181114
2026-07-19T01:33:04Z,0,0,97887,47.55,0.0,4342,181114
2026-07-19T01:33:24Z,0,0,97887,47.53,0.2,4353,181114
2026-07-19T01:33:44Z,0,0,97887,47.55,0.0,4354,181114
2026-07-19T01:34:04Z,0,0,97887,47.55,0.0,4347,181114
2026-07-19T01:34:24Z,0,0,97887,47.55,0.1,4368,181114
2026-07-19T01:34:44Z,0,0,97887,47.53,0.0,4351,181114
2026-07-19T01:35:04Z,0,0,97887,47.53,0.0,4359,181114
2026-07-19T01:35:24Z,0,0,97887,47.53,0.2,4355,181114
2026-07-19T01:35:44Z,0,0,97887,47.53,0.0,4345,181114
2026-07-19T01:36:04Z,0,0,97887,47.50,0.0,4338,181114
2026-07-19T01:36:24Z,0,0,97887,47.51,0.1,4359,181114
2026-07-19T01:36:44Z,0,0,97887,47.53,0.0,4336,181114
2026-07-19T01:37:04Z,0,0,97887,47.52,0.0,4340,181114
2026-07-19T01:37:24Z,0,0,97887,47.53,0.2,4372,181114
2026-07-19T01:37:44Z,0,0,97887,47.55,0.0,4333,181114
2026-07-19T01:38:04Z,0,0,97887,47.53,0.0,4334,181114
2026-07-19T01:38:24Z,0,0,97887,47.55,0.1,4340,181114
2026-07-19T01:38:44Z,0,0,97887,47.52,0.0,4326,181114
2026-07-19T01:39:05Z,0,0,97887,47.51,0.0,4334,181114
2026-07-19T01:39:25Z,0,0,97887,47.53,0.2,4353,181114
2026-07-19T01:39:45Z,0,0,97887,47.54,0.0,4318,181114
2026-07-19T01:40:05Z,0,0,97887,47.51,0.0,4309,181114
2026-07-19T01:40:25Z,0,0,97887,47.52,0.1,4355,181114
2026-07-19T01:40:45Z,0,0,97887,47.51,0.0,4336,181114
2026-07-19T01:41:05Z,0,0,97887,47.51,0.0,4335,181114
2026-07-19T01:41:25Z,0,0,97887,47.53,0.2,4359,181114
2026-07-19T01:41:45Z,0,0,97887,47.52,0.0,4346,181114
2026-07-19T01:42:05Z,0,0,97887,47.54,0.0,4349,181114
2026-07-19T01:42:25Z,0,0,97887,47.53,0.1,4343,181114
2026-07-19T01:42:45Z,0,0,97887,47.55,0.0,4330,181114
2026-07-19T01:43:05Z,0,0,97887,47.54,0.0,4336,181114
2026-07-19T01:43:25Z,0,0,97887,47.54,0.2,4381,181114
2026-07-19T01:43:45Z,0,0,97887,47.54,0.0,4352,181114
2026-07-19T01:44:05Z,0,0,97887,47.53,0.0,4345,181114
2026-07-19T01:44:25Z,0,0,97887,47.54,0.1,4360,181114
2026-07-19T01:44:45Z,0,0,97887,47.54,0.0,4335,181114
2026-07-19T01:45:05Z,0,0,97887,47.55,0.0,4333,181114
2026-07-19T01:45:25Z,0,0,97887,47.51,0.1,4464,181114
2026-07-19T01:45:45Z,0,0,97887,47.54,0.0,4336,181114
2026-07-19T01:46:05Z,0,0,97887,47.56,0.0,4342,181114
2026-07-19T01:46:25Z,0,0,97887,47.54,0.0,4347,181114
2026-07-19T01:46:45Z,0,0,97887,47.52,0.1,4328,181114
2026-07-19T01:47:05Z,0,0,97887,47.54,0.0,4340,181114
2026-07-19T01:47:25Z,0,0,97887,47.54,0.1,4374,181114
2026-07-19T01:47:45Z,0,0,97887,47.55,0.1,4360,181114
2026-07-19T01:48:05Z,0,0,97887,47.55,0.0,4346,181114
2026-07-19T01:48:25Z,0,0,97887,47.55,0.0,4335,181114
2026-07-19T01:48:45Z,0,0,97887,47.51,0.1,4330,181114
2026-07-19T01:49:05Z,0,0,97887,47.52,0.0,4324,181114
2026-07-19T01:49:25Z,0,0,97887,47.50,0.1,4327,181114
2026-07-19T01:49:45Z,0,0,97887,47.50,0.1,4338,181114
2026-07-19T01:50:05Z,0,0,97887,47.53,0.0,4334,181114
2026-07-19T01:50:25Z,0,0,97887,47.51,0.0,4337,181114
2026-07-19T01:50:45Z,0,0,97887,47.52,0.1,4344,181114
2026-07-19T01:51:05Z,0,0,97887,47.55,0.0,4335,181114
2026-07-19T01:51:25Z,0,0,97887,47.51,0.1,4355,181114
2026-07-19T01:51:45Z,0,0,97887,47.51,0.1,4357,181114
2026-07-19T01:52:05Z,0,0,97887,47.53,0.0,4349,181114
2026-07-19T01:52:26Z,0,0,97887,47.53,0.0,4355,181114
2026-07-19T01:52:46Z,0,0,97887,47.52,0.1,4348,181114
2026-07-19T01:53:06Z,0,0,97887,47.53,0.0,4342,181114
2026-07-19T01:53:26Z,0,0,97887,47.54,0.1,4371,181114
2026-07-19T01:53:46Z,0,0,97887,47.53,0.1,4341,181114
2026-07-19T01:54:06Z,0,0,97887,47.55,0.0,4338,181114
2026-07-19T01:54:26Z,0,0,97887,47.50,0.0,4344,181114
2026-07-19T01:54:46Z,0,0,97887,47.51,0.1,4342,181114
2026-07-19T01:55:06Z,0,0,97887,47.52,0.0,4330,181114
2026-07-19T01:55:26Z,0,0,97887,47.49,0.1,4359,181114
2026-07-19T01:55:46Z,0,0,97887,47.51,0.1,4360,181114
2026-07-19T01:56:06Z,0,0,97887,47.53,0.0,4342,181114
2026-07-19T01:56:26Z,0,0,97887,47.56,0.0,4341,181114
2026-07-19T01:56:46Z,0,0,97887,47.55,0.1,4333,181114
2026-07-19T01:57:06Z,0,0,97887,47.53,0.0,4339,181114
2026-07-19T01:57:26Z,0,0,97887,47.55,0.1,4369,181114
2026-07-19T01:57:46Z,0,0,97887,47.53,0.1,4354,181114
2026-07-19T01:58:06Z,0,0,97887,47.54,0.0,4339,181114
2026-07-19T01:58:26Z,0,0,97887,47.53,0.0,4345,181114
2026-07-19T01:58:46Z,0,0,97887,47.54,0.1,4331,181114
2026-07-19T01:59:06Z,0,0,97887,47.53,0.0,4332,181114
2026-07-19T01:59:26Z,0,0,97887,47.54,0.1,4366,181114
2026-07-19T01:59:46Z,0,0,97887,47.51,0.1,4341,181114
2026-07-19T02:00:06Z,0,0,97887,47.54,0.0,4347,181114
2026-07-19T02:00:26Z,0,0,97887,47.51,0.0,4342,181114
2026-07-19T02:00:46Z,0,0,97887,47.53,0.1,4347,181114
2026-07-19T02:01:06Z,0,0,97887,47.53,0.0,4352,181114
2026-07-19T02:01:26Z,0,0,97887,47.54,0.1,4352,181114
2026-07-19T02:01:46Z,0,0,97887,47.51,0.1,4346,181114
2026-07-19T02:02:06Z,0,0,97887,47.52,0.0,4332,181114
2026-07-19T02:02:26Z,0,0,97887,47.54,0.0,4329,181114
2026-07-19T02:02:46Z,0,0,97887,47.55,0.1,4325,181114
2026-07-19T02:03:06Z,0,0,97887,47.53,0.0,4326,181114
2026-07-19T02:03:26Z,0,0,97887,47.54,0.1,4332,181114
2026-07-19T02:03:46Z,0,0,97887,47.55,0.1,4352,181114
2026-07-19T02:04:06Z,0,0,97887,47.56,0.0,4339,181114
2026-07-19T02:04:26Z,0,0,97887,47.55,0.0,4342,181114
2026-07-19T02:04:46Z,0,0,97887,47.53,0.1,4360,181114
2026-07-19T02:05:06Z,0,0,97887,47.54,0.0,4353,181114
2026-07-19T02:05:26Z,0,0,97887,47.52,0.1,4360,181114
2026-07-19T02:05:47Z,0,0,97887,47.53,0.1,4352,181114
2026-07-19T02:06:07Z,0,0,97887,47.53,0.0,4353,181114
2026-07-19T02:06:27Z,0,0,97887,47.51,0.0,4339,181114
2026-07-19T02:06:47Z,0,0,97887,47.54,0.1,4352,181114
2026-07-19T02:07:07Z,0,0,97887,47.52,0.0,4348,181114
2026-07-19T02:07:27Z,0,0,97887,47.52,0.1,4358,181114
2026-07-19T02:07:47Z,0,0,97887,47.54,0.1,4378,181114
2026-07-19T02:08:07Z,0,0,97887,47.54,0.0,4349,181114
2026-07-19T02:08:27Z,0,0,97887,47.53,0.0,4352,181114
2026-07-19T02:08:47Z,0,0,97887,47.52,0.1,4399,181114
2026-07-19T02:09:07Z,0,0,97887,47.53,0.0,4359,181114
2026-07-19T02:09:27Z,0,0,97887,47.53,0.1,4367,181114
2026-07-19T02:09:47Z,0,0,97887,47.55,0.1,4362,181114
2026-07-19T02:10:07Z,0,0,97887,47.54,0.0,4343,181114
2026-07-19T02:10:27Z,0,0,97887,47.52,0.0,4345,181114
2026-07-19T02:10:47Z,0,0,97887,47.54,0.1,4371,181114
2026-07-19T02:11:07Z,0,0,97887,47.53,0.0,4355,181114
2026-07-19T02:11:27Z,0,0,97887,47.54,0.1,4371,181114
2026-07-19T02:11:47Z,0,0,97887,47.54,0.1,4358,181114
2026-07-19T02:12:07Z,0,0,97887,47.52,0.0,4348,181114
2026-07-19T02:12:27Z,0,0,97887,47.54,0.0,4350,181114
2026-07-19T02:12:47Z,0,0,97887,47.54,0.1,4332,181114
2026-07-19T02:13:07Z,0,0,97887,47.53,0.0,4332,181114
2026-07-19T02:13:27Z,0,0,97887,47.54,0.1,4347,181114
2026-07-19T02:13:47Z,0,0,97887,47.54,0.1,4344,181114
2026-07-19T02:14:07Z,0,0,97887,47.56,0.0,4329,181114
2026-07-19T02:14:27Z,0,0,97887,47.54,0.0,4324,181114
2026-07-19T02:14:47Z,0,0,97887,47.54,0.1,4511,181114
2026-07-19T02:15:07Z,0,0,97887,47.54,0.0,4329,181114
2026-07-19T02:15:27Z,0,0,97887,47.55,0.1,4441,181114
2026-07-19T02:15:47Z,0,0,97887,47.55,0.0,4355,181114
2026-07-19T02:16:07Z,0,0,97887,47.54,0.1,4350,181114
2026-07-19T02:16:27Z,0,0,97887,47.52,0.0,4336,181114
2026-07-19T02:16:47Z,0,0,97887,47.52,0.0,4343,181114
2026-07-19T02:17:07Z,0,0,97887,47.53,0.1,4354,181114
2026-07-19T02:17:27Z,0,0,97887,47.54,0.0,4348,181114
2026-07-19T02:17:47Z,0,0,97887,47.55,0.1,4349,181114
2026-07-19T02:18:07Z,0,0,97887,47.54,0.1,4354,181114
2026-07-19T02:18:27Z,0,0,97887,47.55,0.0,4352,181114
2026-07-19T02:18:47Z,0,0,97887,47.54,0.0,4360,181114
2026-07-19T02:19:08Z,0,0,97887,47.54,0.1,4362,181114
2026-07-19T02:19:28Z,0,0,97887,47.55,0.0,4366,181114
2026-07-19T02:19:48Z,0,0,97887,47.53,0.1,4364,181114
2026-07-19T02:20:08Z,0,0,97887,47.54,0.1,4366,181114
2026-07-19T02:20:28Z,0,0,97887,47.53,0.0,4362,181114
2026-07-19T02:20:48Z,0,0,97887,47.55,0.0,4356,181114
2026-07-19T02:21:08Z,0,0,97887,47.54,0.1,4349,181114
2026-07-19T02:21:28Z,0,0,97887,47.55,0.0,4344,181114
2026-07-19T02:21:48Z,0,0,97887,47.53,0.1,4366,181114
2026-07-19T02:22:08Z,0,0,97887,47.55,0.1,4354,181114
2026-07-19T02:22:28Z,0,0,97887,47.55,0.0,4345,181114
2026-07-19T02:22:48Z,0,0,97887,47.55,0.0,4354,181114
2026-07-19T02:23:08Z,0,0,97887,47.56,0.1,4377,181114
2026-07-19T02:23:28Z,0,0,97887,47.56,0.0,4374,181114
2026-07-19T02:23:48Z,0,0,97887,47.56,0.1,4381,181114
2026-07-19T02:24:08Z,0,0,97887,47.54,0.1,4375,181114
2026-07-19T02:24:28Z,0,0,97887,47.55,0.0,4366,181114
2026-07-19T02:24:48Z,0,0,97887,47.55,0.0,4368,181114
2026-07-19T02:25:08Z,0,0,97887,47.54,0.1,4386,181114
2026-07-19T02:25:28Z,0,0,97887,47.54,0.0,4379,181114
2026-07-19T02:25:48Z,0,0,97887,47.55,0.1,4368,181114
2026-07-19T02:26:08Z,0,0,97887,47.57,0.1,4367,181114
2026-07-19T02:26:28Z,0,0,97887,47.55,0.0,4351,181114
2026-07-19T02:26:48Z,0,0,97887,47.56,0.0,4342,181114
2026-07-19T02:27:08Z,0,0,97887,47.55,0.1,4363,181114
2026-07-19T02:27:28Z,0,0,97887,47.55,0.0,4344,181114
2026-07-19T02:27:48Z,0,0,97887,47.55,0.1,4376,181114
2026-07-19T02:28:08Z,0,0,97887,47.54,0.1,4373,181114
2026-07-19T02:28:28Z,0,0,97887,47.57,0.0,4362,181114
2026-07-19T02:28:48Z,0,0,97887,47.56,0.0,4359,181114
2026-07-19T02:29:08Z,0,0,97887,47.57,0.1,4385,181114
2026-07-19T02:29:28Z,0,0,97887,47.55,0.0,4373,181114
2026-07-19T02:29:48Z,0,0,97887,47.54,0.1,4371,181114
2026-07-19T02:30:08Z,0,0,97887,47.55,0.1,4360,181114
2026-07-19T02:30:28Z,0,0,97887,47.53,0.0,4351,181114
2026-07-19T02:30:48Z,0,0,97887,47.54,0.0,4354,181114
2026-07-19T02:31:08Z,0,0,97887,47.54,0.1,4365,181114
2026-07-19T02:31:28Z,0,0,97887,47.53,0.0,4363,181114
2026-07-19T02:31:48Z,0,0,97887,47.54,0.1,4369,181114
2026-07-19T02:32:08Z,0,0,97887,47.55,0.1,4371,181114
2026-07-19T02:32:29Z,0,0,97887,47.54,0.0,4366,181114
2026-07-19T02:32:49Z,0,0,97887,47.56,0.0,4356,181114
2026-07-19T02:33:09Z,0,0,97887,47.55,0.1,4333,181114
2026-07-19T02:33:29Z,0,0,97887,47.54,0.0,4334,181114
2026-07-19T02:33:49Z,0,0,97887,47.54,0.1,4363,181114
2026-07-19T02:34:09Z,0,0,97887,47.53,0.1,4335,181114
2026-07-19T02:34:29Z,0,0,97887,47.54,0.0,4334,181114
2026-07-19T02:34:49Z,0,0,97887,47.53,0.0,4343,181114
2026-07-19T02:35:09Z,0,0,97887,47.53,0.1,4365,181114
2026-07-19T02:35:29Z,0,0,97887,47.54,0.0,4349,181114
2026-07-19T02:35:49Z,0,0,97887,47.53,0.1,4352,181114
2026-07-19T02:36:09Z,0,0,97887,47.51,0.1,4363,181114
2026-07-19T02:36:29Z,0,0,97887,47.54,0.0,4360,181114
2026-07-19T02:36:49Z,0,0,97887,47.53,0.0,4354,181114
2026-07-19T02:37:09Z,0,0,97887,47.54,0.1,4391,181114
2026-07-19T02:37:29Z,0,0,97887,47.54,0.0,4371,181114
2026-07-19T02:37:49Z,0,0,97887,47.50,0.1,4366,181114
2026-07-19T02:38:09Z,0,0,97887,47.55,0.1,4367,181114
2026-07-19T02:38:29Z,0,0,97887,47.54,0.0,4354,181114
2026-07-19T02:38:49Z,0,0,97887,47.52,0.0,4355,181114
2026-07-19T02:39:09Z,0,0,97887,47.53,0.1,4379,181114
2026-07-19T02:39:29Z,0,0,97887,47.54,0.0,4364,181114
2026-07-19T02:39:49Z,0,0,97887,47.51,0.1,4366,181114
2026-07-19T02:40:09Z,0,0,97887,47.54,0.1,4371,181114
2026-07-19T02:40:29Z,0,0,97887,47.53,0.0,4360,181114
2026-07-19T02:40:49Z,0,0,97887,47.51,0.0,4345,181114
2026-07-19T02:41:09Z,0,0,97887,47.50,0.1,4351,181114
2026-07-19T02:41:29Z,0,0,97887,47.52,0.0,4353,181114
2026-07-19T02:41:49Z,0,0,97887,47.55,0.1,4388,181114
2026-07-19T02:42:09Z,0,0,97887,47.54,0.1,4362,181114
2026-07-19T02:42:29Z,0,0,97887,47.52,0.0,4358,181114
2026-07-19T02:42:49Z,0,0,97887,47.54,0.0,4350,181114
2026-07-19T02:43:09Z,0,0,97887,47.54,0.1,4379,181114
2026-07-19T02:43:29Z,0,0,97887,47.54,0.0,4363,181114
2026-07-19T02:43:49Z,0,0,97887,47.53,0.1,4373,181114
2026-07-19T02:44:09Z,0,0,97887,47.54,0.1,4531,181114
2026-07-19T02:44:29Z,0,0,97887,47.53,0.0,4368,181114
2026-07-19T02:44:49Z,0,0,97887,47.52,0.0,4367,181114
2026-07-19T02:45:09Z,0,0,97887,47.52,0.0,4358,181114
2026-07-19T02:45:29Z,0,0,97887,47.53,0.1,4361,181114
2026-07-19T02:45:50Z,0,0,97887,47.53,0.1,4381,181114
2026-07-19T02:46:10Z,0,0,97887,47.55,0.0,4372,181114
2026-07-19T02:46:30Z,0,0,97887,47.54,0.1,4351,181114
2026-07-19T02:46:50Z,0,0,97887,47.55,0.0,4346,181114
2026-07-19T02:47:10Z,0,0,97887,47.52,0.0,4352,181114
2026-07-19T02:47:30Z,0,0,97887,47.53,0.1,4368,181114
2026-07-19T02:47:50Z,0,0,97887,47.52,0.1,4393,181114
2026-07-19T02:48:10Z,0,0,97887,47.53,0.0,4385,181114
2026-07-19T02:48:30Z,0,0,97887,47.52,0.1,4360,181114
2026-07-19T02:48:50Z,0,0,97887,47.53,0.0,4366,181114
2026-07-19T02:49:10Z,0,0,97887,47.54,0.0,4372,181114
2026-07-19T02:49:30Z,0,0,97887,47.52,0.1,4356,181114
2026-07-19T02:49:50Z,0,0,97887,47.53,0.1,4383,181114
2026-07-19T02:50:10Z,0,0,97887,47.53,0.0,4372,181114
2026-07-19T02:50:30Z,0,0,97887,47.54,0.1,4341,181114
2026-07-19T02:50:50Z,0,0,97887,47.53,0.0,4340,181114
2026-07-19T02:51:10Z,0,0,97887,47.53,0.0,4344,181114
2026-07-19T02:51:30Z,0,0,97887,47.53,0.1,4355,181114
2026-07-19T02:51:50Z,0,0,97887,47.53,0.1,4365,181114
2026-07-19T02:52:10Z,0,0,97887,47.53,0.0,4345,181114
2026-07-19T02:52:30Z,0,0,97887,47.55,0.1,4345,181114
2026-07-19T02:52:50Z,0,0,97887,47.55,0.0,4351,181114
2026-07-19T02:53:10Z,0,0,97887,47.55,0.0,4340,181114
2026-07-19T02:53:30Z,0,0,97887,47.53,0.1,4355,181114
2026-07-19T02:53:50Z,0,0,97887,47.53,0.1,4360,181114
2026-07-19T02:54:10Z,0,0,97887,47.53,0.0,4369,181114
2026-07-19T02:54:30Z,0,0,97887,47.53,0.1,4371,181114
2026-07-19T02:54:50Z,0,0,97887,47.53,0.0,4351,181114
2026-07-19T02:55:10Z,0,0,97887,47.50,0.0,4346,181114
2026-07-19T02:55:30Z,0,0,97887,47.53,0.1,4381,181114
2026-07-19T02:55:50Z,0,0,97887,47.55,0.1,4364,181114
2026-07-19T02:56:10Z,0,0,97887,47.53,0.0,4357,181114
2026-07-19T02:56:30Z,0,0,97887,47.55,0.1,4380,181114
2026-07-19T02:56:50Z,0,0,97887,47.54,0.0,4368,181114
2026-07-19T02:57:10Z,0,0,97887,47.53,0.0,4361,181114
2026-07-19T02:57:30Z,0,0,97887,47.51,0.1,4345,181114
2026-07-19T02:57:50Z,0,0,97887,47.55,0.1,4394,181114
2026-07-19T02:58:10Z,0,0,97887,47.53,0.0,4381,181114
2026-07-19T02:58:30Z,0,0,97887,47.54,0.1,4369,181114
2026-07-19T02:58:50Z,0,0,97887,47.53,0.0,4358,181114
2026-07-19T02:59:11Z,0,0,97887,47.53,0.0,4356,181114
2026-07-19T02:59:31Z,0,0,97887,47.52,0.1,4396,181114
2026-07-19T02:59:51Z,0,0,97887,47.51,0.1,4430,181114
2026-07-19T03:00:11Z,0,0,97887,47.54,0.0,4407,181114
2026-07-19T03:00:31Z,0,0,97887,47.52,0.1,4362,181114
2026-07-19T03:00:51Z,0,0,97887,47.56,0.0,4373,181114
2026-07-19T03:01:11Z,0,0,97887,47.52,0.0,4371,181114
2026-07-19T03:01:31Z,0,0,97887,47.52,0.1,4378,181114
2026-07-19T03:01:51Z,0,0,97887,47.54,0.1,4402,181114
2026-07-19T03:02:11Z,0,0,97887,47.54,0.0,4372,181114
2026-07-19T03:02:31Z,0,0,97887,47.53,0.1,4390,181114
2026-07-19T03:02:51Z,0,0,97887,47.55,0.0,4394,181114
2026-07-19T03:03:11Z,0,0,97887,47.54,0.0,4393,181114
2026-07-19T03:03:31Z,0,0,97887,47.56,0.1,4402,181114
2026-07-19T03:03:51Z,0,0,97887,47.54,0.1,4384,181114
2026-07-19T03:04:11Z,0,0,97887,47.55,0.0,4386,181114
2026-07-19T03:04:31Z,0,0,97887,47.52,0.1,4393,181114
2026-07-19T03:04:51Z,0,0,97887,47.52,0.0,4381,181114
2026-07-19T03:05:11Z,0,0,97887,47.53,0.0,4379,181114
2026-07-19T03:05:31Z,0,0,97887,47.52,0.1,4376,181114
2026-07-19T03:05:51Z,0,0,97887,47.51,0.1,4401,181114
2026-07-19T03:06:11Z,0,0,97887,47.53,0.0,4376,181114
2026-07-19T03:06:31Z,0,0,97887,47.53,0.1,4372,181114
2026-07-19T03:06:51Z,0,0,97887,47.53,0.0,4360,181114
2026-07-19T03:07:11Z,0,0,97887,47.52,0.0,4365,181114
2026-07-19T03:07:31Z,0,0,97887,47.51,0.1,4400,181114
2026-07-19T03:07:51Z,0,0,97887,47.51,0.1,4477,181114
2026-07-19T03:08:11Z,0,0,97887,47.49,0.0,4389,181114
2026-07-19T03:08:31Z,0,0,97887,47.52,0.1,4389,181114
2026-07-19T03:08:51Z,0,0,97887,47.52,0.0,4363,181114
2026-07-19T03:09:11Z,0,0,97887,47.53,0.0,4371,181114
2026-07-19T03:09:31Z,0,0,97887,47.49,0.1,4379,181114
2026-07-19T03:09:51Z,0,0,97887,47.51,0.0,4363,181114
2026-07-19T03:10:11Z,0,0,97887,47.53,0.1,4367,181114
2026-07-19T03:10:31Z,0,0,97887,47.54,0.1,4437,181114
2026-07-19T03:10:51Z,0,0,97887,47.53,0.0,4372,181114
2026-07-19T03:11:11Z,0,0,97887,47.55,0.0,4366,181114
2026-07-19T03:11:31Z,0,0,97887,47.50,0.1,4358,181114
2026-07-19T03:11:51Z,0,0,97887,47.52,0.0,4351,181114
2026-07-19T03:12:11Z,0,0,97887,47.49,0.1,4363,181114
2026-07-19T03:12:31Z,0,0,97887,47.51,0.1,4438,181114
2026-07-19T03:12:52Z,0,0,97887,47.54,0.0,4368,181114
2026-07-19T03:13:12Z,0,0,97887,47.53,0.0,4354,181114
2026-07-19T03:13:32Z,0,0,97887,47.49,0.0,4433,181114
2026-07-19T03:13:52Z,0,0,97887,47.51,0.1,4368,181114
2026-07-19T03:14:12Z,0,0,97887,47.51,0.1,4371,181114
2026-07-19T03:14:32Z,0,0,97887,47.52,0.0,4365,181114
2026-07-19T03:14:52Z,0,0,97887,47.49,0.1,4355,181114
2026-07-19T03:15:12Z,0,0,97887,47.49,0.0,4363,181114
2026-07-19T03:15:32Z,0,0,97887,47.51,0.0,4370,181114
2026-07-19T03:15:52Z,0,0,97887,47.50,0.1,4368,181114
2026-07-19T03:16:12Z,0,0,97887,47.52,0.1,4375,181114
2026-07-19T03:16:32Z,0,0,97887,47.52,0.0,4375,181114
2026-07-19T03:16:52Z,0,0,97887,47.50,0.1,4371,181114
2026-07-19T03:17:12Z,0,0,97887,47.53,0.0,4371,181114
2026-07-19T03:17:32Z,0,0,97887,47.50,0.0,4374,181114
2026-07-19T03:17:52Z,0,0,97887,47.52,0.1,4379,181114
2026-07-19T03:18:12Z,0,0,97887,47.50,0.1,4395,181114
2026-07-19T03:18:32Z,0,0,97887,47.51,0.0,4387,181114
2026-07-19T03:18:52Z,0,0,97887,47.51,0.1,4390,181114
2026-07-19T03:19:12Z,0,0,97887,47.53,0.0,4381,181114
2026-07-19T03:19:32Z,0,0,97887,47.54,0.0,4379,181114
2026-07-19T03:19:52Z,0,0,97887,47.53,0.1,4378,181114
2026-07-19T03:20:12Z,0,0,97887,47.50,0.1,4375,181114
2026-07-19T03:20:32Z,0,0,97887,47.51,0.0,4370,181114
2026-07-19T03:20:52Z,0,0,97887,47.53,0.1,4360,181114
2026-07-19T03:21:12Z,0,0,97887,47.53,0.0,4367,181114
2026-07-19T03:21:32Z,0,0,97887,47.50,0.0,4366,181114
2026-07-19T03:21:52Z,0,0,97887,47.52,0.1,4372,181114
2026-07-19T03:22:12Z,0,0,97887,47.49,0.1,4376,181114
2026-07-19T03:22:32Z,0,0,97887,47.51,0.0,4379,181114
2026-07-19T03:22:52Z,0,0,97887,47.50,0.1,4356,181114
2026-07-19T03:23:12Z,0,0,97887,47.53,0.0,4364,181114
2026-07-19T03:23:32Z,0,0,97887,47.50,0.0,4365,181114
2026-07-19T03:23:52Z,0,0,97887,47.50,0.1,4376,181114
2026-07-19T03:24:12Z,0,0,97887,47.48,0.1,4392,181114
2026-07-19T03:24:32Z,0,0,97887,47.48,0.0,4385,181114
2026-07-19T03:24:52Z,0,0,97887,47.51,0.1,4386,181114
2026-07-19T03:25:12Z,0,0,97887,47.51,0.0,4400,181114
2026-07-19T03:25:32Z,0,0,97887,47.51,0.0,4406,181114
2026-07-19T03:25:52Z,0,0,97887,47.50,0.1,4367,181114
2026-07-19T03:26:13Z,0,0,97887,47.52,0.1,4395,181114
2026-07-19T03:26:33Z,0,0,97887,47.51,0.0,4376,181114
2026-07-19T03:26:53Z,0,0,97887,47.52,0.1,4377,181114
2026-07-19T03:27:13Z,0,0,97887,47.54,0.0,4365,181114
2026-07-19T03:27:33Z,0,0,97887,47.53,0.0,4373,181114
2026-07-19T03:27:53Z,0,0,97887,47.56,0.1,4372,181114
2026-07-19T03:28:13Z,0,0,97887,47.54,0.1,4380,181114
2026-07-19T03:28:33Z,0,0,97887,47.52,0.0,4371,181114
2026-07-19T03:28:53Z,0,0,97887,47.55,0.1,4389,181114
2026-07-19T03:29:13Z,0,0,97887,47.53,0.0,4384,181114
2026-07-19T03:29:33Z,0,0,97887,47.54,0.0,4380,181114
2026-07-19T03:29:53Z,0,0,97887,47.53,0.1,4393,181114
2026-07-19T03:30:13Z,0,0,97887,47.55,0.1,4378,181114
2026-07-19T03:30:33Z,0,0,97887,47.54,0.0,4372,181114
2026-07-19T03:30:53Z,0,0,97887,47.53,0.1,4352,181114
2026-07-19T03:31:13Z,0,0,97887,47.54,0.0,4358,181114
2026-07-19T03:31:33Z,0,0,97887,47.52,0.0,4360,181114
2026-07-19T03:31:53Z,0,0,97887,47.53,0.1,4361,181114
2026-07-19T03:32:13Z,0,0,97887,47.53,0.1,4401,181114
2026-07-19T03:32:33Z,0,0,97887,47.54,0.0,4402,181114
2026-07-19T03:32:53Z,0,0,97887,47.54,0.1,4375,181114
2026-07-19T03:33:13Z,0,0,97887,47.54,0.0,4377,181114
2026-07-19T03:33:33Z,0,0,97887,47.53,0.0,4370,181114
2026-07-19T03:33:53Z,0,0,97887,47.55,0.1,4390,181114
2026-07-19T03:34:13Z,0,0,97887,47.54,0.1,4375,181114
2026-07-19T03:34:33Z,0,0,97887,47.52,0.0,4373,181114
2026-07-19T03:34:53Z,0,0,97887,47.53,0.1,4362,181114
2026-07-19T03:35:13Z,0,0,97887,47.55,0.0,4356,181114
2026-07-19T03:35:33Z,0,0,97887,47.54,0.0,4351,181114
2026-07-19T03:35:53Z,0,0,97887,47.53,0.1,4368,181114
2026-07-19T03:36:13Z,0,0,97887,47.49,0.1,4398,181114
2026-07-19T03:36:33Z,0,0,97887,47.52,0.0,4388,181114
2026-07-19T03:36:53Z,0,0,97887,47.52,0.1,4391,181114
2026-07-19T03:37:13Z,0,0,97887,47.54,0.0,4388,181114
2026-07-19T03:37:33Z,0,0,97887,47.50,0.0,4383,181114
2026-07-19T03:37:53Z,0,0,97887,47.53,0.1,4414,181114
2026-07-19T03:38:13Z,0,0,97887,47.54,0.1,4415,181114
2026-07-19T03:38:33Z,0,0,97887,47.53,0.0,4389,181114
2026-07-19T03:38:53Z,0,0,97887,47.51,0.1,4379,181114
2026-07-19T03:39:13Z,0,0,97887,47.51,0.0,4363,181114
2026-07-19T03:39:34Z,0,0,97887,47.52,0.0,4364,181114
2026-07-19T03:39:54Z,0,0,97887,47.52,0.1,4356,181114
2026-07-19T03:40:14Z,0,0,97887,47.49,0.1,4359,181114
2026-07-19T03:40:34Z,0,0,97887,47.51,0.0,4365,181114
2026-07-19T03:40:54Z,0,0,97887,47.52,0.1,4382,181114
2026-07-19T03:41:14Z,0,0,97887,47.51,0.0,4361,181114
2026-07-19T03:41:34Z,0,0,97887,47.52,0.0,4362,181114
2026-07-19T03:41:54Z,0,0,97887,47.51,0.1,4447,181114
2026-07-19T03:42:14Z,0,0,97887,47.52,0.1,4380,181114
2026-07-19T03:42:34Z,0,0,97887,47.54,0.0,4373,181114
2026-07-19T03:42:54Z,0,0,97887,47.52,0.0,4455,181114
2026-07-19T03:43:14Z,0,0,97887,47.53,0.1,4387,181114
2026-07-19T03:43:34Z,0,0,97887,47.52,0.0,4376,181114
2026-07-19T03:43:54Z,0,0,97887,47.52,0.0,4377,181114
2026-07-19T03:44:14Z,0,0,97887,47.53,0.2,4407,181114
2026-07-19T03:44:34Z,0,0,97887,47.52,0.0,4386,181114
2026-07-19T03:44:54Z,0,0,97887,47.50,0.0,4395,181114
2026-07-19T03:45:14Z,0,0,97887,47.53,0.1,4394,181114
2026-07-19T03:45:34Z,0,0,97887,47.50,0.0,4391,181114
2026-07-19T03:45:54Z,0,0,97887,47.54,0.0,4383,181114
2026-07-19T03:46:14Z,0,0,97887,47.51,0.2,4401,181114
2026-07-19T03:46:34Z,0,0,97887,47.51,0.0,4383,181114
2026-07-19T03:46:54Z,0,0,97887,47.50,0.0,4392,181114
2026-07-19T03:47:14Z,0,0,97887,47.53,0.1,4397,181114
2026-07-19T03:47:34Z,0,0,97887,47.54,0.0,4400,181114
2026-07-19T03:47:54Z,0,0,97887,47.53,0.0,4385,181114
2026-07-19T03:48:14Z,0,0,97887,47.52,0.2,4426,181114
2026-07-19T03:48:34Z,0,0,97887,47.51,0.0,4400,181114
2026-07-19T03:48:54Z,0,0,97887,47.51,0.0,4389,181114
2026-07-19T03:49:14Z,0,0,97887,47.52,0.1,4393,181114
2026-07-19T03:49:34Z,0,0,97887,47.53,0.0,4394,181114
2026-07-19T03:49:54Z,0,0,97887,47.49,0.0,4384,181114
2026-07-19T03:50:14Z,0,0,97887,47.50,0.2,4402,181114
2026-07-19T03:50:34Z,0,0,97887,47.45,0.0,4372,181114
2026-07-19T03:50:54Z,0,0,97887,47.49,0.0,4367,181114
2026-07-19T03:51:14Z,0,0,97887,47.54,0.1,4402,181114
2026-07-19T03:51:34Z,0,0,97887,47.54,0.0,4397,181114
2026-07-19T03:51:54Z,0,0,97887,47.53,0.0,4395,181114
2026-07-19T03:52:14Z,0,0,97887,47.52,0.2,4399,181114
2026-07-19T03:52:34Z,0,0,97887,47.51,0.0,4387,181114
2026-07-19T03:52:55Z,0,0,97887,47.51,0.0,4376,181114
2026-07-19T03:53:15Z,0,0,97887,47.53,0.1,4382,181114
2026-07-19T03:53:35Z,0,0,97887,47.55,0.0,4375,181114
2026-07-19T03:53:55Z,0,0,97887,47.53,0.0,4376,181114
2026-07-19T03:54:15Z,0,0,97887,47.53,0.2,4403,181114
2026-07-19T03:54:35Z,0,0,97887,47.51,0.0,4394,181114
2026-07-19T03:54:55Z,0,0,97887,47.54,0.0,4385,181114
2026-07-19T03:55:15Z,0,0,97887,47.50,0.1,4387,181114
2026-07-19T03:55:35Z,0,0,97887,47.52,0.0,4371,181114
2026-07-19T03:55:55Z,0,0,97887,47.53,0.0,4367,181114
2026-07-19T03:56:15Z,0,0,97887,47.51,0.2,4420,181114
2026-07-19T03:56:35Z,0,0,97887,47.49,0.0,4390,181114
2026-07-19T03:56:55Z,0,0,97887,47.47,0.0,4382,181114
2026-07-19T03:57:15Z,0,0,97887,47.51,0.1,4396,181114
2026-07-19T03:57:35Z,0,0,97887,47.53,0.0,4397,181114
2026-07-19T03:57:55Z,0,0,97887,47.50,0.0,4406,181114
2026-07-19T03:58:15Z,0,0,97887,47.55,0.2,4467,181114
2026-07-19T03:58:35Z,0,0,97887,47.54,0.0,4419,181114
2026-07-19T03:58:55Z,0,0,97887,47.53,0.0,4422,181114
2026-07-19T03:59:15Z,0,0,97887,47.50,0.1,4410,181114
2026-07-19T03:59:35Z,0,0,97887,47.55,0.0,4407,181114
2026-07-19T03:59:55Z,0,0,97887,47.52,0.0,4399,181114
2026-07-19T04:00:15Z,0,0,97887,47.53,0.2,4523,181114
2026-07-19T04:00:35Z,0,0,97887,47.49,0.0,4377,181114
2026-07-19T04:00:55Z,0,0,97887,47.54,0.0,4373,181114
2026-07-19T04:01:15Z,0,0,97887,47.52,0.1,4377,181114
2026-07-19T04:01:35Z,0,0,97887,47.54,0.0,4371,181114
2026-07-19T04:01:55Z,0,0,97887,47.55,0.0,4374,181114
2026-07-19T04:02:15Z,0,0,97887,47.52,0.1,4373,181114
2026-07-19T04:02:35Z,0,0,97887,47.52,0.1,4402,181114
2026-07-19T04:02:55Z,0,0,97887,47.54,0.0,4391,181114
2026-07-19T04:03:15Z,0,0,97887,47.54,0.1,4419,181114
2026-07-19T04:03:35Z,0,0,97887,47.54,0.0,4394,181114
2026-07-19T04:03:55Z,0,0,97887,47.54,0.0,4388,181114
2026-07-19T04:04:15Z,0,0,97887,47.53,0.1,4436,181114
2026-07-19T04:04:35Z,0,0,97887,47.54,0.1,4408,181114
2026-07-19T04:04:55Z,0,0,97887,47.52,0.0,4396,181114
2026-07-19T04:05:15Z,0,0,97887,47.51,0.1,4415,181114
2026-07-19T04:05:35Z,0,0,97887,47.53,0.0,4388,181114
2026-07-19T04:05:55Z,0,0,97887,47.51,0.0,4386,181114
2026-07-19T04:06:16Z,0,0,97887,47.56,0.1,4414,181114
2026-07-19T04:06:36Z,0,0,97887,47.56,0.1,4397,181114
2026-07-19T04:06:56Z,0,0,97887,47.54,0.0,4393,181114
2026-07-19T04:07:16Z,0,0,97887,47.55,0.1,4391,181114
2026-07-19T04:07:36Z,0,0,97887,47.50,0.0,4405,181114
2026-07-19T04:07:56Z,0,0,97887,47.50,0.0,4386,181114
2026-07-19T04:08:16Z,0,0,97887,48.32,0.1,4438,181114
2026-07-19T04:08:36Z,0,0,97887,47.53,0.1,4406,181114
2026-07-19T04:08:56Z,0,0,97887,47.53,0.0,4395,181114
2026-07-19T04:09:16Z,0,0,97887,47.50,0.1,4397,181114
2026-07-19T04:09:36Z,0,0,97887,47.52,0.0,4394,181114
2026-07-19T04:09:56Z,0,0,97887,47.55,0.0,4395,181114
2026-07-19T04:10:16Z,0,0,97887,47.54,0.1,4481,181114
2026-07-19T04:10:36Z,0,0,97887,47.53,0.1,4403,181114
2026-07-19T04:10:56Z,0,0,97887,47.53,0.0,4392,181114
2026-07-19T04:11:16Z,0,0,97887,47.54,0.0,4413,181114
2026-07-19T04:11:36Z,0,0,97887,47.51,0.1,4356,181114
2026-07-19T04:11:56Z,0,0,97887,47.56,0.0,4353,181114
2026-07-19T04:12:16Z,0,0,97887,47.56,0.0,4360,181114
2026-07-19T04:12:36Z,0,0,97887,47.51,0.2,4404,181114
2026-07-19T04:12:56Z,0,0,97887,47.55,0.0,4393,181114
2026-07-19T04:13:16Z,0,0,97887,47.53,0.0,4391,181114
2026-07-19T04:13:36Z,0,0,97887,47.53,0.1,4386,181114
2026-07-19T04:13:56Z,0,0,97887,47.54,0.0,4386,181114
2026-07-19T04:14:16Z,0,0,97887,47.52,0.0,4382,181114
2026-07-19T04:14:36Z,0,0,97887,47.53,0.2,4390,181114
2026-07-19T04:14:56Z,0,0,97887,47.53,0.0,4375,181114
2026-07-19T04:15:16Z,0,0,97887,47.52,0.0,4378,181114
2026-07-19T04:15:36Z,0,0,97887,47.54,0.1,4391,181114
2026-07-19T04:15:56Z,0,0,97887,47.54,0.0,4390,181114
2026-07-19T04:16:16Z,0,0,97887,47.51,0.0,4388,181114
2026-07-19T04:16:36Z,0,0,97887,47.56,0.2,4463,181114
2026-07-19T04:16:56Z,0,0,97887,47.56,0.0,4444,181114
2026-07-19T04:17:16Z,0,0,97887,47.50,0.0,4415,181114
2026-07-19T04:17:36Z,0,0,97887,47.53,0.1,4416,181114
2026-07-19T04:17:56Z,0,0,97887,47.54,0.0,4408,181114
2026-07-19T04:18:16Z,0,0,97887,47.55,0.0,4401,181114
2026-07-19T04:18:36Z,0,0,97887,47.55,0.2,4396,181114
2026-07-19T04:18:56Z,0,0,97887,47.52,0.0,4386,181114
2026-07-19T04:19:16Z,0,0,97887,47.53,0.0,4389,181114
2026-07-19T04:19:37Z,0,0,97887,47.53,0.1,4396,181114
2026-07-19T04:19:57Z,0,0,97887,47.56,0.0,4398,181114
2026-07-19T04:20:17Z,0,0,97887,47.56,0.0,4387,181114
2026-07-19T04:20:37Z,0,0,97887,47.50,0.2,4414,181114
2026-07-19T04:20:57Z,0,0,97887,47.54,0.0,4392,181114
2026-07-19T04:21:17Z,0,0,97887,47.55,0.0,4396,181114
2026-07-19T04:21:37Z,0,0,97887,47.52,0.1,4406,181114
2026-07-19T04:21:57Z,0,0,97887,47.55,0.0,4399,181114
2026-07-19T04:22:17Z,0,0,97887,47.51,0.0,4397,181114
2026-07-19T04:22:37Z,0,0,97887,47.53,0.2,4404,181114
2026-07-19T04:22:57Z,0,0,97887,47.54,0.0,4395,181114
2026-07-19T04:23:17Z,0,0,97887,47.55,0.0,4400,181114
2026-07-19T04:23:37Z,0,0,97887,47.55,0.1,4403,181114
2026-07-19T04:23:57Z,0,0,97887,47.56,0.0,4385,181114
2026-07-19T04:24:17Z,0,0,97887,47.50,0.0,4386,181114
2026-07-19T04:24:37Z,0,0,97887,47.52,0.2,4396,181114
2026-07-19T04:24:57Z,0,0,97887,47.51,0.0,4379,181114
2026-07-19T04:25:17Z,0,0,97887,47.53,0.0,4374,181114
2026-07-19T04:25:37Z,0,0,97887,47.54,0.1,4374,181114
2026-07-19T04:25:57Z,0,0,97887,47.52,0.0,4374,181114
2026-07-19T04:26:17Z,0,0,97887,47.53,0.0,4366,181114
2026-07-19T04:26:37Z,0,0,97887,47.53,0.2,4419,181114
2026-07-19T04:26:57Z,0,0,97887,47.53,0.0,4409,181114
2026-07-19T04:27:17Z,0,0,97887,47.51,0.0,4401,181114
2026-07-19T04:27:37Z,0,0,97887,47.52,0.1,4388,181114
2026-07-19T04:27:57Z,0,0,97887,47.53,0.0,4377,181114
2026-07-19T04:28:17Z,0,0,97887,47.54,0.0,4365,181114
2026-07-19T04:28:37Z,0,0,97887,47.48,0.2,4396,181114
2026-07-19T04:28:57Z,0,0,97887,47.48,0.0,4387,181114
2026-07-19T04:29:17Z,0,0,97887,47.53,0.0,4381,181114
2026-07-19T04:29:37Z,0,0,97887,47.52,0.1,4391,181114
2026-07-19T04:29:57Z,0,0,97887,47.53,0.0,4382,181114
2026-07-19T04:30:17Z,0,0,97887,47.55,0.0,4386,181114
2026-07-19T04:30:37Z,0,0,97887,47.56,0.2,4404,181114
2026-07-19T04:30:57Z,0,0,97887,47.55,0.0,4387,181114
2026-07-19T04:31:17Z,0,0,97887,47.52,0.0,4384,181114
2026-07-19T04:31:37Z,0,0,97887,47.54,0.1,4416,181114
2026-07-19T04:31:57Z,0,0,97887,47.50,0.0,4383,181114
2026-07-19T04:32:17Z,0,0,97887,47.51,0.0,4371,181114
2026-07-19T04:32:37Z,0,0,97887,47.53,0.2,4447,181114
2026-07-19T04:32:58Z,0,0,97887,47.56,0.0,4404,181114
2026-07-19T04:33:18Z,0,0,97887,47.54,0.0,4388,181114
2026-07-19T04:33:38Z,0,0,97887,47.53,0.1,4408,181114
2026-07-19T04:33:58Z,0,0,97887,47.51,0.0,4376,181114
2026-07-19T04:34:18Z,0,0,97887,47.49,0.0,4370,181114
2026-07-19T04:34:38Z,0,0,97887,47.54,0.2,4425,181114
2026-07-19T04:34:58Z,0,0,97887,47.52,0.0,4399,181114
2026-07-19T04:35:18Z,0,0,97887,47.48,0.0,4386,181114
2026-07-19T04:35:38Z,0,0,97887,47.51,0.1,4404,181114
2026-07-19T04:35:58Z,0,0,97887,47.53,0.0,4372,181114
2026-07-19T04:36:18Z,0,0,97887,47.51,0.0,4376,181114
2026-07-19T04:36:38Z,0,0,97887,47.53,0.2,4414,181114
2026-07-19T04:36:58Z,0,0,97887,47.50,0.0,4384,181114
2026-07-19T04:37:18Z,0,0,97887,47.45,0.0,4380,181114
2026-07-19T04:37:38Z,0,0,97887,47.53,0.1,4370,181114
2026-07-19T04:37:58Z,0,0,97887,47.53,0.0,4376,181114
2026-07-19T04:38:18Z,0,0,97887,47.54,0.0,4376,181114
2026-07-19T04:38:38Z,0,0,97887,47.53,0.2,4446,181114
2026-07-19T04:38:58Z,0,0,97887,47.52,0.0,4382,181114
2026-07-19T04:39:18Z,0,0,97887,47.53,0.0,4387,181114
2026-07-19T04:39:38Z,0,0,97887,47.54,0.1,4520,181114
2026-07-19T04:39:58Z,0,0,97887,47.51,0.0,4379,181114
2026-07-19T04:40:18Z,0,0,97887,47.53,0.0,4388,181114
2026-07-19T04:40:38Z,0,0,97887,47.53,0.1,4416,181114
2026-07-19T04:40:58Z,0,0,97887,47.54,0.1,4382,181114
2026-07-19T04:41:18Z,0,0,97887,47.54,0.0,4382,181114
2026-07-19T04:41:38Z,0,0,97887,47.55,0.0,4390,181114
2026-07-19T04:41:58Z,0,0,97887,47.54,0.1,4381,181114
2026-07-19T04:42:18Z,0,0,97887,47.54,0.0,4376,181114
2026-07-19T04:42:38Z,0,0,97887,47.53,0.1,4401,181114
2026-07-19T04:42:58Z,0,0,97887,47.53,0.1,4426,181114
2026-07-19T04:43:18Z,0,0,97887,47.53,0.0,4416,181114
2026-07-19T04:43:38Z,0,0,97887,47.49,0.0,4423,181114
2026-07-19T04:43:58Z,0,0,97887,47.53,0.1,4408,181114
2026-07-19T04:44:18Z,0,0,97887,47.55,0.0,4405,181114
2026-07-19T04:44:38Z,0,0,97887,47.53,0.1,4406,181114
2026-07-19T04:44:58Z,0,0,97887,47.54,0.1,4386,181114
2026-07-19T04:45:18Z,0,0,97887,47.48,0.0,4376,181114
2026-07-19T04:45:38Z,0,0,97887,47.45,0.0,4386,181114
2026-07-19T04:45:58Z,0,0,97887,47.50,0.1,4388,181114
2026-07-19T04:46:19Z,0,0,97887,47.51,0.0,4386,181114
2026-07-19T04:46:39Z,0,0,97887,47.50,0.1,4392,181114
2026-07-19T04:46:59Z,0,0,97887,47.52,0.1,4384,181114
2026-07-19T04:47:19Z,0,0,97887,47.52,0.0,4384,181114
2026-07-19T04:47:39Z,0,0,97887,47.52,0.0,4375,181114
2026-07-19T04:47:59Z,0,0,97887,47.53,0.1,4383,181114
2026-07-19T04:48:19Z,0,0,97887,47.53,0.0,4374,181114
2026-07-19T04:48:39Z,0,0,97887,47.49,0.1,4398,181114
2026-07-19T04:48:59Z,0,0,97887,47.49,0.1,4400,181114
2026-07-19T04:49:19Z,0,0,97887,47.51,0.0,4372,181114
2026-07-19T04:49:39Z,0,0,97887,47.53,0.0,4371,181114
2026-07-19T04:49:59Z,0,0,97887,47.52,0.1,4402,181114
2026-07-19T04:50:19Z,0,0,97887,47.49,0.0,4396,181114
2026-07-19T04:50:39Z,0,0,97887,47.53,0.1,4402,181114
2026-07-19T04:50:59Z,0,0,97887,47.50,0.1,4379,181114
2026-07-19T04:51:19Z,0,0,97887,47.48,0.0,4371,181114
2026-07-19T04:51:39Z,0,0,97887,47.45,0.0,4367,181114
2026-07-19T04:51:59Z,0,0,97887,47.44,0.1,4402,181114
2026-07-19T04:52:19Z,0,0,97887,47.51,0.0,4390,181114
2026-07-19T04:52:39Z,0,0,97887,47.48,0.1,4495,181114
2026-07-19T04:52:59Z,0,0,97887,47.50,0.1,4439,181114
2026-07-19T04:53:19Z,0,0,97887,47.50,0.0,4403,181114
2026-07-19T04:53:39Z,0,0,97887,47.52,0.0,4390,181114
2026-07-19T04:53:59Z,0,0,97887,47.53,0.1,4398,181114
2026-07-19T04:54:19Z,0,0,97887,47.54,0.0,4372,181114
2026-07-19T04:54:39Z,0,0,97887,47.53,0.0,4380,181114
2026-07-19T04:54:59Z,0,0,97887,47.49,0.2,4404,181114
2026-07-19T04:55:19Z,0,0,97887,47.51,0.0,4390,181114
2026-07-19T04:55:39Z,0,0,97887,47.48,0.0,4384,181114
2026-07-19T04:55:59Z,0,0,97887,47.43,0.1,4388,181114
2026-07-19T04:56:19Z,0,0,97887,47.54,0.0,4385,181114
2026-07-19T04:56:39Z,0,0,97887,47.52,0.0,4382,181114
2026-07-19T04:56:59Z,0,0,97887,47.47,0.2,4395,181114
2026-07-19T04:57:19Z,0,0,97887,47.51,0.0,4385,181114
2026-07-19T04:57:39Z,0,0,97887,47.52,0.0,4381,181114
2026-07-19T04:57:59Z,0,0,97887,47.55,0.1,4384,181114
2026-07-19T04:58:19Z,0,0,97887,47.54,0.0,4385,181114
2026-07-19T04:58:39Z,0,0,97887,47.50,0.0,4367,181114
2026-07-19T04:58:59Z,0,0,97887,47.49,0.2,4404,181114
2026-07-19T04:59:19Z,0,0,97887,47.50,0.0,4389,181114
2026-07-19T04:59:40Z,0,0,97887,47.47,0.0,4387,181114
2026-07-19T05:00:00Z,0,0,97887,47.46,0.1,4366,181114
2026-07-19T05:00:20Z,0,0,97887,47.49,0.0,4367,181114
2026-07-19T05:00:40Z,0,0,97887,47.49,0.0,4363,181114
2026-07-19T05:01:00Z,0,0,97887,47.45,0.2,4368,181114
2026-07-19T05:01:20Z,0,0,97887,47.54,0.0,4380,181114
2026-07-19T05:01:40Z,0,0,97887,47.51,0.0,4388,181114
2026-07-19T05:02:00Z,0,0,97887,47.49,0.1,4424,181114
2026-07-19T05:02:20Z,0,0,97887,47.46,0.0,4406,181114
2026-07-19T05:02:40Z,0,0,97887,47.47,0.0,4393,181114
2026-07-19T05:03:00Z,0,0,97887,47.51,0.2,4413,181114
2026-07-19T05:03:20Z,0,0,97887,47.52,0.0,4404,181114
2026-07-19T05:03:40Z,0,0,97887,47.51,0.0,4396,181114
2026-07-19T05:04:00Z,0,0,97887,47.44,0.1,4401,181114
2026-07-19T05:04:20Z,0,0,97887,47.53,0.0,4383,181114
2026-07-19T05:04:40Z,0,0,97887,47.54,0.0,4390,181114
2026-07-19T05:05:00Z,0,0,97887,47.52,0.2,4431,181114
2026-07-19T05:05:20Z,0,0,97887,47.53,0.0,4407,181114
2026-07-19T05:05:40Z,0,0,97887,47.51,0.0,4393,181114
2026-07-19T05:06:00Z,0,0,97887,47.49,0.1,4406,181114
2026-07-19T05:06:20Z,0,0,97887,47.43,0.0,4400,181114
2026-07-19T05:06:40Z,0,0,97887,47.51,0.0,4399,181114
2026-07-19T05:07:00Z,0,0,97887,47.47,0.2,4432,181114
2026-07-19T05:07:20Z,0,0,97887,47.48,0.0,4393,181114
2026-07-19T05:07:40Z,0,0,97887,47.46,0.0,4398,181114
